{"$message_type":"diagnostic","message":"unsupported type","code":null,"level":"error","spans":[{"file_name":"contracts/proof_verifier/src/lib.rs","byte_start":187,"byte_end":195,"line_start":9,"line_end":9,"column_start":12,"column_end":20,"is_primary":true,"text":[{"text":"    pub a: [u8; 64],  // G1 point","highlight_start":12,"highlight_end":20}],"label":null,"suggested_replacement":null,"suggestion_applicability":null,"expansion":null}],"children":[],"rendered":"\u001b[1m\u001b[91merror\u001b[0m\u001b[1m: unsupported type\u001b[0m\n \u001b[1m\u001b[94m--> \u001b[0mcontracts/proof_verifier/src/lib.rs:9:12\n  \u001b[1m\u001b[94m|\u001b[0m\n\u001b[1m\u001b[94m9\u001b[0m \u001b[1m\u001b[94m|\u001b[0m     pub a: [u8; 64],  // G1 point\n  \u001b[1m\u001b[94m|\u001b[0m            \u001b[1m\u001b[91m^^^^^^^^\u001b[0m\n\n"}
{"$message_type":"diagnostic","message":"unsupported type","code":null,"level":"error","spans":[{"file_name":"contracts/proof_verifier/src/lib.rs","byte_start":221,"byte_end":230,"line_start":10,"line_end":10,"column_start":12,"column_end":21,"is_primary":true,"text":[{"text":"    pub b: [u8; 128], // G2 point","highlight_start":12,"highlight_end":21}],"label":null,"suggested_replacement":null,"suggestion_applicability":null,"expansion":null}],"children":[],"rendered":"\u001b[1m\u001b[91merror\u001b[0m\u001b[1m: unsupported type\u001b[0m\n  \u001b[1m\u001b[94m--> \u001b[0mcontracts/proof_verifier/src/lib.rs:10:12\n   \u001b[1m\u001b[94m|\u001b[0m\n\u001b[1m\u001b[94m10\u001b[0m \u001b[1m\u001b[94m|\u001b[0m     pub b: [u8; 128], // G2 point\n   \u001b[1m\u001b[94m|\u001b[0m            \u001b[1m\u001b[91m^^^^^^^^^\u001b[0m\n\n"}
{"$message_type":"diagnostic","message":"unsupported type","code":null,"level":"error","spans":[{"file_name":"contracts/proof_verifier/src/lib.rs","byte_start":255,"byte_end":263,"line_start":11,"line_end":11,"column_start":12,"column_end":20,"is_primary":true,"text":[{"text":"    pub c: [u8; 64],  // G1 point","highlight_start":12,"highlight_end":20}],"label":null,"suggested_replacement":null,"suggestion_applicability":null,"expansion":null}],"children":[],"rendered":"\u001b[1m\u001b[91merror\u001b[0m\u001b[1m: unsupported type\u001b[0m\n  \u001b[1m\u001b[94m--> \u001b[0mcontracts/proof_verifier/src/lib.rs:11:12\n   \u001b[1m\u001b[94m|\u001b[0m\n\u001b[1m\u001b[94m11\u001b[0m \u001b[1m\u001b[94m|\u001b[0m     pub c: [u8; 64],  // G1 point\n   \u001b[1m\u001b[94m|\u001b[0m            \u001b[1m\u001b[91m^^^^^^^^\u001b[0m\n\n"}
{"$message_type":"diagnostic","message":"unsupported type","code":null,"level":"error","spans":[{"file_name":"contracts/proof_verifier/src/lib.rs","byte_start":410,"byte_end":418,"line_start":18,"line_end":18,"column_start":16,"column_end":24,"is_primary":true,"text":[{"text":"    pub alpha: [u8; 64],","highlight_start":16,"highlight_end":24}],"label":null,"suggested_replacement":null,"suggestion_applicability":null,"expansion":null}],"children":[],"rendered":"\u001b[1m\u001b[91merror\u001b[0m\u001b[1m: unsupported type\u001b[0m\n  \u001b[1m\u001b[94m--> \u001b[0mcontracts/proof_verifier/src/lib.rs:18:16\n   \u001b[1m\u001b[94m|\u001b[0m\n\u001b[1m\u001b[94m18\u001b[0m \u001b[1m\u001b[94m|\u001b[0m     pub alpha: [u8; 64],\n   \u001b[1m\u001b[94m|\u001b[0m                \u001b[1m\u001b[91m^^^^^^^^\u001b[0m\n\n"}
{"$message_type":"diagnostic","message":"unsupported type","code":null,"level":"error","spans":[{"file_name":"contracts/proof_verifier/src/lib.rs","byte_start":434,"byte_end":443,"line_start":19,"line_end":19,"column_start":15,"column_end":24,"is_primary":true,"text":[{"text":"    pub beta: [u8; 128],","highlight_start":15,"highlight_end":24}],"label":null,"suggested_replacement":null,"suggestion_applicability":null,"expansion":null}],"children":[],"rendered":"\u001b[1m\u001b[91merror\u001b[0m\u001b[1m: unsupported type\u001b[0m\n  \u001b[1m\u001b[94m--> \u001b[0mcontracts/proof_verifier/src/lib.rs:19:15\n   \u001b[1m\u001b[94m|\u001b[0m\n\u001b[1m\u001b[94m19\u001b[0m \u001b[1m\u001b[94m|\u001b[0m     pub beta: [u8; 128],\n   \u001b[1m\u001b[94m|\u001b[0m               \u001b[1m\u001b[91m^^^^^^^^^\u001b[0m\n\n"}
{"$message_type":"diagnostic","message":"unsupported type","code":null,"level":"error","spans":[{"file_name":"contracts/proof_verifier/src/lib.rs","byte_start":486,"byte_end":495,"line_start":21,"line_end":21,"column_start":16,"column_end":25,"is_primary":true,"text":[{"text":"    pub delta: [u8; 128],","highlight_start":16,"highlight_end":25}],"label":null,"suggested_replacement":null,"suggestion_applicability":null,"expansion":null}],"children":[],"rendered":"\u001b[1m\u001b[91merror\u001b[0m\u001b[1m: unsupported type\u001b[0m\n  \u001b[1m\u001b[94m--> \u001b[0mcontracts/proof_verifier/src/lib.rs:21:16\n   \u001b[1m\u001b[94m|\u001b[0m\n\u001b[1m\u001b[94m21\u001b[0m \u001b[1m\u001b[94m|\u001b[0m     pub delta: [u8; 128],\n   \u001b[1m\u001b[94m|\u001b[0m                \u001b[1m\u001b[91m^^^^^^^^^\u001b[0m\n\n"}
{"$message_type":"diagnostic","message":"unsupported type","code":null,"level":"error","spans":[{"file_name":"contracts/proof_verifier/src/lib.rs","byte_start":460,"byte_end":469,"line_start":20,"line_end":20,"column_start":16,"column_end":25,"is_primary":true,"text":[{"text":"    pub gamma: [u8; 128],","highlight_start":16,"highlight_end":25}],"label":null,"suggested_replacement":null,"suggestion_applicability":null,"expansion":null}],"children":[],"rendered":"\u001b[1m\u001b[91merror\u001b[0m\u001b[1m: unsupported type\u001b[0m\n  \u001b[1m\u001b[94m--> \u001b[0mcontracts/proof_verifier/src/lib.rs:20:16\n   \u001b[1m\u001b[94m|\u001b[0m\n\u001b[1m\u001b[94m20\u001b[0m \u001b[1m\u001b[94m|\u001b[0m     pub gamma: [u8; 128],\n   \u001b[1m\u001b[94m|\u001b[0m                \u001b[1m\u001b[91m^^^^^^^^^\u001b[0m\n\n"}
{"$message_type":"diagnostic","message":"unsupported type","code":null,"level":"error","spans":[{"file_name":"contracts/proof_verifier/src/lib.rs","byte_start":509,"byte_end":522,"line_start":22,"line_end":22,"column_start":13,"column_end":26,"is_primary":true,"text":[{"text":"    pub ic: [[u8; 64]; 4], // Input commitments","highlight_start":13,"highlight_end":26}],"label":null,"suggested_replacement":null,"suggestion_applicability":null,"expansion":null}],"children":[],"rendered":"\u001b[1m\u001b[91merror\u001b[0m\u001b[1m: unsupported type\u001b[0m\n  \u001b[1m\u001b[94m--> \u001b[0mcontracts/proof_verifier/src/lib.rs:22:13\n   \u001b[1m\u001b[94m|\u001b[0m\n\u001b[1m\u001b[94m22\u001b[0m \u001b[1m\u001b[94m|\u001b[0m     pub ic: [[u8; 64]; 4], // Input commitments\n   \u001b[1m\u001b[94m|\u001b[0m             \u001b[1m\u001b[91m^^^^^^^^^^^^^\u001b[0m\n\n"}
{"$message_type":"diagnostic","message":"unsupported type","code":null,"level":"error","spans":[{"file_name":"contracts/proof_verifier/src/lib.rs","byte_start":1398,"byte_end":1406,"line_start":54,"line_end":54,"column_start":28,"column_end":36,"is_primary":true,"text":[{"text":"        salary_commitment: [u8; 32],","highlight_start":28,"highlight_end":36}],"label":null,"suggested_replacement":null,"suggestion_applicability":null,"expansion":null}],"children":[],"rendered":"\u001b[1m\u001b[91merror\u001b[0m\u001b[1m: unsupported type\u001b[0m\n  \u001b[1m\u001b[94m--> \u001b[0mcontracts/proof_verifier/src/lib.rs:54:28\n   \u001b[1m\u001b[94m|\u001b[0m\n\u001b[1m\u001b[94m54\u001b[0m \u001b[1m\u001b[94m|\u001b[0m         salary_commitment: [u8; 32],\n   \u001b[1m\u001b[94m|\u001b[0m                            \u001b[1m\u001b[91m^^^^^^^^\u001b[0m\n\n"}
{"$message_type":"diagnostic","message":"unsupported type","code":null,"level":"error","spans":[{"file_name":"contracts/proof_verifier/src/lib.rs","byte_start":1435,"byte_end":1443,"line_start":55,"line_end":55,"column_start":28,"column_end":36,"is_primary":true,"text":[{"text":"        payment_nullifier: [u8; 32],","highlight_start":28,"highlight_end":36}],"label":null,"suggested_replacement":null,"suggestion_applicability":null,"expansion":null}],"children":[],"rendered":"\u001b[1m\u001b[91merror\u001b[0m\u001b[1m: unsupported type\u001b[0m\n  \u001b[1m\u001b[94m--> \u001b[0mcontracts/proof_verifier/src/lib.rs:55:28\n   \u001b[1m\u001b[94m|\u001b[0m\n\u001b[1m\u001b[94m55\u001b[0m \u001b[1m\u001b[94m|\u001b[0m         payment_nullifier: [u8; 32],\n   \u001b[1m\u001b[94m|\u001b[0m                            \u001b[1m\u001b[91m^^^^^^^^\u001b[0m\n\n"}
{"$message_type":"diagnostic","message":"unsupported type","code":null,"level":"error","spans":[{"file_name":"contracts/proof_verifier/src/lib.rs","byte_start":1469,"byte_end":1477,"line_start":56,"line_end":56,"column_start":25,"column_end":33,"is_primary":true,"text":[{"text":"        recipient_hash: [u8; 32],","highlight_start":25,"highlight_end":33}],"label":null,"suggested_replacement":null,"suggestion_applicability":null,"expansion":null}],"children":[],"rendered":"\u001b[1m\u001b[91merror\u001b[0m\u001b[1m: unsupported type\u001b[0m\n  \u001b[1m\u001b[94m--> \u001b[0mcontracts/proof_verifier/src/lib.rs:56:25\n   \u001b[1m\u001b[94m|\u001b[0m\n\u001b[1m\u001b[94m56\u001b[0m \u001b[1m\u001b[94m|\u001b[0m         recipient_hash: [u8; 32],\n   \u001b[1m\u001b[94m|\u001b[0m                         \u001b[1m\u001b[91m^^^^^^^^\u001b[0m\n\n"}
{"$message_type":"diagnostic","message":"unused import: `Bytes`","code":{"code":"unused_imports","explanation":null},"level":"warning","spans":[{"file_name":"contracts/proof_verifier/src/lib.rs","byte_start":68,"byte_end":73,"line_start":3,"line_end":3,"column_start":57,"column_end":62,"is_primary":true,"text":[{"text":"use soroban_sdk::{contract, contractimpl, contracttype, Bytes, Env};","highlight_start":57,"highlight_end":62}],"label":null,"suggested_replacement":null,"suggestion_applicability":null,"expansion":null}],"children":[{"message":"`#[warn(unused_imports)]` (part of `#[warn(unused)]`) on by default","code":null,"level":"note","spans":[],"children":[],"rendered":null},{"message":"remove the unused import","code":null,"level":"help","spans":[{"file_name":"contracts/proof_verifier/src/lib.rs","byte_start":66,"byte_end":73,"line_start":3,"line_end":3,"column_start":55,"column_end":62,"is_primary":true,"text":[{"text":"use soroban_sdk::{contract, contractimpl, contracttype, Bytes, Env};","highlight_start":55,"highlight_end":62}],"label":null,"suggested_replacement":"","suggestion_applicability":"MachineApplicable","expansion":null}],"children":[],"rendered":null}],"rendered":"\u001b[1m\u001b[33mwarning\u001b[0m\u001b[1m: unused import: `Bytes`\u001b[0m\n \u001b[1m\u001b[94m--> \u001b[0mcontracts/proof_verifier/src/lib.rs:3:57\n  \u001b[1m\u001b[94m|\u001b[0m\n\u001b[1m\u001b[94m3\u001b[0m \u001b[1m\u001b[94m|\u001b[0m use soroban_sdk::{contract, contractimpl, contracttype, Bytes, Env};\n  \u001b[1m\u001b[94m|\u001b[0m                                                         \u001b[1m\u001b[33m^^^^^\u001b[0m\n  \u001b[1m\u001b[94m|\u001b[0m\n  \u001b[1m\u001b[94m= \u001b[0m\u001b[1mnote\u001b[0m: `#[warn(unused_imports)]` (part of `#[warn(unused)]`) on by default\n\n"}
{"$message_type":"diagnostic","message":"the trait bound `soroban_sdk::Val: TryFromVal<Env, VerificationKey>` is not satisfied","code":{"code":"E0277","explanation":"You tried to use a type which doesn't implement some trait in a place which\nexpected that trait.\n\nErroneous code example:\n\n```compile_fail,E0277\n// here we declare the Foo trait with a bar method\ntrait Foo {\n    fn bar(&self);\n}\n\n// we now declare a function which takes an object implementing the Foo trait\nfn some_func<T: Foo>(foo: T) {\n    foo.bar();\n}\n\nfn main() {\n    // we now call the method with the i32 type, which doesn't implement\n    // the Foo trait\n    some_func(5i32); // error: the trait bound `i32 : Foo` is not satisfied\n}\n```\n\nIn order to fix this error, verify that the type you're using does implement\nthe trait. Example:\n\n```\ntrait Foo {\n    fn bar(&self);\n}\n\n// we implement the trait on the i32 type\nimpl Foo for i32 {\n    fn bar(&self) {}\n}\n\nfn some_func<T: Foo>(foo: T) {\n    foo.bar(); // we can now use this method since i32 implements the\n               // Foo trait\n}\n\nfn main() {\n    some_func(5i32); // ok!\n}\n```\n\nOr in a generic context, an erroneous code example would look like:\n\n```compile_fail,E0277\nfn some_func<T>(foo: T) {\n    println!(\"{:?}\", foo); // error: the trait `core::fmt::Debug` is not\n                           //        implemented for the type `T`\n}\n\nfn main() {\n    // We now call the method with the i32 type,\n    // which *does* implement the Debug trait.\n    some_func(5i32);\n}\n```\n\nNote that the error here is in the definition of the generic function. Although\nwe only call it with a parameter that does implement `Debug`, the compiler\nstill rejects the function. It must work with all possible input types. In\norder to make this example compile, we need to restrict the generic type we're\naccepting:\n\n```\nuse std::fmt;\n\n// Restrict the input type to types that implement Debug.\nfn some_func<T: fmt::Debug>(foo: T) {\n    println!(\"{:?}\", foo);\n}\n\nfn main() {\n    // Calling the method is still fine, as i32 implements Debug.\n    some_func(5i32);\n\n    // This would fail to compile now:\n    // struct WithoutDebug;\n    // some_func(WithoutDebug);\n}\n```\n\nRust only looks at the signature of the called function, as such it must\nalready specify all requirements that will be used for every type parameter.\n"},"level":"error","spans":[{"file_name":"contracts/proof_verifier/src/lib.rs","byte_start":1003,"byte_end":1006,"line_start":42,"line_end":42,"column_start":46,"column_end":49,"is_primary":true,"text":[{"text":"        env.storage().persistent().set(&key, &vk);","highlight_start":46,"highlight_end":49}],"label":"the trait `TryFromVal<Env, VerificationKey>` is not implemented for `soroban_sdk::Val`","suggested_replacement":null,"suggestion_applicability":null,"expansion":null},{"file_name":"contracts/proof_verifier/src/lib.rs","byte_start":993,"byte_end":996,"line_start":42,"line_end":42,"column_start":36,"column_end":39,"is_primary":false,"text":[{"text":"        env.storage().persistent().set(&key, &vk);","highlight_start":36,"highlight_end":39}],"label":"required by a bound introduced by this call","suggested_replacement":null,"suggestion_applicability":null,"expansion":null}],"children":[{"message":"the following other types implement trait `TryFromVal<E, V>`:\n  `soroban_sdk::Val` implements `TryFromVal<E, &[u8]>`\n  `soroban_sdk::Val` implements `TryFromVal<E, &str>`\n  `soroban_sdk::Val` implements `TryFromVal<E, ()>`\n  `soroban_sdk::Val` implements `TryFromVal<E, (T0, T1)>`\n  `soroban_sdk::Val` implements `TryFromVal<E, (T0, T1, T2)>`\n  `soroban_sdk::Val` implements `TryFromVal<E, (T0, T1, T2, T3)>`\n  `soroban_sdk::Val` implements `TryFromVal<E, (T0, T1, T2, T3, T4)>`\n  `soroban_sdk::Val` implements `TryFromVal<E, (T0, T1, T2, T3, T4, T5)>`\nand 110 others","code":null,"level":"help","spans":[],"children":[],"rendered":null},{"message":"required for `soroban_sdk::Val` to implement `FromVal<Env, VerificationKey>`","code":null,"level":"note","spans":[],"children":[],"rendered":null},{"message":"required for `VerificationKey` to implement `IntoVal<Env, soroban_sdk::Val>`","code":null,"level":"note","spans":[],"children":[],"rendered":null},{"message":"required by a bound in `soroban_sdk::storage::Persistent::set`","code":null,"level":"note","spans":[{"file_name":"/Users/romeoscript/.cargo/registry/src/index.crates.io-1949cf8c6b5b557f/soroban-sdk-21.7.7/src/storage.rs","byte_start":10968,"byte_end":10971,"line_start":322,"line_end":322,"column_start":12,"column_end":15,"is_primary":false,"text":[{"text":"    pub fn set<K, V>(&self, key: &K, val: &V)","highlight_start":12,"highlight_end":15}],"label":"required by a bound in this associated function","suggested_replacement":null,"suggestion_applicability":null,"expansion":null},{"file_name":"/Users/romeoscript/.cargo/registry/src/index.crates.io-1949cf8c6b5b557f/soroban-sdk-21.7.7/src/storage.rs","byte_start":11054,"byte_end":11071,"line_start":325,"line_end":325,"column_start":12,"column_end":29,"is_primary":true,"text":[{"text":"        V: IntoVal<Env, Val>,","highlight_start":12,"highlight_end":29}],"label":"required by this bound in `Persistent::set`","suggested_replacement":null,"suggestion_applicability":null,"expansion":null}],"children":[],"rendered":null},{"message":"the full name for the type has been written to '/Users/romeoscript/Downloads/zk-payroll/zk-payroll-contracts/target/debug/deps/proof_verifier-c8ff841f2a22ab6f.long-type-2482082710448340906.txt'","code":null,"level":"note","spans":[],"children":[],"rendered":null},{"message":"consider using `--verbose` to print the full type name to the console","code":null,"level":"note","spans":[],"children":[],"rendered":null}],"rendered":"\u001b[1m\u001b[91merror[E0277]\u001b[0m\u001b[1m: the trait bound `soroban_sdk::Val: TryFromVal<Env, VerificationKey>` is not satisfied\u001b[0m\n   \u001b[1m\u001b[94m--> \u001b[0mcontracts/proof_verifier/src/lib.rs:42:46\n    \u001b[1m\u001b[94m|\u001b[0m\n \u001b[1m\u001b[94m42\u001b[0m \u001b[1m\u001b[94m|\u001b[0m         env.storage().persistent().set(&key, &vk);\n    \u001b[1m\u001b[94m|\u001b[0m                                    \u001b[1m\u001b[94m---\u001b[0m       \u001b[1m\u001b[91m^^^\u001b[0m \u001b[1m\u001b[91mthe trait `TryFromVal<Env, VerificationKey>` is not implemented for `soroban_sdk::Val`\u001b[0m\n    \u001b[1m\u001b[94m|\u001b[0m                                    \u001b[1m\u001b[94m|\u001b[0m\n    \u001b[1m\u001b[94m|\u001b[0m                                    \u001b[1m\u001b[94mrequired by a bound introduced by this call\u001b[0m\n    \u001b[1m\u001b[94m|\u001b[0m\n    \u001b[1m\u001b[94m= \u001b[0m\u001b[1mhelp\u001b[0m: the following other types implement trait `TryFromVal<E, V>`:\n              `soroban_sdk::Val` implements `TryFromVal<E, &[u8]>`\n              `soroban_sdk::Val` implements `TryFromVal<E, &str>`\n              `soroban_sdk::Val` implements `TryFromVal<E, ()>`\n              `soroban_sdk::Val` implements `TryFromVal<E, (T0, T1)>`\n              `soroban_sdk::Val` implements `TryFromVal<E, (T0, T1, T2)>`\n              `soroban_sdk::Val` implements `TryFromVal<E, (T0, T1, T2, T3)>`\n              `soroban_sdk::Val` implements `TryFromVal<E, (T0, T1, T2, T3, T4)>`\n              `soroban_sdk::Val` implements `TryFromVal<E, (T0, T1, T2, T3, T4, T5)>`\n            and 110 others\n    \u001b[1m\u001b[94m= \u001b[0m\u001b[1mnote\u001b[0m: required for `soroban_sdk::Val` to implement `FromVal<Env, VerificationKey>`\n    \u001b[1m\u001b[94m= \u001b[0m\u001b[1mnote\u001b[0m: required for `VerificationKey` to implement `IntoVal<Env, soroban_sdk::Val>`\n\u001b[1m\u001b[92mnote\u001b[0m: required by a bound in `soroban_sdk::storage::Persistent::set`\n   \u001b[1m\u001b[94m--> \u001b[0m/Users/romeoscript/.cargo/registry/src/index.crates.io-1949cf8c6b5b557f/soroban-sdk-21.7.7/src/storage.rs:325:12\n    \u001b[1m\u001b[94m|\u001b[0m\n\u001b[1m\u001b[94m322\u001b[0m \u001b[1m\u001b[94m|\u001b[0m     pub fn set<K, V>(&self, key: &K, val: &V)\n    \u001b[1m\u001b[94m|\u001b[0m            \u001b[1m\u001b[94m---\u001b[0m \u001b[1m\u001b[94mrequired by a bound in this associated function\u001b[0m\n\u001b[1m\u001b[94m...\u001b[0m\n\u001b[1m\u001b[94m325\u001b[0m \u001b[1m\u001b[94m|\u001b[0m         V: IntoVal<Env, Val>,\n    \u001b[1m\u001b[94m|\u001b[0m            \u001b[1m\u001b[92m^^^^^^^^^^^^^^^^^\u001b[0m \u001b[1m\u001b[92mrequired by this bound in `Persistent::set`\u001b[0m\n    \u001b[1m\u001b[94m= \u001b[0m\u001b[1mnote\u001b[0m: the full name for the type has been written to '/Users/romeoscript/Downloads/zk-payroll/zk-payroll-contracts/target/debug/deps/proof_verifier-c8ff841f2a22ab6f.long-type-2482082710448340906.txt'\n    \u001b[1m\u001b[94m= \u001b[0m\u001b[1mnote\u001b[0m: consider using `--verbose` to print the full type name to the console\n\n"}
{"$message_type":"diagnostic","message":"the trait bound `VerificationKey: TryFromVal<Env, soroban_sdk::Val>` is not satisfied","code":{"code":"E0277","explanation":"You tried to use a type which doesn't implement some trait in a place which\nexpected that trait.\n\nErroneous code example:\n\n```compile_fail,E0277\n// here we declare the Foo trait with a bar method\ntrait Foo {\n    fn bar(&self);\n}\n\n// we now declare a function which takes an object implementing the Foo trait\nfn some_func<T: Foo>(foo: T) {\n    foo.bar();\n}\n\nfn main() {\n    // we now call the method with the i32 type, which doesn't implement\n    // the Foo trait\n    some_func(5i32); // error: the trait bound `i32 : Foo` is not satisfied\n}\n```\n\nIn order to fix this error, verify that the type you're using does implement\nthe trait. Example:\n\n```\ntrait Foo {\n    fn bar(&self);\n}\n\n// we implement the trait on the i32 type\nimpl Foo for i32 {\n    fn bar(&self) {}\n}\n\nfn some_func<T: Foo>(foo: T) {\n    foo.bar(); // we can now use this method since i32 implements the\n               // Foo trait\n}\n\nfn main() {\n    some_func(5i32); // ok!\n}\n```\n\nOr in a generic context, an erroneous code example would look like:\n\n```compile_fail,E0277\nfn some_func<T>(foo: T) {\n    println!(\"{:?}\", foo); // error: the trait `core::fmt::Debug` is not\n                           //        implemented for the type `T`\n}\n\nfn main() {\n    // We now call the method with the i32 type,\n    // which *does* implement the Debug trait.\n    some_func(5i32);\n}\n```\n\nNote that the error here is in the definition of the generic function. Although\nwe only call it with a parameter that does implement `Debug`, the compiler\nstill rejects the function. It must work with all possible input types. In\norder to make this example compile, we need to restrict the generic type we're\naccepting:\n\n```\nuse std::fmt;\n\n// Restrict the input type to types that implement Debug.\nfn some_func<T: fmt::Debug>(foo: T) {\n    println!(\"{:?}\", foo);\n}\n\nfn main() {\n    // Calling the method is still fine, as i32 implements Debug.\n    some_func(5i32);\n\n    // This would fail to compile now:\n    // struct WithoutDebug;\n    // some_func(WithoutDebug);\n}\n```\n\nRust only looks at the signature of the called function, as such it must\nalready specify all requirements that will be used for every type parameter.\n"},"level":"error","spans":[{"file_name":"contracts/proof_verifier/src/lib.rs","byte_start":1596,"byte_end":1599,"line_start":61,"line_end":61,"column_start":14,"column_end":17,"is_primary":true,"text":[{"text":"            .get(&DataKey::VerificationKey)","highlight_start":14,"highlight_end":17}],"label":"unsatisfied trait bound","suggested_replacement":null,"suggestion_applicability":null,"expansion":null}],"children":[{"message":"the trait `TryFromVal<Env, soroban_sdk::Val>` is not implemented for `VerificationKey`","code":null,"level":"help","spans":[{"file_name":"contracts/proof_verifier/src/lib.rs","byte_start":366,"byte_end":392,"line_start":17,"line_end":17,"column_start":1,"column_end":27,"is_primary":true,"text":[{"text":"pub struct VerificationKey {","highlight_start":1,"highlight_end":27}],"label":null,"suggested_replacement":null,"suggestion_applicability":null,"expansion":null}],"children":[],"rendered":null},{"message":"the following other types implement trait `TryFromVal<E, V>`:\n  `()` implements `TryFromVal<E, [soroban_sdk::Val; 0]>`\n  `()` implements `TryFromVal<E, soroban_sdk::Val>`\n  `()` implements `TryFromVal<Env, ()>`\n  `(T0, T1)` implements `TryFromVal<E, [soroban_sdk::Val; N]>`\n  `(T0, T1)` implements `TryFromVal<E, soroban_sdk::Val>`\n  `(T0, T1, T2)` implements `TryFromVal<E, [soroban_sdk::Val; N]>`\n  `(T0, T1, T2)` implements `TryFromVal<E, soroban_sdk::Val>`\n  `(T0, T1, T2, T3)` implements `TryFromVal<E, [soroban_sdk::Val; N]>`\nand 362 others","code":null,"level":"help","spans":[],"children":[],"rendered":null},{"message":"required by a bound in `soroban_sdk::storage::Persistent::get`","code":null,"level":"note","spans":[{"file_name":"/Users/romeoscript/.cargo/registry/src/index.crates.io-1949cf8c6b5b557f/soroban-sdk-21.7.7/src/storage.rs","byte_start":10752,"byte_end":10755,"line_start":313,"line_end":313,"column_start":12,"column_end":15,"is_primary":false,"text":[{"text":"    pub fn get<K, V>(&self, key: &K) -> Option<V>","highlight_start":12,"highlight_end":15}],"label":"required by a bound in this associated function","suggested_replacement":null,"suggestion_applicability":null,"expansion":null},{"file_name":"/Users/romeoscript/.cargo/registry/src/index.crates.io-1949cf8c6b5b557f/soroban-sdk-21.7.7/src/storage.rs","byte_start":10867,"byte_end":10887,"line_start":317,"line_end":317,"column_start":12,"column_end":32,"is_primary":true,"text":[{"text":"        V: TryFromVal<Env, Val>,","highlight_start":12,"highlight_end":32}],"label":"required by this bound in `Persistent::get`","suggested_replacement":null,"suggestion_applicability":null,"expansion":null}],"children":[],"rendered":null},{"message":"the full name for the type has been written to '/Users/romeoscript/Downloads/zk-payroll/zk-payroll-contracts/target/debug/deps/proof_verifier-c8ff841f2a22ab6f.long-type-9347789676058970774.txt'","code":null,"level":"note","spans":[],"children":[],"rendered":null},{"message":"consider using `--verbose` to print the full type name to the console","code":null,"level":"note","spans":[],"children":[],"rendered":null}],"rendered":"\u001b[1m\u001b[91merror[E0277]\u001b[0m\u001b[1m: the trait bound `VerificationKey: TryFromVal<Env, soroban_sdk::Val>` is not satisfied\u001b[0m\n   \u001b[1m\u001b[94m--> \u001b[0mcontracts/proof_verifier/src/lib.rs:61:14\n    \u001b[1m\u001b[94m|\u001b[0m\n \u001b[1m\u001b[94m61\u001b[0m \u001b[1m\u001b[94m|\u001b[0m             .get(&DataKey::VerificationKey)\n    \u001b[1m\u001b[94m|\u001b[0m              \u001b[1m\u001b[91m^^^\u001b[0m \u001b[1m\u001b[91munsatisfied trait bound\u001b[0m\n    \u001b[1m\u001b[94m|\u001b[0m\n\u001b[1m\u001b[96mhelp\u001b[0m: the trait `TryFromVal<Env, soroban_sdk::Val>` is not implemented for `VerificationKey`\n   \u001b[1m\u001b[94m--> \u001b[0mcontracts/proof_verifier/src/lib.rs:17:1\n    \u001b[1m\u001b[94m|\u001b[0m\n \u001b[1m\u001b[94m17\u001b[0m \u001b[1m\u001b[94m|\u001b[0m pub struct VerificationKey {\n    \u001b[1m\u001b[94m|\u001b[0m \u001b[1m\u001b[96m^^^^^^^^^^^^^^^^^^^^^^^^^^\u001b[0m\n    \u001b[1m\u001b[94m= \u001b[0m\u001b[1mhelp\u001b[0m: the following other types implement trait `TryFromVal<E, V>`:\n              `()` implements `TryFromVal<E, [soroban_sdk::Val; 0]>`\n              `()` implements `TryFromVal<E, soroban_sdk::Val>`\n              `()` implements `TryFromVal<Env, ()>`\n              `(T0, T1)` implements `TryFromVal<E, [soroban_sdk::Val; N]>`\n              `(T0, T1)` implements `TryFromVal<E, soroban_sdk::Val>`\n              `(T0, T1, T2)` implements `TryFromVal<E, [soroban_sdk::Val; N]>`\n              `(T0, T1, T2)` implements `TryFromVal<E, soroban_sdk::Val>`\n              `(T0, T1, T2, T3)` implements `TryFromVal<E, [soroban_sdk::Val; N]>`\n            and 362 others\n\u001b[1m\u001b[92mnote\u001b[0m: required by a bound in `soroban_sdk::storage::Persistent::get`\n   \u001b[1m\u001b[94m--> \u001b[0m/Users/romeoscript/.cargo/registry/src/index.crates.io-1949cf8c6b5b557f/soroban-sdk-21.7.7/src/storage.rs:317:12\n    \u001b[1m\u001b[94m|\u001b[0m\n\u001b[1m\u001b[94m313\u001b[0m \u001b[1m\u001b[94m|\u001b[0m     pub fn get<K, V>(&self, key: &K) -> Option<V>\n    \u001b[1m\u001b[94m|\u001b[0m            \u001b[1m\u001b[94m---\u001b[0m \u001b[1m\u001b[94mrequired by a bound in this associated function\u001b[0m\n\u001b[1m\u001b[94m...\u001b[0m\n\u001b[1m\u001b[94m317\u001b[0m \u001b[1m\u001b[94m|\u001b[0m         V: TryFromVal<Env, Val>,\n    \u001b[1m\u001b[94m|\u001b[0m            \u001b[1m\u001b[92m^^^^^^^^^^^^^^^^^^^^\u001b[0m \u001b[1m\u001b[92mrequired by this bound in `Persistent::get`\u001b[0m\n    \u001b[1m\u001b[94m= \u001b[0m\u001b[1mnote\u001b[0m: the full name for the type has been written to '/Users/romeoscript/Downloads/zk-payroll/zk-payroll-contracts/target/debug/deps/proof_verifier-c8ff841f2a22ab6f.long-type-9347789676058970774.txt'\n    \u001b[1m\u001b[94m= \u001b[0m\u001b[1mnote\u001b[0m: consider using `--verbose` to print the full type name to the console\n\n"}
{"$message_type":"diagnostic","message":"the trait bound `VerificationKey: TryFromVal<Env, soroban_sdk::Val>` is not satisfied","code":{"code":"E0277","explanation":"You tried to use a type which doesn't implement some trait in a place which\nexpected that trait.\n\nErroneous code example:\n\n```compile_fail,E0277\n// here we declare the Foo trait with a bar method\ntrait Foo {\n    fn bar(&self);\n}\n\n// we now declare a function which takes an object implementing the Foo trait\nfn some_func<T: Foo>(foo: T) {\n    foo.bar();\n}\n\nfn main() {\n    // we now call the method with the i32 type, which doesn't implement\n    // the Foo trait\n    some_func(5i32); // error: the trait bound `i32 : Foo` is not satisfied\n}\n```\n\nIn order to fix this error, verify that the type you're using does implement\nthe trait. Example:\n\n```\ntrait Foo {\n    fn bar(&self);\n}\n\n// we implement the trait on the i32 type\nimpl Foo for i32 {\n    fn bar(&self) {}\n}\n\nfn some_func<T: Foo>(foo: T) {\n    foo.bar(); // we can now use this method since i32 implements the\n               // Foo trait\n}\n\nfn main() {\n    some_func(5i32); // ok!\n}\n```\n\nOr in a generic context, an erroneous code example would look like:\n\n```compile_fail,E0277\nfn some_func<T>(foo: T) {\n    println!(\"{:?}\", foo); // error: the trait `core::fmt::Debug` is not\n                           //        implemented for the type `T`\n}\n\nfn main() {\n    // We now call the method with the i32 type,\n    // which *does* implement the Debug trait.\n    some_func(5i32);\n}\n```\n\nNote that the error here is in the definition of the generic function. Although\nwe only call it with a parameter that does implement `Debug`, the compiler\nstill rejects the function. It must work with all possible input types. In\norder to make this example compile, we need to restrict the generic type we're\naccepting:\n\n```\nuse std::fmt;\n\n// Restrict the input type to types that implement Debug.\nfn some_func<T: fmt::Debug>(foo: T) {\n    println!(\"{:?}\", foo);\n}\n\nfn main() {\n    // Calling the method is still fine, as i32 implements Debug.\n    some_func(5i32);\n\n    // This would fail to compile now:\n    // struct WithoutDebug;\n    // some_func(WithoutDebug);\n}\n```\n\nRust only looks at the signature of the called function, as such it must\nalready specify all requirements that will be used for every type parameter.\n"},"level":"error","spans":[{"file_name":"contracts/proof_verifier/src/lib.rs","byte_start":2711,"byte_end":2714,"line_start":96,"line_end":96,"column_start":14,"column_end":17,"is_primary":true,"text":[{"text":"            .get(&DataKey::VerificationKey)","highlight_start":14,"highlight_end":17}],"label":"unsatisfied trait bound","suggested_replacement":null,"suggestion_applicability":null,"expansion":null}],"children":[{"message":"the trait `TryFromVal<Env, soroban_sdk::Val>` is not implemented for `VerificationKey`","code":null,"level":"help","spans":[{"file_name":"contracts/proof_verifier/src/lib.rs","byte_start":366,"byte_end":392,"line_start":17,"line_end":17,"column_start":1,"column_end":27,"is_primary":true,"text":[{"text":"pub struct VerificationKey {","highlight_start":1,"highlight_end":27}],"label":null,"suggested_replacement":null,"suggestion_applicability":null,"expansion":null}],"children":[],"rendered":null},{"message":"the following other types implement trait `TryFromVal<E, V>`:\n  `()` implements `TryFromVal<E, [soroban_sdk::Val; 0]>`\n  `()` implements `TryFromVal<E, soroban_sdk::Val>`\n  `()` implements `TryFromVal<Env, ()>`\n  `(T0, T1)` implements `TryFromVal<E, [soroban_sdk::Val; N]>`\n  `(T0, T1)` implements `TryFromVal<E, soroban_sdk::Val>`\n  `(T0, T1, T2)` implements `TryFromVal<E, [soroban_sdk::Val; N]>`\n  `(T0, T1, T2)` implements `TryFromVal<E, soroban_sdk::Val>`\n  `(T0, T1, T2, T3)` implements `TryFromVal<E, [soroban_sdk::Val; N]>`\nand 362 others","code":null,"level":"help","spans":[],"children":[],"rendered":null},{"message":"required by a bound in `soroban_sdk::storage::Persistent::get`","code":null,"level":"note","spans":[{"file_name":"/Users/romeoscript/.cargo/registry/src/index.crates.io-1949cf8c6b5b557f/soroban-sdk-21.7.7/src/storage.rs","byte_start":10752,"byte_end":10755,"line_start":313,"line_end":313,"column_start":12,"column_end":15,"is_primary":false,"text":[{"text":"    pub fn get<K, V>(&self, key: &K) -> Option<V>","highlight_start":12,"highlight_end":15}],"label":"required by a bound in this associated function","suggested_replacement":null,"suggestion_applicability":null,"expansion":null},{"file_name":"/Users/romeoscript/.cargo/registry/src/index.crates.io-1949cf8c6b5b557f/soroban-sdk-21.7.7/src/storage.rs","byte_start":10867,"byte_end":10887,"line_start":317,"line_end":317,"column_start":12,"column_end":32,"is_primary":true,"text":[{"text":"        V: TryFromVal<Env, Val>,","highlight_start":12,"highlight_end":32}],"label":"required by this bound in `Persistent::get`","suggested_replacement":null,"suggestion_applicability":null,"expansion":null}],"children":[],"rendered":null},{"message":"the full name for the type has been written to '/Users/romeoscript/Downloads/zk-payroll/zk-payroll-contracts/target/debug/deps/proof_verifier-c8ff841f2a22ab6f.long-type-9347789676058970774.txt'","code":null,"level":"note","spans":[],"children":[],"rendered":null},{"message":"consider using `--verbose` to print the full type name to the console","code":null,"level":"note","spans":[],"children":[],"rendered":null}],"rendered":"\u001b[1m\u001b[91merror[E0277]\u001b[0m\u001b[1m: the trait bound `VerificationKey: TryFromVal<Env, soroban_sdk::Val>` is not satisfied\u001b[0m\n   \u001b[1m\u001b[94m--> \u001b[0mcontracts/proof_verifier/src/lib.rs:96:14\n    \u001b[1m\u001b[94m|\u001b[0m\n \u001b[1m\u001b[94m96\u001b[0m \u001b[1m\u001b[94m|\u001b[0m             .get(&DataKey::VerificationKey)\n    \u001b[1m\u001b[94m|\u001b[0m              \u001b[1m\u001b[91m^^^\u001b[0m \u001b[1m\u001b[91munsatisfied trait bound\u001b[0m\n    \u001b[1m\u001b[94m|\u001b[0m\n\u001b[1m\u001b[96mhelp\u001b[0m: the trait `TryFromVal<Env, soroban_sdk::Val>` is not implemented for `VerificationKey`\n   \u001b[1m\u001b[94m--> \u001b[0mcontracts/proof_verifier/src/lib.rs:17:1\n    \u001b[1m\u001b[94m|\u001b[0m\n \u001b[1m\u001b[94m17\u001b[0m \u001b[1m\u001b[94m|\u001b[0m pub struct VerificationKey {\n    \u001b[1m\u001b[94m|\u001b[0m \u001b[1m\u001b[96m^^^^^^^^^^^^^^^^^^^^^^^^^^\u001b[0m\n    \u001b[1m\u001b[94m= \u001b[0m\u001b[1mhelp\u001b[0m: the following other types implement trait `TryFromVal<E, V>`:\n              `()` implements `TryFromVal<E, [soroban_sdk::Val; 0]>`\n              `()` implements `TryFromVal<E, soroban_sdk::Val>`\n              `()` implements `TryFromVal<Env, ()>`\n              `(T0, T1)` implements `TryFromVal<E, [soroban_sdk::Val; N]>`\n              `(T0, T1)` implements `TryFromVal<E, soroban_sdk::Val>`\n              `(T0, T1, T2)` implements `TryFromVal<E, [soroban_sdk::Val; N]>`\n              `(T0, T1, T2)` implements `TryFromVal<E, soroban_sdk::Val>`\n              `(T0, T1, T2, T3)` implements `TryFromVal<E, [soroban_sdk::Val; N]>`\n            and 362 others\n\u001b[1m\u001b[92mnote\u001b[0m: required by a bound in `soroban_sdk::storage::Persistent::get`\n   \u001b[1m\u001b[94m--> \u001b[0m/Users/romeoscript/.cargo/registry/src/index.crates.io-1949cf8c6b5b557f/soroban-sdk-21.7.7/src/storage.rs:317:12\n    \u001b[1m\u001b[94m|\u001b[0m\n\u001b[1m\u001b[94m313\u001b[0m \u001b[1m\u001b[94m|\u001b[0m     pub fn get<K, V>(&self, key: &K) -> Option<V>\n    \u001b[1m\u001b[94m|\u001b[0m            \u001b[1m\u001b[94m---\u001b[0m \u001b[1m\u001b[94mrequired by a bound in this associated function\u001b[0m\n\u001b[1m\u001b[94m...\u001b[0m\n\u001b[1m\u001b[94m317\u001b[0m \u001b[1m\u001b[94m|\u001b[0m         V: TryFromVal<Env, Val>,\n    \u001b[1m\u001b[94m|\u001b[0m            \u001b[1m\u001b[92m^^^^^^^^^^^^^^^^^^^^\u001b[0m \u001b[1m\u001b[92mrequired by this bound in `Persistent::get`\u001b[0m\n    \u001b[1m\u001b[94m= \u001b[0m\u001b[1mnote\u001b[0m: the full name for the type has been written to '/Users/romeoscript/Downloads/zk-payroll/zk-payroll-contracts/target/debug/deps/proof_verifier-c8ff841f2a22ab6f.long-type-9347789676058970774.txt'\n    \u001b[1m\u001b[94m= \u001b[0m\u001b[1mnote\u001b[0m: consider using `--verbose` to print the full type name to the console\n\n"}
{"$message_type":"diagnostic","message":"the method `get` exists for struct `soroban_sdk::Vec<Groth16Proof>`, but its trait bounds were not satisfied","code":{"code":"E0599","explanation":"This error occurs when a method is used on a type which doesn't implement it:\n\nErroneous code example:\n\n```compile_fail,E0599\nstruct Mouth;\n\nlet x = Mouth;\nx.chocolate(); // error: no method named `chocolate` found for type `Mouth`\n               //        in the current scope\n```\n\nIn this case, you need to implement the `chocolate` method to fix the error:\n\n```\nstruct Mouth;\n\nimpl Mouth {\n    fn chocolate(&self) { // We implement the `chocolate` method here.\n        println!(\"Hmmm! I love chocolate!\");\n    }\n}\n\nlet x = Mouth;\nx.chocolate(); // ok!\n```\n"},"level":"error","spans":[{"file_name":"contracts/proof_verifier/src/lib.rs","byte_start":4563,"byte_end":4566,"line_start":152,"line_end":152,"column_start":32,"column_end":35,"is_primary":true,"text":[{"text":"            let proof = proofs.get(i).unwrap();","highlight_start":32,"highlight_end":35}],"label":"method cannot be called on `soroban_sdk::Vec<Groth16Proof>` due to unsatisfied trait bounds","suggested_replacement":null,"suggestion_applicability":null,"expansion":null},{"file_name":"contracts/proof_verifier/src/lib.rs","byte_start":150,"byte_end":173,"line_start":8,"line_end":8,"column_start":1,"column_end":24,"is_primary":false,"text":[{"text":"pub struct Groth16Proof {","highlight_start":1,"highlight_end":24}],"label":"doesn't satisfy `Groth16Proof: IntoVal<Env, soroban_sdk::Val>` or `Groth16Proof: TryFromVal<Env, soroban_sdk::Val>`","suggested_replacement":null,"suggestion_applicability":null,"expansion":null},{"file_name":"/Users/romeoscript/.cargo/registry/src/index.crates.io-1949cf8c6b5b557f/soroban-env-common-21.2.1/src/val.rs","byte_start":9070,"byte_end":9084,"line_start":249,"line_end":249,"column_start":1,"column_end":15,"is_primary":false,"text":[{"text":"pub struct Val(u64);","highlight_start":1,"highlight_end":15}],"label":"doesn't satisfy `soroban_sdk::Val: TryFromVal<Env, Groth16Proof>`","suggested_replacement":null,"suggestion_applicability":null,"expansion":null}],"children":[{"message":"the following trait bounds were not satisfied:\n`Groth16Proof: TryFromVal<Env, soroban_sdk::Val>`\n`soroban_sdk::Val: TryFromVal<Env, Groth16Proof>`\nwhich is required by `Groth16Proof: IntoVal<Env, soroban_sdk::Val>`","code":null,"level":"note","spans":[],"children":[],"rendered":null},{"message":"the trait `TryFromVal` must be implemented","code":null,"level":"note","spans":[{"file_name":"/Users/romeoscript/.cargo/registry/src/index.crates.io-1949cf8c6b5b557f/soroban-env-common-21.2.1/src/convert.rs","byte_start":1729,"byte_end":1775,"line_start":42,"line_end":42,"column_start":1,"column_end":47,"is_primary":true,"text":[{"text":"pub trait TryFromVal<E: Env, V: ?Sized>: Sized {","highlight_start":1,"highlight_end":47}],"label":null,"suggested_replacement":null,"suggestion_applicability":null,"expansion":null}],"children":[],"rendered":null}],"rendered":"\u001b[1m\u001b[91merror[E0599]\u001b[0m\u001b[1m: the method `get` exists for struct `soroban_sdk::Vec<Groth16Proof>`, but its trait bounds were not satisfied\u001b[0m\n   \u001b[1m\u001b[94m--> \u001b[0mcontracts/proof_verifier/src/lib.rs:152:32\n    \u001b[1m\u001b[94m|\u001b[0m\n  \u001b[1m\u001b[94m8\u001b[0m \u001b[1m\u001b[94m|\u001b[0m pub struct Groth16Proof {\n    \u001b[1m\u001b[94m|\u001b[0m \u001b[1m\u001b[94m-----------------------\u001b[0m \u001b[1m\u001b[94mdoesn't satisfy `Groth16Proof: IntoVal<Env, soroban_sdk::Val>` or `Groth16Proof: TryFromVal<Env, soroban_sdk::Val>`\u001b[0m\n\u001b[1m\u001b[94m...\u001b[0m\n\u001b[1m\u001b[94m152\u001b[0m \u001b[1m\u001b[94m|\u001b[0m             let proof = proofs.get(i).unwrap();\n    \u001b[1m\u001b[94m|\u001b[0m                                \u001b[1m\u001b[91m^^^\u001b[0m \u001b[1m\u001b[91mmethod cannot be called on `soroban_sdk::Vec<Groth16Proof>` due to unsatisfied trait bounds\u001b[0m\n    \u001b[1m\u001b[94m|\u001b[0m\n   \u001b[1m\u001b[94m::: \u001b[0m/Users/romeoscript/.cargo/registry/src/index.crates.io-1949cf8c6b5b557f/soroban-env-common-21.2.1/src/val.rs:249:1\n    \u001b[1m\u001b[94m|\u001b[0m\n\u001b[1m\u001b[94m249\u001b[0m \u001b[1m\u001b[94m|\u001b[0m pub struct Val(u64);\n    \u001b[1m\u001b[94m|\u001b[0m \u001b[1m\u001b[94m--------------\u001b[0m \u001b[1m\u001b[94mdoesn't satisfy `soroban_sdk::Val: TryFromVal<Env, Groth16Proof>`\u001b[0m\n    \u001b[1m\u001b[94m|\u001b[0m\n    \u001b[1m\u001b[94m= \u001b[0m\u001b[1mnote\u001b[0m: the following trait bounds were not satisfied:\n            `Groth16Proof: TryFromVal<Env, soroban_sdk::Val>`\n            `soroban_sdk::Val: TryFromVal<Env, Groth16Proof>`\n            which is required by `Groth16Proof: IntoVal<Env, soroban_sdk::Val>`\n\u001b[1m\u001b[92mnote\u001b[0m: the trait `TryFromVal` must be implemented\n   \u001b[1m\u001b[94m--> \u001b[0m/Users/romeoscript/.cargo/registry/src/index.crates.io-1949cf8c6b5b557f/soroban-env-common-21.2.1/src/convert.rs:42:1\n    \u001b[1m\u001b[94m|\u001b[0m\n \u001b[1m\u001b[94m42\u001b[0m \u001b[1m\u001b[94m|\u001b[0m pub trait TryFromVal<E: Env, V: ?Sized>: Sized {\n    \u001b[1m\u001b[94m|\u001b[0m \u001b[1m\u001b[92m^^^^^^^^^^^^^^^^^^^^^^^^^^^^^^^^^^^^^^^^^^^^^^\u001b[0m\n\n"}
{"$message_type":"diagnostic","message":"aborting due to 15 previous errors; 1 warning emitted","code":null,"level":"error","spans":[],"children":[],"rendered":"\u001b[1m\u001b[91merror\u001b[0m\u001b[1m: aborting due to 15 previous errors; 1 warning emitted\u001b[0m\n\n"}
{"$message_type":"diagnostic","message":"Some errors have detailed explanations: E0277, E0599.","code":null,"level":"failure-note","spans":[],"children":[],"rendered":"\u001b[1mSome errors have detailed explanations: E0277, E0599.\u001b[0m\n"}
{"$message_type":"diagnostic","message":"For more information about an error, try `rustc --explain E0277`.","code":null,"level":"failure-note","spans":[],"children":[],"rendered":"\u001b[1mFor more information about an error, try `rustc --explain E0277`.\u001b[0m\n"}
