{"$message_type":"diagnostic","message":"unsupported type","code":null,"level":"error","spans":[{"file_name":"contracts/salary_commitment/src/lib.rs","byte_start":212,"byte_end":220,"line_start":9,"line_end":9,"column_start":21,"column_end":29,"is_primary":true,"text":[{"text":"    pub commitment: [u8; 32],     // Poseidon(salary, blinding_factor)","highlight_start":21,"highlight_end":29}],"label":null,"suggested_replacement":null,"suggestion_applicability":null,"expansion":null}],"children":[],"rendered":"\u001b[1m\u001b[91merror\u001b[0m\u001b[1m: unsupported type\u001b[0m\n \u001b[1m\u001b[94m--> \u001b[0mcontracts/salary_commitment/src/lib.rs:9:21\n  \u001b[1m\u001b[94m|\u001b[0m\n\u001b[1m\u001b[94m9\u001b[0m \u001b[1m\u001b[94m|\u001b[0m     pub commitment: [u8; 32],     // Poseidon(salary, blinding_factor)\n  \u001b[1m\u001b[94m|\u001b[0m                     \u001b[1m\u001b[91m^^^^^^^^\u001b[0m\n\n"}
{"$message_type":"diagnostic","message":"unsupported type","code":null,"level":"error","spans":[{"file_name":"contracts/salary_commitment/src/lib.rs","byte_start":468,"byte_end":476,"line_start":19,"line_end":19,"column_start":20,"column_end":28,"is_primary":true,"text":[{"text":"    pub nullifier: [u8; 32],","highlight_start":20,"highlight_end":28}],"label":null,"suggested_replacement":null,"suggestion_applicability":null,"expansion":null}],"children":[],"rendered":"\u001b[1m\u001b[91merror\u001b[0m\u001b[1m: unsupported type\u001b[0m\n  \u001b[1m\u001b[94m--> \u001b[0mcontracts/salary_commitment/src/lib.rs:19:20\n   \u001b[1m\u001b[94m|\u001b[0m\n\u001b[1m\u001b[94m19\u001b[0m \u001b[1m\u001b[94m|\u001b[0m     pub nullifier: [u8; 32],\n   \u001b[1m\u001b[94m|\u001b[0m                    \u001b[1m\u001b[91m^^^^^^^^\u001b[0m\n\n"}
{"$message_type":"diagnostic","message":"unsupported type","code":null,"level":"error","spans":[{"file_name":"contracts/salary_commitment/src/lib.rs","byte_start":594,"byte_end":602,"line_start":27,"line_end":27,"column_start":15,"column_end":23,"is_primary":true,"text":[{"text":"    Nullifier([u8; 32]),","highlight_start":15,"highlight_end":23}],"label":null,"suggested_replacement":null,"suggestion_applicability":null,"expansion":null}],"children":[],"rendered":"\u001b[1m\u001b[91merror\u001b[0m\u001b[1m: unsupported type\u001b[0m\n  \u001b[1m\u001b[94m--> \u001b[0mcontracts/salary_commitment/src/lib.rs:27:15\n   \u001b[1m\u001b[94m|\u001b[0m\n\u001b[1m\u001b[94m27\u001b[0m \u001b[1m\u001b[94m|\u001b[0m     Nullifier([u8; 32]),\n   \u001b[1m\u001b[94m|\u001b[0m               \u001b[1m\u001b[91m^^^^^^^^\u001b[0m\n\n"}
{"$message_type":"diagnostic","message":"unsupported type","code":null,"level":"error","spans":[{"file_name":"contracts/salary_commitment/src/lib.rs","byte_start":879,"byte_end":887,"line_start":40,"line_end":40,"column_start":21,"column_end":29,"is_primary":true,"text":[{"text":"        commitment: [u8; 32],","highlight_start":21,"highlight_end":29}],"label":null,"suggested_replacement":null,"suggestion_applicability":null,"expansion":null}],"children":[],"rendered":"\u001b[1m\u001b[91merror\u001b[0m\u001b[1m: unsupported type\u001b[0m\n  \u001b[1m\u001b[94m--> \u001b[0mcontracts/salary_commitment/src/lib.rs:40:21\n   \u001b[1m\u001b[94m|\u001b[0m\n\u001b[1m\u001b[94m40\u001b[0m \u001b[1m\u001b[94m|\u001b[0m         commitment: [u8; 32],\n   \u001b[1m\u001b[94m|\u001b[0m                     \u001b[1m\u001b[91m^^^^^^^^\u001b[0m\n\n"}
{"$message_type":"diagnostic","message":"the trait bound `soroban_sdk::Val: TryFromVal<Env, DataKey>` is not satisfied","code":{"code":"E0277","explanation":"You tried to use a type which doesn't implement some trait in a place which\nexpected that trait.\n\nErroneous code example:\n\n```compile_fail,E0277\n// here we declare the Foo trait with a bar method\ntrait Foo {\n    fn bar(&self);\n}\n\n// we now declare a function which takes an object implementing the Foo trait\nfn some_func<T: Foo>(foo: T) {\n    foo.bar();\n}\n\nfn main() {\n    // we now call the method with the i32 type, which doesn't implement\n    // the Foo trait\n    some_func(5i32); // error: the trait bound `i32 : Foo` is not satisfied\n}\n```\n\nIn order to fix this error, verify that the type you're using does implement\nthe trait. Example:\n\n```\ntrait Foo {\n    fn bar(&self);\n}\n\n// we implement the trait on the i32 type\nimpl Foo for i32 {\n    fn bar(&self) {}\n}\n\nfn some_func<T: Foo>(foo: T) {\n    foo.bar(); // we can now use this method since i32 implements the\n               // Foo trait\n}\n\nfn main() {\n    some_func(5i32); // ok!\n}\n```\n\nOr in a generic context, an erroneous code example would look like:\n\n```compile_fail,E0277\nfn some_func<T>(foo: T) {\n    println!(\"{:?}\", foo); // error: the trait `core::fmt::Debug` is not\n                           //        implemented for the type `T`\n}\n\nfn main() {\n    // We now call the method with the i32 type,\n    // which *does* implement the Debug trait.\n    some_func(5i32);\n}\n```\n\nNote that the error here is in the definition of the generic function. Although\nwe only call it with a parameter that does implement `Debug`, the compiler\nstill rejects the function. It must work with all possible input types. In\norder to make this example compile, we need to restrict the generic type we're\naccepting:\n\n```\nuse std::fmt;\n\n// Restrict the input type to types that implement Debug.\nfn some_func<T: fmt::Debug>(foo: T) {\n    println!(\"{:?}\", foo);\n}\n\nfn main() {\n    // Calling the method is still fine, as i32 implements Debug.\n    some_func(5i32);\n\n    // This would fail to compile now:\n    // struct WithoutDebug;\n    // some_func(WithoutDebug);\n}\n```\n\nRust only looks at the signature of the called function, as such it must\nalready specify all requirements that will be used for every type parameter.\n"},"level":"error","spans":[{"file_name":"contracts/salary_commitment/src/lib.rs","byte_start":1245,"byte_end":1249,"line_start":52,"line_end":52,"column_start":40,"column_end":44,"is_primary":true,"text":[{"text":"        env.storage().persistent().set(&key, &salary_commitment);","highlight_start":40,"highlight_end":44}],"label":"the trait `TryFromVal<Env, DataKey>` is not implemented for `soroban_sdk::Val`","suggested_replacement":null,"suggestion_applicability":null,"expansion":null},{"file_name":"contracts/salary_commitment/src/lib.rs","byte_start":1241,"byte_end":1244,"line_start":52,"line_end":52,"column_start":36,"column_end":39,"is_primary":false,"text":[{"text":"        env.storage().persistent().set(&key, &salary_commitment);","highlight_start":36,"highlight_end":39}],"label":"required by a bound introduced by this call","suggested_replacement":null,"suggestion_applicability":null,"expansion":null}],"children":[{"message":"the following other types implement trait `TryFromVal<E, V>`:\n  `soroban_sdk::Val` implements `TryFromVal<E, &[u8]>`\n  `soroban_sdk::Val` implements `TryFromVal<E, &str>`\n  `soroban_sdk::Val` implements `TryFromVal<E, ()>`\n  `soroban_sdk::Val` implements `TryFromVal<E, (T0, T1)>`\n  `soroban_sdk::Val` implements `TryFromVal<E, (T0, T1, T2)>`\n  `soroban_sdk::Val` implements `TryFromVal<E, (T0, T1, T2, T3)>`\n  `soroban_sdk::Val` implements `TryFromVal<E, (T0, T1, T2, T3, T4)>`\n  `soroban_sdk::Val` implements `TryFromVal<E, (T0, T1, T2, T3, T4, T5)>`\nand 109 others","code":null,"level":"help","spans":[],"children":[],"rendered":null},{"message":"required for `soroban_sdk::Val` to implement `FromVal<Env, DataKey>`","code":null,"level":"note","spans":[],"children":[],"rendered":null},{"message":"required for `DataKey` to implement `IntoVal<Env, soroban_sdk::Val>`","code":null,"level":"note","spans":[],"children":[],"rendered":null},{"message":"required by a bound in `soroban_sdk::storage::Persistent::set`","code":null,"level":"note","spans":[{"file_name":"/Users/romeoscript/.cargo/registry/src/index.crates.io-1949cf8c6b5b557f/soroban-sdk-21.7.7/src/storage.rs","byte_start":10968,"byte_end":10971,"line_start":322,"line_end":322,"column_start":12,"column_end":15,"is_primary":false,"text":[{"text":"    pub fn set<K, V>(&self, key: &K, val: &V)","highlight_start":12,"highlight_end":15}],"label":"required by a bound in this associated function","suggested_replacement":null,"suggestion_applicability":null,"expansion":null},{"file_name":"/Users/romeoscript/.cargo/registry/src/index.crates.io-1949cf8c6b5b557f/soroban-sdk-21.7.7/src/storage.rs","byte_start":11024,"byte_end":11041,"line_start":324,"line_end":324,"column_start":12,"column_end":29,"is_primary":true,"text":[{"text":"        K: IntoVal<Env, Val>,","highlight_start":12,"highlight_end":29}],"label":"required by this bound in `Persistent::set`","suggested_replacement":null,"suggestion_applicability":null,"expansion":null}],"children":[],"rendered":null},{"message":"the full name for the type has been written to '/Users/romeoscript/Downloads/zk-payroll/zk-payroll-contracts/target/debug/deps/salary_commitment-d728b66825e0b353.long-type-110803175862082817.txt'","code":null,"level":"note","spans":[],"children":[],"rendered":null},{"message":"consider using `--verbose` to print the full type name to the console","code":null,"level":"note","spans":[],"children":[],"rendered":null}],"rendered":"\u001b[1m\u001b[91merror[E0277]\u001b[0m\u001b[1m: the trait bound `soroban_sdk::Val: TryFromVal<Env, DataKey>` is not satisfied\u001b[0m\n   \u001b[1m\u001b[94m--> \u001b[0mcontracts/salary_commitment/src/lib.rs:52:40\n    \u001b[1m\u001b[94m|\u001b[0m\n \u001b[1m\u001b[94m52\u001b[0m \u001b[1m\u001b[94m|\u001b[0m         env.storage().persistent().set(&key, &salary_commitment);\n    \u001b[1m\u001b[94m|\u001b[0m                                    \u001b[1m\u001b[94m---\u001b[0m \u001b[1m\u001b[91m^^^^\u001b[0m \u001b[1m\u001b[91mthe trait `TryFromVal<Env, DataKey>` is not implemented for `soroban_sdk::Val`\u001b[0m\n    \u001b[1m\u001b[94m|\u001b[0m                                    \u001b[1m\u001b[94m|\u001b[0m\n    \u001b[1m\u001b[94m|\u001b[0m                                    \u001b[1m\u001b[94mrequired by a bound introduced by this call\u001b[0m\n    \u001b[1m\u001b[94m|\u001b[0m\n    \u001b[1m\u001b[94m= \u001b[0m\u001b[1mhelp\u001b[0m: the following other types implement trait `TryFromVal<E, V>`:\n              `soroban_sdk::Val` implements `TryFromVal<E, &[u8]>`\n              `soroban_sdk::Val` implements `TryFromVal<E, &str>`\n              `soroban_sdk::Val` implements `TryFromVal<E, ()>`\n              `soroban_sdk::Val` implements `TryFromVal<E, (T0, T1)>`\n              `soroban_sdk::Val` implements `TryFromVal<E, (T0, T1, T2)>`\n              `soroban_sdk::Val` implements `TryFromVal<E, (T0, T1, T2, T3)>`\n              `soroban_sdk::Val` implements `TryFromVal<E, (T0, T1, T2, T3, T4)>`\n              `soroban_sdk::Val` implements `TryFromVal<E, (T0, T1, T2, T3, T4, T5)>`\n            and 109 others\n    \u001b[1m\u001b[94m= \u001b[0m\u001b[1mnote\u001b[0m: required for `soroban_sdk::Val` to implement `FromVal<Env, DataKey>`\n    \u001b[1m\u001b[94m= \u001b[0m\u001b[1mnote\u001b[0m: required for `DataKey` to implement `IntoVal<Env, soroban_sdk::Val>`\n\u001b[1m\u001b[92mnote\u001b[0m: required by a bound in `soroban_sdk::storage::Persistent::set`\n   \u001b[1m\u001b[94m--> \u001b[0m/Users/romeoscript/.cargo/registry/src/index.crates.io-1949cf8c6b5b557f/soroban-sdk-21.7.7/src/storage.rs:324:12\n    \u001b[1m\u001b[94m|\u001b[0m\n\u001b[1m\u001b[94m322\u001b[0m \u001b[1m\u001b[94m|\u001b[0m     pub fn set<K, V>(&self, key: &K, val: &V)\n    \u001b[1m\u001b[94m|\u001b[0m            \u001b[1m\u001b[94m---\u001b[0m \u001b[1m\u001b[94mrequired by a bound in this associated function\u001b[0m\n\u001b[1m\u001b[94m323\u001b[0m \u001b[1m\u001b[94m|\u001b[0m     where\n\u001b[1m\u001b[94m324\u001b[0m \u001b[1m\u001b[94m|\u001b[0m         K: IntoVal<Env, Val>,\n    \u001b[1m\u001b[94m|\u001b[0m            \u001b[1m\u001b[92m^^^^^^^^^^^^^^^^^\u001b[0m \u001b[1m\u001b[92mrequired by this bound in `Persistent::set`\u001b[0m\n    \u001b[1m\u001b[94m= \u001b[0m\u001b[1mnote\u001b[0m: the full name for the type has been written to '/Users/romeoscript/Downloads/zk-payroll/zk-payroll-contracts/target/debug/deps/salary_commitment-d728b66825e0b353.long-type-110803175862082817.txt'\n    \u001b[1m\u001b[94m= \u001b[0m\u001b[1mnote\u001b[0m: consider using `--verbose` to print the full type name to the console\n\n"}
{"$message_type":"diagnostic","message":"the trait bound `soroban_sdk::Val: TryFromVal<Env, SalaryCommitment>` is not satisfied","code":{"code":"E0277","explanation":"You tried to use a type which doesn't implement some trait in a place which\nexpected that trait.\n\nErroneous code example:\n\n```compile_fail,E0277\n// here we declare the Foo trait with a bar method\ntrait Foo {\n    fn bar(&self);\n}\n\n// we now declare a function which takes an object implementing the Foo trait\nfn some_func<T: Foo>(foo: T) {\n    foo.bar();\n}\n\nfn main() {\n    // we now call the method with the i32 type, which doesn't implement\n    // the Foo trait\n    some_func(5i32); // error: the trait bound `i32 : Foo` is not satisfied\n}\n```\n\nIn order to fix this error, verify that the type you're using does implement\nthe trait. Example:\n\n```\ntrait Foo {\n    fn bar(&self);\n}\n\n// we implement the trait on the i32 type\nimpl Foo for i32 {\n    fn bar(&self) {}\n}\n\nfn some_func<T: Foo>(foo: T) {\n    foo.bar(); // we can now use this method since i32 implements the\n               // Foo trait\n}\n\nfn main() {\n    some_func(5i32); // ok!\n}\n```\n\nOr in a generic context, an erroneous code example would look like:\n\n```compile_fail,E0277\nfn some_func<T>(foo: T) {\n    println!(\"{:?}\", foo); // error: the trait `core::fmt::Debug` is not\n                           //        implemented for the type `T`\n}\n\nfn main() {\n    // We now call the method with the i32 type,\n    // which *does* implement the Debug trait.\n    some_func(5i32);\n}\n```\n\nNote that the error here is in the definition of the generic function. Although\nwe only call it with a parameter that does implement `Debug`, the compiler\nstill rejects the function. It must work with all possible input types. In\norder to make this example compile, we need to restrict the generic type we're\naccepting:\n\n```\nuse std::fmt;\n\n// Restrict the input type to types that implement Debug.\nfn some_func<T: fmt::Debug>(foo: T) {\n    println!(\"{:?}\", foo);\n}\n\nfn main() {\n    // Calling the method is still fine, as i32 implements Debug.\n    some_func(5i32);\n\n    // This would fail to compile now:\n    // struct WithoutDebug;\n    // some_func(WithoutDebug);\n}\n```\n\nRust only looks at the signature of the called function, as such it must\nalready specify all requirements that will be used for every type parameter.\n"},"level":"error","spans":[{"file_name":"contracts/salary_commitment/src/lib.rs","byte_start":1251,"byte_end":1269,"line_start":52,"line_end":52,"column_start":46,"column_end":64,"is_primary":true,"text":[{"text":"        env.storage().persistent().set(&key, &salary_commitment);","highlight_start":46,"highlight_end":64}],"label":"the trait `TryFromVal<Env, SalaryCommitment>` is not implemented for `soroban_sdk::Val`","suggested_replacement":null,"suggestion_applicability":null,"expansion":null},{"file_name":"contracts/salary_commitment/src/lib.rs","byte_start":1241,"byte_end":1244,"line_start":52,"line_end":52,"column_start":36,"column_end":39,"is_primary":false,"text":[{"text":"        env.storage().persistent().set(&key, &salary_commitment);","highlight_start":36,"highlight_end":39}],"label":"required by a bound introduced by this call","suggested_replacement":null,"suggestion_applicability":null,"expansion":null}],"children":[{"message":"the following other types implement trait `TryFromVal<E, V>`:\n  `soroban_sdk::Val` implements `TryFromVal<E, &[u8]>`\n  `soroban_sdk::Val` implements `TryFromVal<E, &str>`\n  `soroban_sdk::Val` implements `TryFromVal<E, ()>`\n  `soroban_sdk::Val` implements `TryFromVal<E, (T0, T1)>`\n  `soroban_sdk::Val` implements `TryFromVal<E, (T0, T1, T2)>`\n  `soroban_sdk::Val` implements `TryFromVal<E, (T0, T1, T2, T3)>`\n  `soroban_sdk::Val` implements `TryFromVal<E, (T0, T1, T2, T3, T4)>`\n  `soroban_sdk::Val` implements `TryFromVal<E, (T0, T1, T2, T3, T4, T5)>`\nand 109 others","code":null,"level":"help","spans":[],"children":[],"rendered":null},{"message":"required for `soroban_sdk::Val` to implement `FromVal<Env, SalaryCommitment>`","code":null,"level":"note","spans":[],"children":[],"rendered":null},{"message":"required for `SalaryCommitment` to implement `IntoVal<Env, soroban_sdk::Val>`","code":null,"level":"note","spans":[],"children":[],"rendered":null},{"message":"required by a bound in `soroban_sdk::storage::Persistent::set`","code":null,"level":"note","spans":[{"file_name":"/Users/romeoscript/.cargo/registry/src/index.crates.io-1949cf8c6b5b557f/soroban-sdk-21.7.7/src/storage.rs","byte_start":10968,"byte_end":10971,"line_start":322,"line_end":322,"column_start":12,"column_end":15,"is_primary":false,"text":[{"text":"    pub fn set<K, V>(&self, key: &K, val: &V)","highlight_start":12,"highlight_end":15}],"label":"required by a bound in this associated function","suggested_replacement":null,"suggestion_applicability":null,"expansion":null},{"file_name":"/Users/romeoscript/.cargo/registry/src/index.crates.io-1949cf8c6b5b557f/soroban-sdk-21.7.7/src/storage.rs","byte_start":11054,"byte_end":11071,"line_start":325,"line_end":325,"column_start":12,"column_end":29,"is_primary":true,"text":[{"text":"        V: IntoVal<Env, Val>,","highlight_start":12,"highlight_end":29}],"label":"required by this bound in `Persistent::set`","suggested_replacement":null,"suggestion_applicability":null,"expansion":null}],"children":[],"rendered":null},{"message":"the full name for the type has been written to '/Users/romeoscript/Downloads/zk-payroll/zk-payroll-contracts/target/debug/deps/salary_commitment-d728b66825e0b353.long-type-110803175862082817.txt'","code":null,"level":"note","spans":[],"children":[],"rendered":null},{"message":"consider using `--verbose` to print the full type name to the console","code":null,"level":"note","spans":[],"children":[],"rendered":null}],"rendered":"\u001b[1m\u001b[91merror[E0277]\u001b[0m\u001b[1m: the trait bound `soroban_sdk::Val: TryFromVal<Env, SalaryCommitment>` is not satisfied\u001b[0m\n   \u001b[1m\u001b[94m--> \u001b[0mcontracts/salary_commitment/src/lib.rs:52:46\n    \u001b[1m\u001b[94m|\u001b[0m\n \u001b[1m\u001b[94m52\u001b[0m \u001b[1m\u001b[94m|\u001b[0m         env.storage().persistent().set(&key, &salary_commitment);\n    \u001b[1m\u001b[94m|\u001b[0m                                    \u001b[1m\u001b[94m---\u001b[0m       \u001b[1m\u001b[91m^^^^^^^^^^^^^^^^^^\u001b[0m \u001b[1m\u001b[91mthe trait `TryFromVal<Env, SalaryCommitment>` is not implemented for `soroban_sdk::Val`\u001b[0m\n    \u001b[1m\u001b[94m|\u001b[0m                                    \u001b[1m\u001b[94m|\u001b[0m\n    \u001b[1m\u001b[94m|\u001b[0m                                    \u001b[1m\u001b[94mrequired by a bound introduced by this call\u001b[0m\n    \u001b[1m\u001b[94m|\u001b[0m\n    \u001b[1m\u001b[94m= \u001b[0m\u001b[1mhelp\u001b[0m: the following other types implement trait `TryFromVal<E, V>`:\n              `soroban_sdk::Val` implements `TryFromVal<E, &[u8]>`\n              `soroban_sdk::Val` implements `TryFromVal<E, &str>`\n              `soroban_sdk::Val` implements `TryFromVal<E, ()>`\n              `soroban_sdk::Val` implements `TryFromVal<E, (T0, T1)>`\n              `soroban_sdk::Val` implements `TryFromVal<E, (T0, T1, T2)>`\n              `soroban_sdk::Val` implements `TryFromVal<E, (T0, T1, T2, T3)>`\n              `soroban_sdk::Val` implements `TryFromVal<E, (T0, T1, T2, T3, T4)>`\n              `soroban_sdk::Val` implements `TryFromVal<E, (T0, T1, T2, T3, T4, T5)>`\n            and 109 others\n    \u001b[1m\u001b[94m= \u001b[0m\u001b[1mnote\u001b[0m: required for `soroban_sdk::Val` to implement `FromVal<Env, SalaryCommitment>`\n    \u001b[1m\u001b[94m= \u001b[0m\u001b[1mnote\u001b[0m: required for `SalaryCommitment` to implement `IntoVal<Env, soroban_sdk::Val>`\n\u001b[1m\u001b[92mnote\u001b[0m: required by a bound in `soroban_sdk::storage::Persistent::set`\n   \u001b[1m\u001b[94m--> \u001b[0m/Users/romeoscript/.cargo/registry/src/index.crates.io-1949cf8c6b5b557f/soroban-sdk-21.7.7/src/storage.rs:325:12\n    \u001b[1m\u001b[94m|\u001b[0m\n\u001b[1m\u001b[94m322\u001b[0m \u001b[1m\u001b[94m|\u001b[0m     pub fn set<K, V>(&self, key: &K, val: &V)\n    \u001b[1m\u001b[94m|\u001b[0m            \u001b[1m\u001b[94m---\u001b[0m \u001b[1m\u001b[94mrequired by a bound in this associated function\u001b[0m\n\u001b[1m\u001b[94m...\u001b[0m\n\u001b[1m\u001b[94m325\u001b[0m \u001b[1m\u001b[94m|\u001b[0m         V: IntoVal<Env, Val>,\n    \u001b[1m\u001b[94m|\u001b[0m            \u001b[1m\u001b[92m^^^^^^^^^^^^^^^^^\u001b[0m \u001b[1m\u001b[92mrequired by this bound in `Persistent::set`\u001b[0m\n    \u001b[1m\u001b[94m= \u001b[0m\u001b[1mnote\u001b[0m: the full name for the type has been written to '/Users/romeoscript/Downloads/zk-payroll/zk-payroll-contracts/target/debug/deps/salary_commitment-d728b66825e0b353.long-type-110803175862082817.txt'\n    \u001b[1m\u001b[94m= \u001b[0m\u001b[1mnote\u001b[0m: consider using `--verbose` to print the full type name to the console\n\n"}
{"$message_type":"diagnostic","message":"the trait bound `soroban_sdk::Val: TryFromVal<Env, DataKey>` is not satisfied","code":{"code":"E0277","explanation":"You tried to use a type which doesn't implement some trait in a place which\nexpected that trait.\n\nErroneous code example:\n\n```compile_fail,E0277\n// here we declare the Foo trait with a bar method\ntrait Foo {\n    fn bar(&self);\n}\n\n// we now declare a function which takes an object implementing the Foo trait\nfn some_func<T: Foo>(foo: T) {\n    foo.bar();\n}\n\nfn main() {\n    // we now call the method with the i32 type, which doesn't implement\n    // the Foo trait\n    some_func(5i32); // error: the trait bound `i32 : Foo` is not satisfied\n}\n```\n\nIn order to fix this error, verify that the type you're using does implement\nthe trait. Example:\n\n```\ntrait Foo {\n    fn bar(&self);\n}\n\n// we implement the trait on the i32 type\nimpl Foo for i32 {\n    fn bar(&self) {}\n}\n\nfn some_func<T: Foo>(foo: T) {\n    foo.bar(); // we can now use this method since i32 implements the\n               // Foo trait\n}\n\nfn main() {\n    some_func(5i32); // ok!\n}\n```\n\nOr in a generic context, an erroneous code example would look like:\n\n```compile_fail,E0277\nfn some_func<T>(foo: T) {\n    println!(\"{:?}\", foo); // error: the trait `core::fmt::Debug` is not\n                           //        implemented for the type `T`\n}\n\nfn main() {\n    // We now call the method with the i32 type,\n    // which *does* implement the Debug trait.\n    some_func(5i32);\n}\n```\n\nNote that the error here is in the definition of the generic function. Although\nwe only call it with a parameter that does implement `Debug`, the compiler\nstill rejects the function. It must work with all possible input types. In\norder to make this example compile, we need to restrict the generic type we're\naccepting:\n\n```\nuse std::fmt;\n\n// Restrict the input type to types that implement Debug.\nfn some_func<T: fmt::Debug>(foo: T) {\n    println!(\"{:?}\", foo);\n}\n\nfn main() {\n    // Calling the method is still fine, as i32 implements Debug.\n    some_func(5i32);\n\n    // This would fail to compile now:\n    // struct WithoutDebug;\n    // some_func(WithoutDebug);\n}\n```\n\nRust only looks at the signature of the called function, as such it must\nalready specify all requirements that will be used for every type parameter.\n"},"level":"error","spans":[{"file_name":"contracts/salary_commitment/src/lib.rs","byte_start":1673,"byte_end":1677,"line_start":67,"line_end":67,"column_start":18,"column_end":22,"is_primary":true,"text":[{"text":"            .get(&key)","highlight_start":18,"highlight_end":22}],"label":"the trait `TryFromVal<Env, DataKey>` is not implemented for `soroban_sdk::Val`","suggested_replacement":null,"suggestion_applicability":null,"expansion":null},{"file_name":"contracts/salary_commitment/src/lib.rs","byte_start":1669,"byte_end":1672,"line_start":67,"line_end":67,"column_start":14,"column_end":17,"is_primary":false,"text":[{"text":"            .get(&key)","highlight_start":14,"highlight_end":17}],"label":"required by a bound introduced by this call","suggested_replacement":null,"suggestion_applicability":null,"expansion":null}],"children":[{"message":"the following other types implement trait `TryFromVal<E, V>`:\n  `soroban_sdk::Val` implements `TryFromVal<E, &[u8]>`\n  `soroban_sdk::Val` implements `TryFromVal<E, &str>`\n  `soroban_sdk::Val` implements `TryFromVal<E, ()>`\n  `soroban_sdk::Val` implements `TryFromVal<E, (T0, T1)>`\n  `soroban_sdk::Val` implements `TryFromVal<E, (T0, T1, T2)>`\n  `soroban_sdk::Val` implements `TryFromVal<E, (T0, T1, T2, T3)>`\n  `soroban_sdk::Val` implements `TryFromVal<E, (T0, T1, T2, T3, T4)>`\n  `soroban_sdk::Val` implements `TryFromVal<E, (T0, T1, T2, T3, T4, T5)>`\nand 109 others","code":null,"level":"help","spans":[],"children":[],"rendered":null},{"message":"required for `soroban_sdk::Val` to implement `FromVal<Env, DataKey>`","code":null,"level":"note","spans":[],"children":[],"rendered":null},{"message":"required for `DataKey` to implement `IntoVal<Env, soroban_sdk::Val>`","code":null,"level":"note","spans":[],"children":[],"rendered":null},{"message":"required by a bound in `soroban_sdk::storage::Persistent::get`","code":null,"level":"note","spans":[{"file_name":"/Users/romeoscript/.cargo/registry/src/index.crates.io-1949cf8c6b5b557f/soroban-sdk-21.7.7/src/storage.rs","byte_start":10752,"byte_end":10755,"line_start":313,"line_end":313,"column_start":12,"column_end":15,"is_primary":false,"text":[{"text":"    pub fn get<K, V>(&self, key: &K) -> Option<V>","highlight_start":12,"highlight_end":15}],"label":"required by a bound in this associated function","suggested_replacement":null,"suggestion_applicability":null,"expansion":null},{"file_name":"/Users/romeoscript/.cargo/registry/src/index.crates.io-1949cf8c6b5b557f/soroban-sdk-21.7.7/src/storage.rs","byte_start":10837,"byte_end":10854,"line_start":316,"line_end":316,"column_start":12,"column_end":29,"is_primary":true,"text":[{"text":"        K: IntoVal<Env, Val>,","highlight_start":12,"highlight_end":29}],"label":"required by this bound in `Persistent::get`","suggested_replacement":null,"suggestion_applicability":null,"expansion":null}],"children":[],"rendered":null},{"message":"the full name for the type has been written to '/Users/romeoscript/Downloads/zk-payroll/zk-payroll-contracts/target/debug/deps/salary_commitment-d728b66825e0b353.long-type-110803175862082817.txt'","code":null,"level":"note","spans":[],"children":[],"rendered":null},{"message":"consider using `--verbose` to print the full type name to the console","code":null,"level":"note","spans":[],"children":[],"rendered":null}],"rendered":"\u001b[1m\u001b[91merror[E0277]\u001b[0m\u001b[1m: the trait bound `soroban_sdk::Val: TryFromVal<Env, DataKey>` is not satisfied\u001b[0m\n   \u001b[1m\u001b[94m--> \u001b[0mcontracts/salary_commitment/src/lib.rs:67:18\n    \u001b[1m\u001b[94m|\u001b[0m\n \u001b[1m\u001b[94m67\u001b[0m \u001b[1m\u001b[94m|\u001b[0m             .get(&key)\n    \u001b[1m\u001b[94m|\u001b[0m              \u001b[1m\u001b[94m---\u001b[0m \u001b[1m\u001b[91m^^^^\u001b[0m \u001b[1m\u001b[91mthe trait `TryFromVal<Env, DataKey>` is not implemented for `soroban_sdk::Val`\u001b[0m\n    \u001b[1m\u001b[94m|\u001b[0m              \u001b[1m\u001b[94m|\u001b[0m\n    \u001b[1m\u001b[94m|\u001b[0m              \u001b[1m\u001b[94mrequired by a bound introduced by this call\u001b[0m\n    \u001b[1m\u001b[94m|\u001b[0m\n    \u001b[1m\u001b[94m= \u001b[0m\u001b[1mhelp\u001b[0m: the following other types implement trait `TryFromVal<E, V>`:\n              `soroban_sdk::Val` implements `TryFromVal<E, &[u8]>`\n              `soroban_sdk::Val` implements `TryFromVal<E, &str>`\n              `soroban_sdk::Val` implements `TryFromVal<E, ()>`\n              `soroban_sdk::Val` implements `TryFromVal<E, (T0, T1)>`\n              `soroban_sdk::Val` implements `TryFromVal<E, (T0, T1, T2)>`\n              `soroban_sdk::Val` implements `TryFromVal<E, (T0, T1, T2, T3)>`\n              `soroban_sdk::Val` implements `TryFromVal<E, (T0, T1, T2, T3, T4)>`\n              `soroban_sdk::Val` implements `TryFromVal<E, (T0, T1, T2, T3, T4, T5)>`\n            and 109 others\n    \u001b[1m\u001b[94m= \u001b[0m\u001b[1mnote\u001b[0m: required for `soroban_sdk::Val` to implement `FromVal<Env, DataKey>`\n    \u001b[1m\u001b[94m= \u001b[0m\u001b[1mnote\u001b[0m: required for `DataKey` to implement `IntoVal<Env, soroban_sdk::Val>`\n\u001b[1m\u001b[92mnote\u001b[0m: required by a bound in `soroban_sdk::storage::Persistent::get`\n   \u001b[1m\u001b[94m--> \u001b[0m/Users/romeoscript/.cargo/registry/src/index.crates.io-1949cf8c6b5b557f/soroban-sdk-21.7.7/src/storage.rs:316:12\n    \u001b[1m\u001b[94m|\u001b[0m\n\u001b[1m\u001b[94m313\u001b[0m \u001b[1m\u001b[94m|\u001b[0m     pub fn get<K, V>(&self, key: &K) -> Option<V>\n    \u001b[1m\u001b[94m|\u001b[0m            \u001b[1m\u001b[94m---\u001b[0m \u001b[1m\u001b[94mrequired by a bound in this associated function\u001b[0m\n\u001b[1m\u001b[94m...\u001b[0m\n\u001b[1m\u001b[94m316\u001b[0m \u001b[1m\u001b[94m|\u001b[0m         K: IntoVal<Env, Val>,\n    \u001b[1m\u001b[94m|\u001b[0m            \u001b[1m\u001b[92m^^^^^^^^^^^^^^^^^\u001b[0m \u001b[1m\u001b[92mrequired by this bound in `Persistent::get`\u001b[0m\n    \u001b[1m\u001b[94m= \u001b[0m\u001b[1mnote\u001b[0m: the full name for the type has been written to '/Users/romeoscript/Downloads/zk-payroll/zk-payroll-contracts/target/debug/deps/salary_commitment-d728b66825e0b353.long-type-110803175862082817.txt'\n    \u001b[1m\u001b[94m= \u001b[0m\u001b[1mnote\u001b[0m: consider using `--verbose` to print the full type name to the console\n\n"}
{"$message_type":"diagnostic","message":"the trait bound `SalaryCommitment: TryFromVal<Env, soroban_sdk::Val>` is not satisfied","code":{"code":"E0277","explanation":"You tried to use a type which doesn't implement some trait in a place which\nexpected that trait.\n\nErroneous code example:\n\n```compile_fail,E0277\n// here we declare the Foo trait with a bar method\ntrait Foo {\n    fn bar(&self);\n}\n\n// we now declare a function which takes an object implementing the Foo trait\nfn some_func<T: Foo>(foo: T) {\n    foo.bar();\n}\n\nfn main() {\n    // we now call the method with the i32 type, which doesn't implement\n    // the Foo trait\n    some_func(5i32); // error: the trait bound `i32 : Foo` is not satisfied\n}\n```\n\nIn order to fix this error, verify that the type you're using does implement\nthe trait. Example:\n\n```\ntrait Foo {\n    fn bar(&self);\n}\n\n// we implement the trait on the i32 type\nimpl Foo for i32 {\n    fn bar(&self) {}\n}\n\nfn some_func<T: Foo>(foo: T) {\n    foo.bar(); // we can now use this method since i32 implements the\n               // Foo trait\n}\n\nfn main() {\n    some_func(5i32); // ok!\n}\n```\n\nOr in a generic context, an erroneous code example would look like:\n\n```compile_fail,E0277\nfn some_func<T>(foo: T) {\n    println!(\"{:?}\", foo); // error: the trait `core::fmt::Debug` is not\n                           //        implemented for the type `T`\n}\n\nfn main() {\n    // We now call the method with the i32 type,\n    // which *does* implement the Debug trait.\n    some_func(5i32);\n}\n```\n\nNote that the error here is in the definition of the generic function. Although\nwe only call it with a parameter that does implement `Debug`, the compiler\nstill rejects the function. It must work with all possible input types. In\norder to make this example compile, we need to restrict the generic type we're\naccepting:\n\n```\nuse std::fmt;\n\n// Restrict the input type to types that implement Debug.\nfn some_func<T: fmt::Debug>(foo: T) {\n    println!(\"{:?}\", foo);\n}\n\nfn main() {\n    // Calling the method is still fine, as i32 implements Debug.\n    some_func(5i32);\n\n    // This would fail to compile now:\n    // struct WithoutDebug;\n    // some_func(WithoutDebug);\n}\n```\n\nRust only looks at the signature of the called function, as such it must\nalready specify all requirements that will be used for every type parameter.\n"},"level":"error","spans":[{"file_name":"contracts/salary_commitment/src/lib.rs","byte_start":1669,"byte_end":1672,"line_start":67,"line_end":67,"column_start":14,"column_end":17,"is_primary":true,"text":[{"text":"            .get(&key)","highlight_start":14,"highlight_end":17}],"label":"unsatisfied trait bound","suggested_replacement":null,"suggestion_applicability":null,"expansion":null}],"children":[{"message":"the trait `TryFromVal<Env, soroban_sdk::Val>` is not implemented for `SalaryCommitment`","code":null,"level":"help","spans":[{"file_name":"contracts/salary_commitment/src/lib.rs","byte_start":162,"byte_end":189,"line_start":8,"line_end":8,"column_start":1,"column_end":28,"is_primary":true,"text":[{"text":"pub struct SalaryCommitment {","highlight_start":1,"highlight_end":28}],"label":null,"suggested_replacement":null,"suggestion_applicability":null,"expansion":null}],"children":[],"rendered":null},{"message":"the following other types implement trait `TryFromVal<E, V>`:\n  `()` implements `TryFromVal<E, [soroban_sdk::Val; 0]>`\n  `()` implements `TryFromVal<E, soroban_sdk::Val>`\n  `()` implements `TryFromVal<Env, ()>`\n  `(T0, T1)` implements `TryFromVal<E, [soroban_sdk::Val; N]>`\n  `(T0, T1)` implements `TryFromVal<E, soroban_sdk::Val>`\n  `(T0, T1, T2)` implements `TryFromVal<E, [soroban_sdk::Val; N]>`\n  `(T0, T1, T2)` implements `TryFromVal<E, soroban_sdk::Val>`\n  `(T0, T1, T2, T3)` implements `TryFromVal<E, [soroban_sdk::Val; N]>`\nand 357 others","code":null,"level":"help","spans":[],"children":[],"rendered":null},{"message":"required by a bound in `soroban_sdk::storage::Persistent::get`","code":null,"level":"note","spans":[{"file_name":"/Users/romeoscript/.cargo/registry/src/index.crates.io-1949cf8c6b5b557f/soroban-sdk-21.7.7/src/storage.rs","byte_start":10752,"byte_end":10755,"line_start":313,"line_end":313,"column_start":12,"column_end":15,"is_primary":false,"text":[{"text":"    pub fn get<K, V>(&self, key: &K) -> Option<V>","highlight_start":12,"highlight_end":15}],"label":"required by a bound in this associated function","suggested_replacement":null,"suggestion_applicability":null,"expansion":null},{"file_name":"/Users/romeoscript/.cargo/registry/src/index.crates.io-1949cf8c6b5b557f/soroban-sdk-21.7.7/src/storage.rs","byte_start":10867,"byte_end":10887,"line_start":317,"line_end":317,"column_start":12,"column_end":32,"is_primary":true,"text":[{"text":"        V: TryFromVal<Env, Val>,","highlight_start":12,"highlight_end":32}],"label":"required by this bound in `Persistent::get`","suggested_replacement":null,"suggestion_applicability":null,"expansion":null}],"children":[],"rendered":null},{"message":"the full name for the type has been written to '/Users/romeoscript/Downloads/zk-payroll/zk-payroll-contracts/target/debug/deps/salary_commitment-d728b66825e0b353.long-type-1163518726696716802.txt'","code":null,"level":"note","spans":[],"children":[],"rendered":null},{"message":"consider using `--verbose` to print the full type name to the console","code":null,"level":"note","spans":[],"children":[],"rendered":null}],"rendered":"\u001b[1m\u001b[91merror[E0277]\u001b[0m\u001b[1m: the trait bound `SalaryCommitment: TryFromVal<Env, soroban_sdk::Val>` is not satisfied\u001b[0m\n   \u001b[1m\u001b[94m--> \u001b[0mcontracts/salary_commitment/src/lib.rs:67:14\n    \u001b[1m\u001b[94m|\u001b[0m\n \u001b[1m\u001b[94m67\u001b[0m \u001b[1m\u001b[94m|\u001b[0m             .get(&key)\n    \u001b[1m\u001b[94m|\u001b[0m              \u001b[1m\u001b[91m^^^\u001b[0m \u001b[1m\u001b[91munsatisfied trait bound\u001b[0m\n    \u001b[1m\u001b[94m|\u001b[0m\n\u001b[1m\u001b[96mhelp\u001b[0m: the trait `TryFromVal<Env, soroban_sdk::Val>` is not implemented for `SalaryCommitment`\n   \u001b[1m\u001b[94m--> \u001b[0mcontracts/salary_commitment/src/lib.rs:8:1\n    \u001b[1m\u001b[94m|\u001b[0m\n  \u001b[1m\u001b[94m8\u001b[0m \u001b[1m\u001b[94m|\u001b[0m pub struct SalaryCommitment {\n    \u001b[1m\u001b[94m|\u001b[0m \u001b[1m\u001b[96m^^^^^^^^^^^^^^^^^^^^^^^^^^^\u001b[0m\n    \u001b[1m\u001b[94m= \u001b[0m\u001b[1mhelp\u001b[0m: the following other types implement trait `TryFromVal<E, V>`:\n              `()` implements `TryFromVal<E, [soroban_sdk::Val; 0]>`\n              `()` implements `TryFromVal<E, soroban_sdk::Val>`\n              `()` implements `TryFromVal<Env, ()>`\n              `(T0, T1)` implements `TryFromVal<E, [soroban_sdk::Val; N]>`\n              `(T0, T1)` implements `TryFromVal<E, soroban_sdk::Val>`\n              `(T0, T1, T2)` implements `TryFromVal<E, [soroban_sdk::Val; N]>`\n              `(T0, T1, T2)` implements `TryFromVal<E, soroban_sdk::Val>`\n              `(T0, T1, T2, T3)` implements `TryFromVal<E, [soroban_sdk::Val; N]>`\n            and 357 others\n\u001b[1m\u001b[92mnote\u001b[0m: required by a bound in `soroban_sdk::storage::Persistent::get`\n   \u001b[1m\u001b[94m--> \u001b[0m/Users/romeoscript/.cargo/registry/src/index.crates.io-1949cf8c6b5b557f/soroban-sdk-21.7.7/src/storage.rs:317:12\n    \u001b[1m\u001b[94m|\u001b[0m\n\u001b[1m\u001b[94m313\u001b[0m \u001b[1m\u001b[94m|\u001b[0m     pub fn get<K, V>(&self, key: &K) -> Option<V>\n    \u001b[1m\u001b[94m|\u001b[0m            \u001b[1m\u001b[94m---\u001b[0m \u001b[1m\u001b[94mrequired by a bound in this associated function\u001b[0m\n\u001b[1m\u001b[94m...\u001b[0m\n\u001b[1m\u001b[94m317\u001b[0m \u001b[1m\u001b[94m|\u001b[0m         V: TryFromVal<Env, Val>,\n    \u001b[1m\u001b[94m|\u001b[0m            \u001b[1m\u001b[92m^^^^^^^^^^^^^^^^^^^^\u001b[0m \u001b[1m\u001b[92mrequired by this bound in `Persistent::get`\u001b[0m\n    \u001b[1m\u001b[94m= \u001b[0m\u001b[1mnote\u001b[0m: the full name for the type has been written to '/Users/romeoscript/Downloads/zk-payroll/zk-payroll-contracts/target/debug/deps/salary_commitment-d728b66825e0b353.long-type-1163518726696716802.txt'\n    \u001b[1m\u001b[94m= \u001b[0m\u001b[1mnote\u001b[0m: consider using `--verbose` to print the full type name to the console\n\n"}
{"$message_type":"diagnostic","message":"the trait bound `soroban_sdk::Val: TryFromVal<Env, DataKey>` is not satisfied","code":{"code":"E0277","explanation":"You tried to use a type which doesn't implement some trait in a place which\nexpected that trait.\n\nErroneous code example:\n\n```compile_fail,E0277\n// here we declare the Foo trait with a bar method\ntrait Foo {\n    fn bar(&self);\n}\n\n// we now declare a function which takes an object implementing the Foo trait\nfn some_func<T: Foo>(foo: T) {\n    foo.bar();\n}\n\nfn main() {\n    // we now call the method with the i32 type, which doesn't implement\n    // the Foo trait\n    some_func(5i32); // error: the trait bound `i32 : Foo` is not satisfied\n}\n```\n\nIn order to fix this error, verify that the type you're using does implement\nthe trait. Example:\n\n```\ntrait Foo {\n    fn bar(&self);\n}\n\n// we implement the trait on the i32 type\nimpl Foo for i32 {\n    fn bar(&self) {}\n}\n\nfn some_func<T: Foo>(foo: T) {\n    foo.bar(); // we can now use this method since i32 implements the\n               // Foo trait\n}\n\nfn main() {\n    some_func(5i32); // ok!\n}\n```\n\nOr in a generic context, an erroneous code example would look like:\n\n```compile_fail,E0277\nfn some_func<T>(foo: T) {\n    println!(\"{:?}\", foo); // error: the trait `core::fmt::Debug` is not\n                           //        implemented for the type `T`\n}\n\nfn main() {\n    // We now call the method with the i32 type,\n    // which *does* implement the Debug trait.\n    some_func(5i32);\n}\n```\n\nNote that the error here is in the definition of the generic function. Although\nwe only call it with a parameter that does implement `Debug`, the compiler\nstill rejects the function. It must work with all possible input types. In\norder to make this example compile, we need to restrict the generic type we're\naccepting:\n\n```\nuse std::fmt;\n\n// Restrict the input type to types that implement Debug.\nfn some_func<T: fmt::Debug>(foo: T) {\n    println!(\"{:?}\", foo);\n}\n\nfn main() {\n    // Calling the method is still fine, as i32 implements Debug.\n    some_func(5i32);\n\n    // This would fail to compile now:\n    // struct WithoutDebug;\n    // some_func(WithoutDebug);\n}\n```\n\nRust only looks at the signature of the called function, as such it must\nalready specify all requirements that will be used for every type parameter.\n"},"level":"error","spans":[{"file_name":"contracts/salary_commitment/src/lib.rs","byte_start":1898,"byte_end":1902,"line_start":74,"line_end":74,"column_start":40,"column_end":44,"is_primary":true,"text":[{"text":"        env.storage().persistent().set(&key, &existing);","highlight_start":40,"highlight_end":44}],"label":"the trait `TryFromVal<Env, DataKey>` is not implemented for `soroban_sdk::Val`","suggested_replacement":null,"suggestion_applicability":null,"expansion":null},{"file_name":"contracts/salary_commitment/src/lib.rs","byte_start":1894,"byte_end":1897,"line_start":74,"line_end":74,"column_start":36,"column_end":39,"is_primary":false,"text":[{"text":"        env.storage().persistent().set(&key, &existing);","highlight_start":36,"highlight_end":39}],"label":"required by a bound introduced by this call","suggested_replacement":null,"suggestion_applicability":null,"expansion":null}],"children":[{"message":"the following other types implement trait `TryFromVal<E, V>`:\n  `soroban_sdk::Val` implements `TryFromVal<E, &[u8]>`\n  `soroban_sdk::Val` implements `TryFromVal<E, &str>`\n  `soroban_sdk::Val` implements `TryFromVal<E, ()>`\n  `soroban_sdk::Val` implements `TryFromVal<E, (T0, T1)>`\n  `soroban_sdk::Val` implements `TryFromVal<E, (T0, T1, T2)>`\n  `soroban_sdk::Val` implements `TryFromVal<E, (T0, T1, T2, T3)>`\n  `soroban_sdk::Val` implements `TryFromVal<E, (T0, T1, T2, T3, T4)>`\n  `soroban_sdk::Val` implements `TryFromVal<E, (T0, T1, T2, T3, T4, T5)>`\nand 109 others","code":null,"level":"help","spans":[],"children":[],"rendered":null},{"message":"required for `soroban_sdk::Val` to implement `FromVal<Env, DataKey>`","code":null,"level":"note","spans":[],"children":[],"rendered":null},{"message":"required for `DataKey` to implement `IntoVal<Env, soroban_sdk::Val>`","code":null,"level":"note","spans":[],"children":[],"rendered":null},{"message":"required by a bound in `soroban_sdk::storage::Persistent::set`","code":null,"level":"note","spans":[{"file_name":"/Users/romeoscript/.cargo/registry/src/index.crates.io-1949cf8c6b5b557f/soroban-sdk-21.7.7/src/storage.rs","byte_start":10968,"byte_end":10971,"line_start":322,"line_end":322,"column_start":12,"column_end":15,"is_primary":false,"text":[{"text":"    pub fn set<K, V>(&self, key: &K, val: &V)","highlight_start":12,"highlight_end":15}],"label":"required by a bound in this associated function","suggested_replacement":null,"suggestion_applicability":null,"expansion":null},{"file_name":"/Users/romeoscript/.cargo/registry/src/index.crates.io-1949cf8c6b5b557f/soroban-sdk-21.7.7/src/storage.rs","byte_start":11024,"byte_end":11041,"line_start":324,"line_end":324,"column_start":12,"column_end":29,"is_primary":true,"text":[{"text":"        K: IntoVal<Env, Val>,","highlight_start":12,"highlight_end":29}],"label":"required by this bound in `Persistent::set`","suggested_replacement":null,"suggestion_applicability":null,"expansion":null}],"children":[],"rendered":null},{"message":"the full name for the type has been written to '/Users/romeoscript/Downloads/zk-payroll/zk-payroll-contracts/target/debug/deps/salary_commitment-d728b66825e0b353.long-type-110803175862082817.txt'","code":null,"level":"note","spans":[],"children":[],"rendered":null},{"message":"consider using `--verbose` to print the full type name to the console","code":null,"level":"note","spans":[],"children":[],"rendered":null}],"rendered":"\u001b[1m\u001b[91merror[E0277]\u001b[0m\u001b[1m: the trait bound `soroban_sdk::Val: TryFromVal<Env, DataKey>` is not satisfied\u001b[0m\n   \u001b[1m\u001b[94m--> \u001b[0mcontracts/salary_commitment/src/lib.rs:74:40\n    \u001b[1m\u001b[94m|\u001b[0m\n \u001b[1m\u001b[94m74\u001b[0m \u001b[1m\u001b[94m|\u001b[0m         env.storage().persistent().set(&key, &existing);\n    \u001b[1m\u001b[94m|\u001b[0m                                    \u001b[1m\u001b[94m---\u001b[0m \u001b[1m\u001b[91m^^^^\u001b[0m \u001b[1m\u001b[91mthe trait `TryFromVal<Env, DataKey>` is not implemented for `soroban_sdk::Val`\u001b[0m\n    \u001b[1m\u001b[94m|\u001b[0m                                    \u001b[1m\u001b[94m|\u001b[0m\n    \u001b[1m\u001b[94m|\u001b[0m                                    \u001b[1m\u001b[94mrequired by a bound introduced by this call\u001b[0m\n    \u001b[1m\u001b[94m|\u001b[0m\n    \u001b[1m\u001b[94m= \u001b[0m\u001b[1mhelp\u001b[0m: the following other types implement trait `TryFromVal<E, V>`:\n              `soroban_sdk::Val` implements `TryFromVal<E, &[u8]>`\n              `soroban_sdk::Val` implements `TryFromVal<E, &str>`\n              `soroban_sdk::Val` implements `TryFromVal<E, ()>`\n              `soroban_sdk::Val` implements `TryFromVal<E, (T0, T1)>`\n              `soroban_sdk::Val` implements `TryFromVal<E, (T0, T1, T2)>`\n              `soroban_sdk::Val` implements `TryFromVal<E, (T0, T1, T2, T3)>`\n              `soroban_sdk::Val` implements `TryFromVal<E, (T0, T1, T2, T3, T4)>`\n              `soroban_sdk::Val` implements `TryFromVal<E, (T0, T1, T2, T3, T4, T5)>`\n            and 109 others\n    \u001b[1m\u001b[94m= \u001b[0m\u001b[1mnote\u001b[0m: required for `soroban_sdk::Val` to implement `FromVal<Env, DataKey>`\n    \u001b[1m\u001b[94m= \u001b[0m\u001b[1mnote\u001b[0m: required for `DataKey` to implement `IntoVal<Env, soroban_sdk::Val>`\n\u001b[1m\u001b[92mnote\u001b[0m: required by a bound in `soroban_sdk::storage::Persistent::set`\n   \u001b[1m\u001b[94m--> \u001b[0m/Users/romeoscript/.cargo/registry/src/index.crates.io-1949cf8c6b5b557f/soroban-sdk-21.7.7/src/storage.rs:324:12\n    \u001b[1m\u001b[94m|\u001b[0m\n\u001b[1m\u001b[94m322\u001b[0m \u001b[1m\u001b[94m|\u001b[0m     pub fn set<K, V>(&self, key: &K, val: &V)\n    \u001b[1m\u001b[94m|\u001b[0m            \u001b[1m\u001b[94m---\u001b[0m \u001b[1m\u001b[94mrequired by a bound in this associated function\u001b[0m\n\u001b[1m\u001b[94m323\u001b[0m \u001b[1m\u001b[94m|\u001b[0m     where\n\u001b[1m\u001b[94m324\u001b[0m \u001b[1m\u001b[94m|\u001b[0m         K: IntoVal<Env, Val>,\n    \u001b[1m\u001b[94m|\u001b[0m            \u001b[1m\u001b[92m^^^^^^^^^^^^^^^^^\u001b[0m \u001b[1m\u001b[92mrequired by this bound in `Persistent::set`\u001b[0m\n    \u001b[1m\u001b[94m= \u001b[0m\u001b[1mnote\u001b[0m: the full name for the type has been written to '/Users/romeoscript/Downloads/zk-payroll/zk-payroll-contracts/target/debug/deps/salary_commitment-d728b66825e0b353.long-type-110803175862082817.txt'\n    \u001b[1m\u001b[94m= \u001b[0m\u001b[1mnote\u001b[0m: consider using `--verbose` to print the full type name to the console\n\n"}
{"$message_type":"diagnostic","message":"the trait bound `soroban_sdk::Val: TryFromVal<Env, SalaryCommitment>` is not satisfied","code":{"code":"E0277","explanation":"You tried to use a type which doesn't implement some trait in a place which\nexpected that trait.\n\nErroneous code example:\n\n```compile_fail,E0277\n// here we declare the Foo trait with a bar method\ntrait Foo {\n    fn bar(&self);\n}\n\n// we now declare a function which takes an object implementing the Foo trait\nfn some_func<T: Foo>(foo: T) {\n    foo.bar();\n}\n\nfn main() {\n    // we now call the method with the i32 type, which doesn't implement\n    // the Foo trait\n    some_func(5i32); // error: the trait bound `i32 : Foo` is not satisfied\n}\n```\n\nIn order to fix this error, verify that the type you're using does implement\nthe trait. Example:\n\n```\ntrait Foo {\n    fn bar(&self);\n}\n\n// we implement the trait on the i32 type\nimpl Foo for i32 {\n    fn bar(&self) {}\n}\n\nfn some_func<T: Foo>(foo: T) {\n    foo.bar(); // we can now use this method since i32 implements the\n               // Foo trait\n}\n\nfn main() {\n    some_func(5i32); // ok!\n}\n```\n\nOr in a generic context, an erroneous code example would look like:\n\n```compile_fail,E0277\nfn some_func<T>(foo: T) {\n    println!(\"{:?}\", foo); // error: the trait `core::fmt::Debug` is not\n                           //        implemented for the type `T`\n}\n\nfn main() {\n    // We now call the method with the i32 type,\n    // which *does* implement the Debug trait.\n    some_func(5i32);\n}\n```\n\nNote that the error here is in the definition of the generic function. Although\nwe only call it with a parameter that does implement `Debug`, the compiler\nstill rejects the function. It must work with all possible input types. In\norder to make this example compile, we need to restrict the generic type we're\naccepting:\n\n```\nuse std::fmt;\n\n// Restrict the input type to types that implement Debug.\nfn some_func<T: fmt::Debug>(foo: T) {\n    println!(\"{:?}\", foo);\n}\n\nfn main() {\n    // Calling the method is still fine, as i32 implements Debug.\n    some_func(5i32);\n\n    // This would fail to compile now:\n    // struct WithoutDebug;\n    // some_func(WithoutDebug);\n}\n```\n\nRust only looks at the signature of the called function, as such it must\nalready specify all requirements that will be used for every type parameter.\n"},"level":"error","spans":[{"file_name":"contracts/salary_commitment/src/lib.rs","byte_start":1904,"byte_end":1913,"line_start":74,"line_end":74,"column_start":46,"column_end":55,"is_primary":true,"text":[{"text":"        env.storage().persistent().set(&key, &existing);","highlight_start":46,"highlight_end":55}],"label":"the trait `TryFromVal<Env, SalaryCommitment>` is not implemented for `soroban_sdk::Val`","suggested_replacement":null,"suggestion_applicability":null,"expansion":null},{"file_name":"contracts/salary_commitment/src/lib.rs","byte_start":1894,"byte_end":1897,"line_start":74,"line_end":74,"column_start":36,"column_end":39,"is_primary":false,"text":[{"text":"        env.storage().persistent().set(&key, &existing);","highlight_start":36,"highlight_end":39}],"label":"required by a bound introduced by this call","suggested_replacement":null,"suggestion_applicability":null,"expansion":null}],"children":[{"message":"the following other types implement trait `TryFromVal<E, V>`:\n  `soroban_sdk::Val` implements `TryFromVal<E, &[u8]>`\n  `soroban_sdk::Val` implements `TryFromVal<E, &str>`\n  `soroban_sdk::Val` implements `TryFromVal<E, ()>`\n  `soroban_sdk::Val` implements `TryFromVal<E, (T0, T1)>`\n  `soroban_sdk::Val` implements `TryFromVal<E, (T0, T1, T2)>`\n  `soroban_sdk::Val` implements `TryFromVal<E, (T0, T1, T2, T3)>`\n  `soroban_sdk::Val` implements `TryFromVal<E, (T0, T1, T2, T3, T4)>`\n  `soroban_sdk::Val` implements `TryFromVal<E, (T0, T1, T2, T3, T4, T5)>`\nand 109 others","code":null,"level":"help","spans":[],"children":[],"rendered":null},{"message":"required for `soroban_sdk::Val` to implement `FromVal<Env, SalaryCommitment>`","code":null,"level":"note","spans":[],"children":[],"rendered":null},{"message":"required for `SalaryCommitment` to implement `IntoVal<Env, soroban_sdk::Val>`","code":null,"level":"note","spans":[],"children":[],"rendered":null},{"message":"required by a bound in `soroban_sdk::storage::Persistent::set`","code":null,"level":"note","spans":[{"file_name":"/Users/romeoscript/.cargo/registry/src/index.crates.io-1949cf8c6b5b557f/soroban-sdk-21.7.7/src/storage.rs","byte_start":10968,"byte_end":10971,"line_start":322,"line_end":322,"column_start":12,"column_end":15,"is_primary":false,"text":[{"text":"    pub fn set<K, V>(&self, key: &K, val: &V)","highlight_start":12,"highlight_end":15}],"label":"required by a bound in this associated function","suggested_replacement":null,"suggestion_applicability":null,"expansion":null},{"file_name":"/Users/romeoscript/.cargo/registry/src/index.crates.io-1949cf8c6b5b557f/soroban-sdk-21.7.7/src/storage.rs","byte_start":11054,"byte_end":11071,"line_start":325,"line_end":325,"column_start":12,"column_end":29,"is_primary":true,"text":[{"text":"        V: IntoVal<Env, Val>,","highlight_start":12,"highlight_end":29}],"label":"required by this bound in `Persistent::set`","suggested_replacement":null,"suggestion_applicability":null,"expansion":null}],"children":[],"rendered":null},{"message":"the full name for the type has been written to '/Users/romeoscript/Downloads/zk-payroll/zk-payroll-contracts/target/debug/deps/salary_commitment-d728b66825e0b353.long-type-110803175862082817.txt'","code":null,"level":"note","spans":[],"children":[],"rendered":null},{"message":"consider using `--verbose` to print the full type name to the console","code":null,"level":"note","spans":[],"children":[],"rendered":null}],"rendered":"\u001b[1m\u001b[91merror[E0277]\u001b[0m\u001b[1m: the trait bound `soroban_sdk::Val: TryFromVal<Env, SalaryCommitment>` is not satisfied\u001b[0m\n   \u001b[1m\u001b[94m--> \u001b[0mcontracts/salary_commitment/src/lib.rs:74:46\n    \u001b[1m\u001b[94m|\u001b[0m\n \u001b[1m\u001b[94m74\u001b[0m \u001b[1m\u001b[94m|\u001b[0m         env.storage().persistent().set(&key, &existing);\n    \u001b[1m\u001b[94m|\u001b[0m                                    \u001b[1m\u001b[94m---\u001b[0m       \u001b[1m\u001b[91m^^^^^^^^^\u001b[0m \u001b[1m\u001b[91mthe trait `TryFromVal<Env, SalaryCommitment>` is not implemented for `soroban_sdk::Val`\u001b[0m\n    \u001b[1m\u001b[94m|\u001b[0m                                    \u001b[1m\u001b[94m|\u001b[0m\n    \u001b[1m\u001b[94m|\u001b[0m                                    \u001b[1m\u001b[94mrequired by a bound introduced by this call\u001b[0m\n    \u001b[1m\u001b[94m|\u001b[0m\n    \u001b[1m\u001b[94m= \u001b[0m\u001b[1mhelp\u001b[0m: the following other types implement trait `TryFromVal<E, V>`:\n              `soroban_sdk::Val` implements `TryFromVal<E, &[u8]>`\n              `soroban_sdk::Val` implements `TryFromVal<E, &str>`\n              `soroban_sdk::Val` implements `TryFromVal<E, ()>`\n              `soroban_sdk::Val` implements `TryFromVal<E, (T0, T1)>`\n              `soroban_sdk::Val` implements `TryFromVal<E, (T0, T1, T2)>`\n              `soroban_sdk::Val` implements `TryFromVal<E, (T0, T1, T2, T3)>`\n              `soroban_sdk::Val` implements `TryFromVal<E, (T0, T1, T2, T3, T4)>`\n              `soroban_sdk::Val` implements `TryFromVal<E, (T0, T1, T2, T3, T4, T5)>`\n            and 109 others\n    \u001b[1m\u001b[94m= \u001b[0m\u001b[1mnote\u001b[0m: required for `soroban_sdk::Val` to implement `FromVal<Env, SalaryCommitment>`\n    \u001b[1m\u001b[94m= \u001b[0m\u001b[1mnote\u001b[0m: required for `SalaryCommitment` to implement `IntoVal<Env, soroban_sdk::Val>`\n\u001b[1m\u001b[92mnote\u001b[0m: required by a bound in `soroban_sdk::storage::Persistent::set`\n   \u001b[1m\u001b[94m--> \u001b[0m/Users/romeoscript/.cargo/registry/src/index.crates.io-1949cf8c6b5b557f/soroban-sdk-21.7.7/src/storage.rs:325:12\n    \u001b[1m\u001b[94m|\u001b[0m\n\u001b[1m\u001b[94m322\u001b[0m \u001b[1m\u001b[94m|\u001b[0m     pub fn set<K, V>(&self, key: &K, val: &V)\n    \u001b[1m\u001b[94m|\u001b[0m            \u001b[1m\u001b[94m---\u001b[0m \u001b[1m\u001b[94mrequired by a bound in this associated function\u001b[0m\n\u001b[1m\u001b[94m...\u001b[0m\n\u001b[1m\u001b[94m325\u001b[0m \u001b[1m\u001b[94m|\u001b[0m         V: IntoVal<Env, Val>,\n    \u001b[1m\u001b[94m|\u001b[0m            \u001b[1m\u001b[92m^^^^^^^^^^^^^^^^^\u001b[0m \u001b[1m\u001b[92mrequired by this bound in `Persistent::set`\u001b[0m\n    \u001b[1m\u001b[94m= \u001b[0m\u001b[1mnote\u001b[0m: the full name for the type has been written to '/Users/romeoscript/Downloads/zk-payroll/zk-payroll-contracts/target/debug/deps/salary_commitment-d728b66825e0b353.long-type-110803175862082817.txt'\n    \u001b[1m\u001b[94m= \u001b[0m\u001b[1mnote\u001b[0m: consider using `--verbose` to print the full type name to the console\n\n"}
{"$message_type":"diagnostic","message":"the trait bound `soroban_sdk::Val: TryFromVal<Env, DataKey>` is not satisfied","code":{"code":"E0277","explanation":"You tried to use a type which doesn't implement some trait in a place which\nexpected that trait.\n\nErroneous code example:\n\n```compile_fail,E0277\n// here we declare the Foo trait with a bar method\ntrait Foo {\n    fn bar(&self);\n}\n\n// we now declare a function which takes an object implementing the Foo trait\nfn some_func<T: Foo>(foo: T) {\n    foo.bar();\n}\n\nfn main() {\n    // we now call the method with the i32 type, which doesn't implement\n    // the Foo trait\n    some_func(5i32); // error: the trait bound `i32 : Foo` is not satisfied\n}\n```\n\nIn order to fix this error, verify that the type you're using does implement\nthe trait. Example:\n\n```\ntrait Foo {\n    fn bar(&self);\n}\n\n// we implement the trait on the i32 type\nimpl Foo for i32 {\n    fn bar(&self) {}\n}\n\nfn some_func<T: Foo>(foo: T) {\n    foo.bar(); // we can now use this method since i32 implements the\n               // Foo trait\n}\n\nfn main() {\n    some_func(5i32); // ok!\n}\n```\n\nOr in a generic context, an erroneous code example would look like:\n\n```compile_fail,E0277\nfn some_func<T>(foo: T) {\n    println!(\"{:?}\", foo); // error: the trait `core::fmt::Debug` is not\n                           //        implemented for the type `T`\n}\n\nfn main() {\n    // We now call the method with the i32 type,\n    // which *does* implement the Debug trait.\n    some_func(5i32);\n}\n```\n\nNote that the error here is in the definition of the generic function. Although\nwe only call it with a parameter that does implement `Debug`, the compiler\nstill rejects the function. It must work with all possible input types. In\norder to make this example compile, we need to restrict the generic type we're\naccepting:\n\n```\nuse std::fmt;\n\n// Restrict the input type to types that implement Debug.\nfn some_func<T: fmt::Debug>(foo: T) {\n    println!(\"{:?}\", foo);\n}\n\nfn main() {\n    // Calling the method is still fine, as i32 implements Debug.\n    some_func(5i32);\n\n    // This would fail to compile now:\n    // struct WithoutDebug;\n    // some_func(WithoutDebug);\n}\n```\n\nRust only looks at the signature of the called function, as such it must\nalready specify all requirements that will be used for every type parameter.\n"},"level":"error","spans":[{"file_name":"contracts/salary_commitment/src/lib.rs","byte_start":2171,"byte_end":2175,"line_start":84,"line_end":84,"column_start":18,"column_end":22,"is_primary":true,"text":[{"text":"            .get(&key)","highlight_start":18,"highlight_end":22}],"label":"the trait `TryFromVal<Env, DataKey>` is not implemented for `soroban_sdk::Val`","suggested_replacement":null,"suggestion_applicability":null,"expansion":null},{"file_name":"contracts/salary_commitment/src/lib.rs","byte_start":2167,"byte_end":2170,"line_start":84,"line_end":84,"column_start":14,"column_end":17,"is_primary":false,"text":[{"text":"            .get(&key)","highlight_start":14,"highlight_end":17}],"label":"required by a bound introduced by this call","suggested_replacement":null,"suggestion_applicability":null,"expansion":null}],"children":[{"message":"the following other types implement trait `TryFromVal<E, V>`:\n  `soroban_sdk::Val` implements `TryFromVal<E, &[u8]>`\n  `soroban_sdk::Val` implements `TryFromVal<E, &str>`\n  `soroban_sdk::Val` implements `TryFromVal<E, ()>`\n  `soroban_sdk::Val` implements `TryFromVal<E, (T0, T1)>`\n  `soroban_sdk::Val` implements `TryFromVal<E, (T0, T1, T2)>`\n  `soroban_sdk::Val` implements `TryFromVal<E, (T0, T1, T2, T3)>`\n  `soroban_sdk::Val` implements `TryFromVal<E, (T0, T1, T2, T3, T4)>`\n  `soroban_sdk::Val` implements `TryFromVal<E, (T0, T1, T2, T3, T4, T5)>`\nand 109 others","code":null,"level":"help","spans":[],"children":[],"rendered":null},{"message":"required for `soroban_sdk::Val` to implement `FromVal<Env, DataKey>`","code":null,"level":"note","spans":[],"children":[],"rendered":null},{"message":"required for `DataKey` to implement `IntoVal<Env, soroban_sdk::Val>`","code":null,"level":"note","spans":[],"children":[],"rendered":null},{"message":"required by a bound in `soroban_sdk::storage::Persistent::get`","code":null,"level":"note","spans":[{"file_name":"/Users/romeoscript/.cargo/registry/src/index.crates.io-1949cf8c6b5b557f/soroban-sdk-21.7.7/src/storage.rs","byte_start":10752,"byte_end":10755,"line_start":313,"line_end":313,"column_start":12,"column_end":15,"is_primary":false,"text":[{"text":"    pub fn get<K, V>(&self, key: &K) -> Option<V>","highlight_start":12,"highlight_end":15}],"label":"required by a bound in this associated function","suggested_replacement":null,"suggestion_applicability":null,"expansion":null},{"file_name":"/Users/romeoscript/.cargo/registry/src/index.crates.io-1949cf8c6b5b557f/soroban-sdk-21.7.7/src/storage.rs","byte_start":10837,"byte_end":10854,"line_start":316,"line_end":316,"column_start":12,"column_end":29,"is_primary":true,"text":[{"text":"        K: IntoVal<Env, Val>,","highlight_start":12,"highlight_end":29}],"label":"required by this bound in `Persistent::get`","suggested_replacement":null,"suggestion_applicability":null,"expansion":null}],"children":[],"rendered":null},{"message":"the full name for the type has been written to '/Users/romeoscript/Downloads/zk-payroll/zk-payroll-contracts/target/debug/deps/salary_commitment-d728b66825e0b353.long-type-110803175862082817.txt'","code":null,"level":"note","spans":[],"children":[],"rendered":null},{"message":"consider using `--verbose` to print the full type name to the console","code":null,"level":"note","spans":[],"children":[],"rendered":null}],"rendered":"\u001b[1m\u001b[91merror[E0277]\u001b[0m\u001b[1m: the trait bound `soroban_sdk::Val: TryFromVal<Env, DataKey>` is not satisfied\u001b[0m\n   \u001b[1m\u001b[94m--> \u001b[0mcontracts/salary_commitment/src/lib.rs:84:18\n    \u001b[1m\u001b[94m|\u001b[0m\n \u001b[1m\u001b[94m84\u001b[0m \u001b[1m\u001b[94m|\u001b[0m             .get(&key)\n    \u001b[1m\u001b[94m|\u001b[0m              \u001b[1m\u001b[94m---\u001b[0m \u001b[1m\u001b[91m^^^^\u001b[0m \u001b[1m\u001b[91mthe trait `TryFromVal<Env, DataKey>` is not implemented for `soroban_sdk::Val`\u001b[0m\n    \u001b[1m\u001b[94m|\u001b[0m              \u001b[1m\u001b[94m|\u001b[0m\n    \u001b[1m\u001b[94m|\u001b[0m              \u001b[1m\u001b[94mrequired by a bound introduced by this call\u001b[0m\n    \u001b[1m\u001b[94m|\u001b[0m\n    \u001b[1m\u001b[94m= \u001b[0m\u001b[1mhelp\u001b[0m: the following other types implement trait `TryFromVal<E, V>`:\n              `soroban_sdk::Val` implements `TryFromVal<E, &[u8]>`\n              `soroban_sdk::Val` implements `TryFromVal<E, &str>`\n              `soroban_sdk::Val` implements `TryFromVal<E, ()>`\n              `soroban_sdk::Val` implements `TryFromVal<E, (T0, T1)>`\n              `soroban_sdk::Val` implements `TryFromVal<E, (T0, T1, T2)>`\n              `soroban_sdk::Val` implements `TryFromVal<E, (T0, T1, T2, T3)>`\n              `soroban_sdk::Val` implements `TryFromVal<E, (T0, T1, T2, T3, T4)>`\n              `soroban_sdk::Val` implements `TryFromVal<E, (T0, T1, T2, T3, T4, T5)>`\n            and 109 others\n    \u001b[1m\u001b[94m= \u001b[0m\u001b[1mnote\u001b[0m: required for `soroban_sdk::Val` to implement `FromVal<Env, DataKey>`\n    \u001b[1m\u001b[94m= \u001b[0m\u001b[1mnote\u001b[0m: required for `DataKey` to implement `IntoVal<Env, soroban_sdk::Val>`\n\u001b[1m\u001b[92mnote\u001b[0m: required by a bound in `soroban_sdk::storage::Persistent::get`\n   \u001b[1m\u001b[94m--> \u001b[0m/Users/romeoscript/.cargo/registry/src/index.crates.io-1949cf8c6b5b557f/soroban-sdk-21.7.7/src/storage.rs:316:12\n    \u001b[1m\u001b[94m|\u001b[0m\n\u001b[1m\u001b[94m313\u001b[0m \u001b[1m\u001b[94m|\u001b[0m     pub fn get<K, V>(&self, key: &K) -> Option<V>\n    \u001b[1m\u001b[94m|\u001b[0m            \u001b[1m\u001b[94m---\u001b[0m \u001b[1m\u001b[94mrequired by a bound in this associated function\u001b[0m\n\u001b[1m\u001b[94m...\u001b[0m\n\u001b[1m\u001b[94m316\u001b[0m \u001b[1m\u001b[94m|\u001b[0m         K: IntoVal<Env, Val>,\n    \u001b[1m\u001b[94m|\u001b[0m            \u001b[1m\u001b[92m^^^^^^^^^^^^^^^^^\u001b[0m \u001b[1m\u001b[92mrequired by this bound in `Persistent::get`\u001b[0m\n    \u001b[1m\u001b[94m= \u001b[0m\u001b[1mnote\u001b[0m: the full name for the type has been written to '/Users/romeoscript/Downloads/zk-payroll/zk-payroll-contracts/target/debug/deps/salary_commitment-d728b66825e0b353.long-type-110803175862082817.txt'\n    \u001b[1m\u001b[94m= \u001b[0m\u001b[1mnote\u001b[0m: consider using `--verbose` to print the full type name to the console\n\n"}
{"$message_type":"diagnostic","message":"the trait bound `SalaryCommitment: TryFromVal<Env, soroban_sdk::Val>` is not satisfied","code":{"code":"E0277","explanation":"You tried to use a type which doesn't implement some trait in a place which\nexpected that trait.\n\nErroneous code example:\n\n```compile_fail,E0277\n// here we declare the Foo trait with a bar method\ntrait Foo {\n    fn bar(&self);\n}\n\n// we now declare a function which takes an object implementing the Foo trait\nfn some_func<T: Foo>(foo: T) {\n    foo.bar();\n}\n\nfn main() {\n    // we now call the method with the i32 type, which doesn't implement\n    // the Foo trait\n    some_func(5i32); // error: the trait bound `i32 : Foo` is not satisfied\n}\n```\n\nIn order to fix this error, verify that the type you're using does implement\nthe trait. Example:\n\n```\ntrait Foo {\n    fn bar(&self);\n}\n\n// we implement the trait on the i32 type\nimpl Foo for i32 {\n    fn bar(&self) {}\n}\n\nfn some_func<T: Foo>(foo: T) {\n    foo.bar(); // we can now use this method since i32 implements the\n               // Foo trait\n}\n\nfn main() {\n    some_func(5i32); // ok!\n}\n```\n\nOr in a generic context, an erroneous code example would look like:\n\n```compile_fail,E0277\nfn some_func<T>(foo: T) {\n    println!(\"{:?}\", foo); // error: the trait `core::fmt::Debug` is not\n                           //        implemented for the type `T`\n}\n\nfn main() {\n    // We now call the method with the i32 type,\n    // which *does* implement the Debug trait.\n    some_func(5i32);\n}\n```\n\nNote that the error here is in the definition of the generic function. Although\nwe only call it with a parameter that does implement `Debug`, the compiler\nstill rejects the function. It must work with all possible input types. In\norder to make this example compile, we need to restrict the generic type we're\naccepting:\n\n```\nuse std::fmt;\n\n// Restrict the input type to types that implement Debug.\nfn some_func<T: fmt::Debug>(foo: T) {\n    println!(\"{:?}\", foo);\n}\n\nfn main() {\n    // Calling the method is still fine, as i32 implements Debug.\n    some_func(5i32);\n\n    // This would fail to compile now:\n    // struct WithoutDebug;\n    // some_func(WithoutDebug);\n}\n```\n\nRust only looks at the signature of the called function, as such it must\nalready specify all requirements that will be used for every type parameter.\n"},"level":"error","spans":[{"file_name":"contracts/salary_commitment/src/lib.rs","byte_start":2167,"byte_end":2170,"line_start":84,"line_end":84,"column_start":14,"column_end":17,"is_primary":true,"text":[{"text":"            .get(&key)","highlight_start":14,"highlight_end":17}],"label":"unsatisfied trait bound","suggested_replacement":null,"suggestion_applicability":null,"expansion":null}],"children":[{"message":"the trait `TryFromVal<Env, soroban_sdk::Val>` is not implemented for `SalaryCommitment`","code":null,"level":"help","spans":[{"file_name":"contracts/salary_commitment/src/lib.rs","byte_start":162,"byte_end":189,"line_start":8,"line_end":8,"column_start":1,"column_end":28,"is_primary":true,"text":[{"text":"pub struct SalaryCommitment {","highlight_start":1,"highlight_end":28}],"label":null,"suggested_replacement":null,"suggestion_applicability":null,"expansion":null}],"children":[],"rendered":null},{"message":"the following other types implement trait `TryFromVal<E, V>`:\n  `()` implements `TryFromVal<E, [soroban_sdk::Val; 0]>`\n  `()` implements `TryFromVal<E, soroban_sdk::Val>`\n  `()` implements `TryFromVal<Env, ()>`\n  `(T0, T1)` implements `TryFromVal<E, [soroban_sdk::Val; N]>`\n  `(T0, T1)` implements `TryFromVal<E, soroban_sdk::Val>`\n  `(T0, T1, T2)` implements `TryFromVal<E, [soroban_sdk::Val; N]>`\n  `(T0, T1, T2)` implements `TryFromVal<E, soroban_sdk::Val>`\n  `(T0, T1, T2, T3)` implements `TryFromVal<E, [soroban_sdk::Val; N]>`\nand 357 others","code":null,"level":"help","spans":[],"children":[],"rendered":null},{"message":"required by a bound in `soroban_sdk::storage::Persistent::get`","code":null,"level":"note","spans":[{"file_name":"/Users/romeoscript/.cargo/registry/src/index.crates.io-1949cf8c6b5b557f/soroban-sdk-21.7.7/src/storage.rs","byte_start":10752,"byte_end":10755,"line_start":313,"line_end":313,"column_start":12,"column_end":15,"is_primary":false,"text":[{"text":"    pub fn get<K, V>(&self, key: &K) -> Option<V>","highlight_start":12,"highlight_end":15}],"label":"required by a bound in this associated function","suggested_replacement":null,"suggestion_applicability":null,"expansion":null},{"file_name":"/Users/romeoscript/.cargo/registry/src/index.crates.io-1949cf8c6b5b557f/soroban-sdk-21.7.7/src/storage.rs","byte_start":10867,"byte_end":10887,"line_start":317,"line_end":317,"column_start":12,"column_end":32,"is_primary":true,"text":[{"text":"        V: TryFromVal<Env, Val>,","highlight_start":12,"highlight_end":32}],"label":"required by this bound in `Persistent::get`","suggested_replacement":null,"suggestion_applicability":null,"expansion":null}],"children":[],"rendered":null},{"message":"the full name for the type has been written to '/Users/romeoscript/Downloads/zk-payroll/zk-payroll-contracts/target/debug/deps/salary_commitment-d728b66825e0b353.long-type-1163518726696716802.txt'","code":null,"level":"note","spans":[],"children":[],"rendered":null},{"message":"consider using `--verbose` to print the full type name to the console","code":null,"level":"note","spans":[],"children":[],"rendered":null}],"rendered":"\u001b[1m\u001b[91merror[E0277]\u001b[0m\u001b[1m: the trait bound `SalaryCommitment: TryFromVal<Env, soroban_sdk::Val>` is not satisfied\u001b[0m\n   \u001b[1m\u001b[94m--> \u001b[0mcontracts/salary_commitment/src/lib.rs:84:14\n    \u001b[1m\u001b[94m|\u001b[0m\n \u001b[1m\u001b[94m84\u001b[0m \u001b[1m\u001b[94m|\u001b[0m             .get(&key)\n    \u001b[1m\u001b[94m|\u001b[0m              \u001b[1m\u001b[91m^^^\u001b[0m \u001b[1m\u001b[91munsatisfied trait bound\u001b[0m\n    \u001b[1m\u001b[94m|\u001b[0m\n\u001b[1m\u001b[96mhelp\u001b[0m: the trait `TryFromVal<Env, soroban_sdk::Val>` is not implemented for `SalaryCommitment`\n   \u001b[1m\u001b[94m--> \u001b[0mcontracts/salary_commitment/src/lib.rs:8:1\n    \u001b[1m\u001b[94m|\u001b[0m\n  \u001b[1m\u001b[94m8\u001b[0m \u001b[1m\u001b[94m|\u001b[0m pub struct SalaryCommitment {\n    \u001b[1m\u001b[94m|\u001b[0m \u001b[1m\u001b[96m^^^^^^^^^^^^^^^^^^^^^^^^^^^\u001b[0m\n    \u001b[1m\u001b[94m= \u001b[0m\u001b[1mhelp\u001b[0m: the following other types implement trait `TryFromVal<E, V>`:\n              `()` implements `TryFromVal<E, [soroban_sdk::Val; 0]>`\n              `()` implements `TryFromVal<E, soroban_sdk::Val>`\n              `()` implements `TryFromVal<Env, ()>`\n              `(T0, T1)` implements `TryFromVal<E, [soroban_sdk::Val; N]>`\n              `(T0, T1)` implements `TryFromVal<E, soroban_sdk::Val>`\n              `(T0, T1, T2)` implements `TryFromVal<E, [soroban_sdk::Val; N]>`\n              `(T0, T1, T2)` implements `TryFromVal<E, soroban_sdk::Val>`\n              `(T0, T1, T2, T3)` implements `TryFromVal<E, [soroban_sdk::Val; N]>`\n            and 357 others\n\u001b[1m\u001b[92mnote\u001b[0m: required by a bound in `soroban_sdk::storage::Persistent::get`\n   \u001b[1m\u001b[94m--> \u001b[0m/Users/romeoscript/.cargo/registry/src/index.crates.io-1949cf8c6b5b557f/soroban-sdk-21.7.7/src/storage.rs:317:12\n    \u001b[1m\u001b[94m|\u001b[0m\n\u001b[1m\u001b[94m313\u001b[0m \u001b[1m\u001b[94m|\u001b[0m     pub fn get<K, V>(&self, key: &K) -> Option<V>\n    \u001b[1m\u001b[94m|\u001b[0m            \u001b[1m\u001b[94m---\u001b[0m \u001b[1m\u001b[94mrequired by a bound in this associated function\u001b[0m\n\u001b[1m\u001b[94m...\u001b[0m\n\u001b[1m\u001b[94m317\u001b[0m \u001b[1m\u001b[94m|\u001b[0m         V: TryFromVal<Env, Val>,\n    \u001b[1m\u001b[94m|\u001b[0m            \u001b[1m\u001b[92m^^^^^^^^^^^^^^^^^^^^\u001b[0m \u001b[1m\u001b[92mrequired by this bound in `Persistent::get`\u001b[0m\n    \u001b[1m\u001b[94m= \u001b[0m\u001b[1mnote\u001b[0m: the full name for the type has been written to '/Users/romeoscript/Downloads/zk-payroll/zk-payroll-contracts/target/debug/deps/salary_commitment-d728b66825e0b353.long-type-1163518726696716802.txt'\n    \u001b[1m\u001b[94m= \u001b[0m\u001b[1mnote\u001b[0m: consider using `--verbose` to print the full type name to the console\n\n"}
{"$message_type":"diagnostic","message":"the trait bound `soroban_sdk::Val: TryFromVal<Env, DataKey>` is not satisfied","code":{"code":"E0277","explanation":"You tried to use a type which doesn't implement some trait in a place which\nexpected that trait.\n\nErroneous code example:\n\n```compile_fail,E0277\n// here we declare the Foo trait with a bar method\ntrait Foo {\n    fn bar(&self);\n}\n\n// we now declare a function which takes an object implementing the Foo trait\nfn some_func<T: Foo>(foo: T) {\n    foo.bar();\n}\n\nfn main() {\n    // we now call the method with the i32 type, which doesn't implement\n    // the Foo trait\n    some_func(5i32); // error: the trait bound `i32 : Foo` is not satisfied\n}\n```\n\nIn order to fix this error, verify that the type you're using does implement\nthe trait. Example:\n\n```\ntrait Foo {\n    fn bar(&self);\n}\n\n// we implement the trait on the i32 type\nimpl Foo for i32 {\n    fn bar(&self) {}\n}\n\nfn some_func<T: Foo>(foo: T) {\n    foo.bar(); // we can now use this method since i32 implements the\n               // Foo trait\n}\n\nfn main() {\n    some_func(5i32); // ok!\n}\n```\n\nOr in a generic context, an erroneous code example would look like:\n\n```compile_fail,E0277\nfn some_func<T>(foo: T) {\n    println!(\"{:?}\", foo); // error: the trait `core::fmt::Debug` is not\n                           //        implemented for the type `T`\n}\n\nfn main() {\n    // We now call the method with the i32 type,\n    // which *does* implement the Debug trait.\n    some_func(5i32);\n}\n```\n\nNote that the error here is in the definition of the generic function. Although\nwe only call it with a parameter that does implement `Debug`, the compiler\nstill rejects the function. It must work with all possible input types. In\norder to make this example compile, we need to restrict the generic type we're\naccepting:\n\n```\nuse std::fmt;\n\n// Restrict the input type to types that implement Debug.\nfn some_func<T: fmt::Debug>(foo: T) {\n    println!(\"{:?}\", foo);\n}\n\nfn main() {\n    // Calling the method is still fine, as i32 implements Debug.\n    some_func(5i32);\n\n    // This would fail to compile now:\n    // struct WithoutDebug;\n    // some_func(WithoutDebug);\n}\n```\n\nRust only looks at the signature of the called function, as such it must\nalready specify all requirements that will be used for every type parameter.\n"},"level":"error","spans":[{"file_name":"contracts/salary_commitment/src/lib.rs","byte_start":2418,"byte_end":2422,"line_start":91,"line_end":91,"column_start":40,"column_end":44,"is_primary":true,"text":[{"text":"        env.storage().persistent().has(&key)","highlight_start":40,"highlight_end":44}],"label":"the trait `TryFromVal<Env, DataKey>` is not implemented for `soroban_sdk::Val`","suggested_replacement":null,"suggestion_applicability":null,"expansion":null},{"file_name":"contracts/salary_commitment/src/lib.rs","byte_start":2414,"byte_end":2417,"line_start":91,"line_end":91,"column_start":36,"column_end":39,"is_primary":false,"text":[{"text":"        env.storage().persistent().has(&key)","highlight_start":36,"highlight_end":39}],"label":"required by a bound introduced by this call","suggested_replacement":null,"suggestion_applicability":null,"expansion":null}],"children":[{"message":"the following other types implement trait `TryFromVal<E, V>`:\n  `soroban_sdk::Val` implements `TryFromVal<E, &[u8]>`\n  `soroban_sdk::Val` implements `TryFromVal<E, &str>`\n  `soroban_sdk::Val` implements `TryFromVal<E, ()>`\n  `soroban_sdk::Val` implements `TryFromVal<E, (T0, T1)>`\n  `soroban_sdk::Val` implements `TryFromVal<E, (T0, T1, T2)>`\n  `soroban_sdk::Val` implements `TryFromVal<E, (T0, T1, T2, T3)>`\n  `soroban_sdk::Val` implements `TryFromVal<E, (T0, T1, T2, T3, T4)>`\n  `soroban_sdk::Val` implements `TryFromVal<E, (T0, T1, T2, T3, T4, T5)>`\nand 109 others","code":null,"level":"help","spans":[],"children":[],"rendered":null},{"message":"required for `soroban_sdk::Val` to implement `FromVal<Env, DataKey>`","code":null,"level":"note","spans":[],"children":[],"rendered":null},{"message":"required for `DataKey` to implement `IntoVal<Env, soroban_sdk::Val>`","code":null,"level":"note","spans":[],"children":[],"rendered":null},{"message":"required by a bound in `soroban_sdk::storage::Persistent::has`","code":null,"level":"note","spans":[{"file_name":"/Users/romeoscript/.cargo/registry/src/index.crates.io-1949cf8c6b5b557f/soroban-sdk-21.7.7/src/storage.rs","byte_start":10602,"byte_end":10605,"line_start":306,"line_end":306,"column_start":12,"column_end":15,"is_primary":false,"text":[{"text":"    pub fn has<K>(&self, key: &K) -> bool","highlight_start":12,"highlight_end":15}],"label":"required by a bound in this associated function","suggested_replacement":null,"suggestion_applicability":null,"expansion":null},{"file_name":"/Users/romeoscript/.cargo/registry/src/index.crates.io-1949cf8c6b5b557f/soroban-sdk-21.7.7/src/storage.rs","byte_start":10654,"byte_end":10671,"line_start":308,"line_end":308,"column_start":12,"column_end":29,"is_primary":true,"text":[{"text":"        K: IntoVal<Env, Val>,","highlight_start":12,"highlight_end":29}],"label":"required by this bound in `Persistent::has`","suggested_replacement":null,"suggestion_applicability":null,"expansion":null}],"children":[],"rendered":null},{"message":"the full name for the type has been written to '/Users/romeoscript/Downloads/zk-payroll/zk-payroll-contracts/target/debug/deps/salary_commitment-d728b66825e0b353.long-type-110803175862082817.txt'","code":null,"level":"note","spans":[],"children":[],"rendered":null},{"message":"consider using `--verbose` to print the full type name to the console","code":null,"level":"note","spans":[],"children":[],"rendered":null}],"rendered":"\u001b[1m\u001b[91merror[E0277]\u001b[0m\u001b[1m: the trait bound `soroban_sdk::Val: TryFromVal<Env, DataKey>` is not satisfied\u001b[0m\n   \u001b[1m\u001b[94m--> \u001b[0mcontracts/salary_commitment/src/lib.rs:91:40\n    \u001b[1m\u001b[94m|\u001b[0m\n \u001b[1m\u001b[94m91\u001b[0m \u001b[1m\u001b[94m|\u001b[0m         env.storage().persistent().has(&key)\n    \u001b[1m\u001b[94m|\u001b[0m                                    \u001b[1m\u001b[94m---\u001b[0m \u001b[1m\u001b[91m^^^^\u001b[0m \u001b[1m\u001b[91mthe trait `TryFromVal<Env, DataKey>` is not implemented for `soroban_sdk::Val`\u001b[0m\n    \u001b[1m\u001b[94m|\u001b[0m                                    \u001b[1m\u001b[94m|\u001b[0m\n    \u001b[1m\u001b[94m|\u001b[0m                                    \u001b[1m\u001b[94mrequired by a bound introduced by this call\u001b[0m\n    \u001b[1m\u001b[94m|\u001b[0m\n    \u001b[1m\u001b[94m= \u001b[0m\u001b[1mhelp\u001b[0m: the following other types implement trait `TryFromVal<E, V>`:\n              `soroban_sdk::Val` implements `TryFromVal<E, &[u8]>`\n              `soroban_sdk::Val` implements `TryFromVal<E, &str>`\n              `soroban_sdk::Val` implements `TryFromVal<E, ()>`\n              `soroban_sdk::Val` implements `TryFromVal<E, (T0, T1)>`\n              `soroban_sdk::Val` implements `TryFromVal<E, (T0, T1, T2)>`\n              `soroban_sdk::Val` implements `TryFromVal<E, (T0, T1, T2, T3)>`\n              `soroban_sdk::Val` implements `TryFromVal<E, (T0, T1, T2, T3, T4)>`\n              `soroban_sdk::Val` implements `TryFromVal<E, (T0, T1, T2, T3, T4, T5)>`\n            and 109 others\n    \u001b[1m\u001b[94m= \u001b[0m\u001b[1mnote\u001b[0m: required for `soroban_sdk::Val` to implement `FromVal<Env, DataKey>`\n    \u001b[1m\u001b[94m= \u001b[0m\u001b[1mnote\u001b[0m: required for `DataKey` to implement `IntoVal<Env, soroban_sdk::Val>`\n\u001b[1m\u001b[92mnote\u001b[0m: required by a bound in `soroban_sdk::storage::Persistent::has`\n   \u001b[1m\u001b[94m--> \u001b[0m/Users/romeoscript/.cargo/registry/src/index.crates.io-1949cf8c6b5b557f/soroban-sdk-21.7.7/src/storage.rs:308:12\n    \u001b[1m\u001b[94m|\u001b[0m\n\u001b[1m\u001b[94m306\u001b[0m \u001b[1m\u001b[94m|\u001b[0m     pub fn has<K>(&self, key: &K) -> bool\n    \u001b[1m\u001b[94m|\u001b[0m            \u001b[1m\u001b[94m---\u001b[0m \u001b[1m\u001b[94mrequired by a bound in this associated function\u001b[0m\n\u001b[1m\u001b[94m307\u001b[0m \u001b[1m\u001b[94m|\u001b[0m     where\n\u001b[1m\u001b[94m308\u001b[0m \u001b[1m\u001b[94m|\u001b[0m         K: IntoVal<Env, Val>,\n    \u001b[1m\u001b[94m|\u001b[0m            \u001b[1m\u001b[92m^^^^^^^^^^^^^^^^^\u001b[0m \u001b[1m\u001b[92mrequired by this bound in `Persistent::has`\u001b[0m\n    \u001b[1m\u001b[94m= \u001b[0m\u001b[1mnote\u001b[0m: the full name for the type has been written to '/Users/romeoscript/Downloads/zk-payroll/zk-payroll-contracts/target/debug/deps/salary_commitment-d728b66825e0b353.long-type-110803175862082817.txt'\n    \u001b[1m\u001b[94m= \u001b[0m\u001b[1mnote\u001b[0m: consider using `--verbose` to print the full type name to the console\n\n"}
{"$message_type":"diagnostic","message":"the trait bound `soroban_sdk::Val: TryFromVal<Env, DataKey>` is not satisfied","code":{"code":"E0277","explanation":"You tried to use a type which doesn't implement some trait in a place which\nexpected that trait.\n\nErroneous code example:\n\n```compile_fail,E0277\n// here we declare the Foo trait with a bar method\ntrait Foo {\n    fn bar(&self);\n}\n\n// we now declare a function which takes an object implementing the Foo trait\nfn some_func<T: Foo>(foo: T) {\n    foo.bar();\n}\n\nfn main() {\n    // we now call the method with the i32 type, which doesn't implement\n    // the Foo trait\n    some_func(5i32); // error: the trait bound `i32 : Foo` is not satisfied\n}\n```\n\nIn order to fix this error, verify that the type you're using does implement\nthe trait. Example:\n\n```\ntrait Foo {\n    fn bar(&self);\n}\n\n// we implement the trait on the i32 type\nimpl Foo for i32 {\n    fn bar(&self) {}\n}\n\nfn some_func<T: Foo>(foo: T) {\n    foo.bar(); // we can now use this method since i32 implements the\n               // Foo trait\n}\n\nfn main() {\n    some_func(5i32); // ok!\n}\n```\n\nOr in a generic context, an erroneous code example would look like:\n\n```compile_fail,E0277\nfn some_func<T>(foo: T) {\n    println!(\"{:?}\", foo); // error: the trait `core::fmt::Debug` is not\n                           //        implemented for the type `T`\n}\n\nfn main() {\n    // We now call the method with the i32 type,\n    // which *does* implement the Debug trait.\n    some_func(5i32);\n}\n```\n\nNote that the error here is in the definition of the generic function. Although\nwe only call it with a parameter that does implement `Debug`, the compiler\nstill rejects the function. It must work with all possible input types. In\norder to make this example compile, we need to restrict the generic type we're\naccepting:\n\n```\nuse std::fmt;\n\n// Restrict the input type to types that implement Debug.\nfn some_func<T: fmt::Debug>(foo: T) {\n    println!(\"{:?}\", foo);\n}\n\nfn main() {\n    // Calling the method is still fine, as i32 implements Debug.\n    some_func(5i32);\n\n    // This would fail to compile now:\n    // struct WithoutDebug;\n    // some_func(WithoutDebug);\n}\n```\n\nRust only looks at the signature of the called function, as such it must\nalready specify all requirements that will be used for every type parameter.\n"},"level":"error","spans":[{"file_name":"contracts/salary_commitment/src/lib.rs","byte_start":2653,"byte_end":2657,"line_start":98,"line_end":98,"column_start":43,"column_end":47,"is_primary":true,"text":[{"text":"        if env.storage().persistent().has(&key) {","highlight_start":43,"highlight_end":47}],"label":"the trait `TryFromVal<Env, DataKey>` is not implemented for `soroban_sdk::Val`","suggested_replacement":null,"suggestion_applicability":null,"expansion":null},{"file_name":"contracts/salary_commitment/src/lib.rs","byte_start":2649,"byte_end":2652,"line_start":98,"line_end":98,"column_start":39,"column_end":42,"is_primary":false,"text":[{"text":"        if env.storage().persistent().has(&key) {","highlight_start":39,"highlight_end":42}],"label":"required by a bound introduced by this call","suggested_replacement":null,"suggestion_applicability":null,"expansion":null}],"children":[{"message":"the following other types implement trait `TryFromVal<E, V>`:\n  `soroban_sdk::Val` implements `TryFromVal<E, &[u8]>`\n  `soroban_sdk::Val` implements `TryFromVal<E, &str>`\n  `soroban_sdk::Val` implements `TryFromVal<E, ()>`\n  `soroban_sdk::Val` implements `TryFromVal<E, (T0, T1)>`\n  `soroban_sdk::Val` implements `TryFromVal<E, (T0, T1, T2)>`\n  `soroban_sdk::Val` implements `TryFromVal<E, (T0, T1, T2, T3)>`\n  `soroban_sdk::Val` implements `TryFromVal<E, (T0, T1, T2, T3, T4)>`\n  `soroban_sdk::Val` implements `TryFromVal<E, (T0, T1, T2, T3, T4, T5)>`\nand 109 others","code":null,"level":"help","spans":[],"children":[],"rendered":null},{"message":"required for `soroban_sdk::Val` to implement `FromVal<Env, DataKey>`","code":null,"level":"note","spans":[],"children":[],"rendered":null},{"message":"required for `DataKey` to implement `IntoVal<Env, soroban_sdk::Val>`","code":null,"level":"note","spans":[],"children":[],"rendered":null},{"message":"required by a bound in `soroban_sdk::storage::Persistent::has`","code":null,"level":"note","spans":[{"file_name":"/Users/romeoscript/.cargo/registry/src/index.crates.io-1949cf8c6b5b557f/soroban-sdk-21.7.7/src/storage.rs","byte_start":10602,"byte_end":10605,"line_start":306,"line_end":306,"column_start":12,"column_end":15,"is_primary":false,"text":[{"text":"    pub fn has<K>(&self, key: &K) -> bool","highlight_start":12,"highlight_end":15}],"label":"required by a bound in this associated function","suggested_replacement":null,"suggestion_applicability":null,"expansion":null},{"file_name":"/Users/romeoscript/.cargo/registry/src/index.crates.io-1949cf8c6b5b557f/soroban-sdk-21.7.7/src/storage.rs","byte_start":10654,"byte_end":10671,"line_start":308,"line_end":308,"column_start":12,"column_end":29,"is_primary":true,"text":[{"text":"        K: IntoVal<Env, Val>,","highlight_start":12,"highlight_end":29}],"label":"required by this bound in `Persistent::has`","suggested_replacement":null,"suggestion_applicability":null,"expansion":null}],"children":[],"rendered":null},{"message":"the full name for the type has been written to '/Users/romeoscript/Downloads/zk-payroll/zk-payroll-contracts/target/debug/deps/salary_commitment-d728b66825e0b353.long-type-110803175862082817.txt'","code":null,"level":"note","spans":[],"children":[],"rendered":null},{"message":"consider using `--verbose` to print the full type name to the console","code":null,"level":"note","spans":[],"children":[],"rendered":null}],"rendered":"\u001b[1m\u001b[91merror[E0277]\u001b[0m\u001b[1m: the trait bound `soroban_sdk::Val: TryFromVal<Env, DataKey>` is not satisfied\u001b[0m\n   \u001b[1m\u001b[94m--> \u001b[0mcontracts/salary_commitment/src/lib.rs:98:43\n    \u001b[1m\u001b[94m|\u001b[0m\n \u001b[1m\u001b[94m98\u001b[0m \u001b[1m\u001b[94m|\u001b[0m         if env.storage().persistent().has(&key) {\n    \u001b[1m\u001b[94m|\u001b[0m                                       \u001b[1m\u001b[94m---\u001b[0m \u001b[1m\u001b[91m^^^^\u001b[0m \u001b[1m\u001b[91mthe trait `TryFromVal<Env, DataKey>` is not implemented for `soroban_sdk::Val`\u001b[0m\n    \u001b[1m\u001b[94m|\u001b[0m                                       \u001b[1m\u001b[94m|\u001b[0m\n    \u001b[1m\u001b[94m|\u001b[0m                                       \u001b[1m\u001b[94mrequired by a bound introduced by this call\u001b[0m\n    \u001b[1m\u001b[94m|\u001b[0m\n    \u001b[1m\u001b[94m= \u001b[0m\u001b[1mhelp\u001b[0m: the following other types implement trait `TryFromVal<E, V>`:\n              `soroban_sdk::Val` implements `TryFromVal<E, &[u8]>`\n              `soroban_sdk::Val` implements `TryFromVal<E, &str>`\n              `soroban_sdk::Val` implements `TryFromVal<E, ()>`\n              `soroban_sdk::Val` implements `TryFromVal<E, (T0, T1)>`\n              `soroban_sdk::Val` implements `TryFromVal<E, (T0, T1, T2)>`\n              `soroban_sdk::Val` implements `TryFromVal<E, (T0, T1, T2, T3)>`\n              `soroban_sdk::Val` implements `TryFromVal<E, (T0, T1, T2, T3, T4)>`\n              `soroban_sdk::Val` implements `TryFromVal<E, (T0, T1, T2, T3, T4, T5)>`\n            and 109 others\n    \u001b[1m\u001b[94m= \u001b[0m\u001b[1mnote\u001b[0m: required for `soroban_sdk::Val` to implement `FromVal<Env, DataKey>`\n    \u001b[1m\u001b[94m= \u001b[0m\u001b[1mnote\u001b[0m: required for `DataKey` to implement `IntoVal<Env, soroban_sdk::Val>`\n\u001b[1m\u001b[92mnote\u001b[0m: required by a bound in `soroban_sdk::storage::Persistent::has`\n   \u001b[1m\u001b[94m--> \u001b[0m/Users/romeoscript/.cargo/registry/src/index.crates.io-1949cf8c6b5b557f/soroban-sdk-21.7.7/src/storage.rs:308:12\n    \u001b[1m\u001b[94m|\u001b[0m\n\u001b[1m\u001b[94m306\u001b[0m \u001b[1m\u001b[94m|\u001b[0m     pub fn has<K>(&self, key: &K) -> bool\n    \u001b[1m\u001b[94m|\u001b[0m            \u001b[1m\u001b[94m---\u001b[0m \u001b[1m\u001b[94mrequired by a bound in this associated function\u001b[0m\n\u001b[1m\u001b[94m307\u001b[0m \u001b[1m\u001b[94m|\u001b[0m     where\n\u001b[1m\u001b[94m308\u001b[0m \u001b[1m\u001b[94m|\u001b[0m         K: IntoVal<Env, Val>,\n    \u001b[1m\u001b[94m|\u001b[0m            \u001b[1m\u001b[92m^^^^^^^^^^^^^^^^^\u001b[0m \u001b[1m\u001b[92mrequired by this bound in `Persistent::has`\u001b[0m\n    \u001b[1m\u001b[94m= \u001b[0m\u001b[1mnote\u001b[0m: the full name for the type has been written to '/Users/romeoscript/Downloads/zk-payroll/zk-payroll-contracts/target/debug/deps/salary_commitment-d728b66825e0b353.long-type-110803175862082817.txt'\n    \u001b[1m\u001b[94m= \u001b[0m\u001b[1mnote\u001b[0m: consider using `--verbose` to print the full type name to the console\n\n"}
{"$message_type":"diagnostic","message":"the trait bound `soroban_sdk::Val: TryFromVal<Env, DataKey>` is not satisfied","code":{"code":"E0277","explanation":"You tried to use a type which doesn't implement some trait in a place which\nexpected that trait.\n\nErroneous code example:\n\n```compile_fail,E0277\n// here we declare the Foo trait with a bar method\ntrait Foo {\n    fn bar(&self);\n}\n\n// we now declare a function which takes an object implementing the Foo trait\nfn some_func<T: Foo>(foo: T) {\n    foo.bar();\n}\n\nfn main() {\n    // we now call the method with the i32 type, which doesn't implement\n    // the Foo trait\n    some_func(5i32); // error: the trait bound `i32 : Foo` is not satisfied\n}\n```\n\nIn order to fix this error, verify that the type you're using does implement\nthe trait. Example:\n\n```\ntrait Foo {\n    fn bar(&self);\n}\n\n// we implement the trait on the i32 type\nimpl Foo for i32 {\n    fn bar(&self) {}\n}\n\nfn some_func<T: Foo>(foo: T) {\n    foo.bar(); // we can now use this method since i32 implements the\n               // Foo trait\n}\n\nfn main() {\n    some_func(5i32); // ok!\n}\n```\n\nOr in a generic context, an erroneous code example would look like:\n\n```compile_fail,E0277\nfn some_func<T>(foo: T) {\n    println!(\"{:?}\", foo); // error: the trait `core::fmt::Debug` is not\n                           //        implemented for the type `T`\n}\n\nfn main() {\n    // We now call the method with the i32 type,\n    // which *does* implement the Debug trait.\n    some_func(5i32);\n}\n```\n\nNote that the error here is in the definition of the generic function. Although\nwe only call it with a parameter that does implement `Debug`, the compiler\nstill rejects the function. It must work with all possible input types. In\norder to make this example compile, we need to restrict the generic type we're\naccepting:\n\n```\nuse std::fmt;\n\n// Restrict the input type to types that implement Debug.\nfn some_func<T: fmt::Debug>(foo: T) {\n    println!(\"{:?}\", foo);\n}\n\nfn main() {\n    // Calling the method is still fine, as i32 implements Debug.\n    some_func(5i32);\n\n    // This would fail to compile now:\n    // struct WithoutDebug;\n    // some_func(WithoutDebug);\n}\n```\n\nRust only looks at the signature of the called function, as such it must\nalready specify all requirements that will be used for every type parameter.\n"},"level":"error","spans":[{"file_name":"contracts/salary_commitment/src/lib.rs","byte_start":2915,"byte_end":2919,"line_start":107,"line_end":107,"column_start":40,"column_end":44,"is_primary":true,"text":[{"text":"        env.storage().persistent().set(&key, &payment_nullifier);","highlight_start":40,"highlight_end":44}],"label":"the trait `TryFromVal<Env, DataKey>` is not implemented for `soroban_sdk::Val`","suggested_replacement":null,"suggestion_applicability":null,"expansion":null},{"file_name":"contracts/salary_commitment/src/lib.rs","byte_start":2911,"byte_end":2914,"line_start":107,"line_end":107,"column_start":36,"column_end":39,"is_primary":false,"text":[{"text":"        env.storage().persistent().set(&key, &payment_nullifier);","highlight_start":36,"highlight_end":39}],"label":"required by a bound introduced by this call","suggested_replacement":null,"suggestion_applicability":null,"expansion":null}],"children":[{"message":"the following other types implement trait `TryFromVal<E, V>`:\n  `soroban_sdk::Val` implements `TryFromVal<E, &[u8]>`\n  `soroban_sdk::Val` implements `TryFromVal<E, &str>`\n  `soroban_sdk::Val` implements `TryFromVal<E, ()>`\n  `soroban_sdk::Val` implements `TryFromVal<E, (T0, T1)>`\n  `soroban_sdk::Val` implements `TryFromVal<E, (T0, T1, T2)>`\n  `soroban_sdk::Val` implements `TryFromVal<E, (T0, T1, T2, T3)>`\n  `soroban_sdk::Val` implements `TryFromVal<E, (T0, T1, T2, T3, T4)>`\n  `soroban_sdk::Val` implements `TryFromVal<E, (T0, T1, T2, T3, T4, T5)>`\nand 109 others","code":null,"level":"help","spans":[],"children":[],"rendered":null},{"message":"required for `soroban_sdk::Val` to implement `FromVal<Env, DataKey>`","code":null,"level":"note","spans":[],"children":[],"rendered":null},{"message":"required for `DataKey` to implement `IntoVal<Env, soroban_sdk::Val>`","code":null,"level":"note","spans":[],"children":[],"rendered":null},{"message":"required by a bound in `soroban_sdk::storage::Persistent::set`","code":null,"level":"note","spans":[{"file_name":"/Users/romeoscript/.cargo/registry/src/index.crates.io-1949cf8c6b5b557f/soroban-sdk-21.7.7/src/storage.rs","byte_start":10968,"byte_end":10971,"line_start":322,"line_end":322,"column_start":12,"column_end":15,"is_primary":false,"text":[{"text":"    pub fn set<K, V>(&self, key: &K, val: &V)","highlight_start":12,"highlight_end":15}],"label":"required by a bound in this associated function","suggested_replacement":null,"suggestion_applicability":null,"expansion":null},{"file_name":"/Users/romeoscript/.cargo/registry/src/index.crates.io-1949cf8c6b5b557f/soroban-sdk-21.7.7/src/storage.rs","byte_start":11024,"byte_end":11041,"line_start":324,"line_end":324,"column_start":12,"column_end":29,"is_primary":true,"text":[{"text":"        K: IntoVal<Env, Val>,","highlight_start":12,"highlight_end":29}],"label":"required by this bound in `Persistent::set`","suggested_replacement":null,"suggestion_applicability":null,"expansion":null}],"children":[],"rendered":null},{"message":"the full name for the type has been written to '/Users/romeoscript/Downloads/zk-payroll/zk-payroll-contracts/target/debug/deps/salary_commitment-d728b66825e0b353.long-type-110803175862082817.txt'","code":null,"level":"note","spans":[],"children":[],"rendered":null},{"message":"consider using `--verbose` to print the full type name to the console","code":null,"level":"note","spans":[],"children":[],"rendered":null}],"rendered":"\u001b[1m\u001b[91merror[E0277]\u001b[0m\u001b[1m: the trait bound `soroban_sdk::Val: TryFromVal<Env, DataKey>` is not satisfied\u001b[0m\n   \u001b[1m\u001b[94m--> \u001b[0mcontracts/salary_commitment/src/lib.rs:107:40\n    \u001b[1m\u001b[94m|\u001b[0m\n\u001b[1m\u001b[94m107\u001b[0m \u001b[1m\u001b[94m|\u001b[0m         env.storage().persistent().set(&key, &payment_nullifier);\n    \u001b[1m\u001b[94m|\u001b[0m                                    \u001b[1m\u001b[94m---\u001b[0m \u001b[1m\u001b[91m^^^^\u001b[0m \u001b[1m\u001b[91mthe trait `TryFromVal<Env, DataKey>` is not implemented for `soroban_sdk::Val`\u001b[0m\n    \u001b[1m\u001b[94m|\u001b[0m                                    \u001b[1m\u001b[94m|\u001b[0m\n    \u001b[1m\u001b[94m|\u001b[0m                                    \u001b[1m\u001b[94mrequired by a bound introduced by this call\u001b[0m\n    \u001b[1m\u001b[94m|\u001b[0m\n    \u001b[1m\u001b[94m= \u001b[0m\u001b[1mhelp\u001b[0m: the following other types implement trait `TryFromVal<E, V>`:\n              `soroban_sdk::Val` implements `TryFromVal<E, &[u8]>`\n              `soroban_sdk::Val` implements `TryFromVal<E, &str>`\n              `soroban_sdk::Val` implements `TryFromVal<E, ()>`\n              `soroban_sdk::Val` implements `TryFromVal<E, (T0, T1)>`\n              `soroban_sdk::Val` implements `TryFromVal<E, (T0, T1, T2)>`\n              `soroban_sdk::Val` implements `TryFromVal<E, (T0, T1, T2, T3)>`\n              `soroban_sdk::Val` implements `TryFromVal<E, (T0, T1, T2, T3, T4)>`\n              `soroban_sdk::Val` implements `TryFromVal<E, (T0, T1, T2, T3, T4, T5)>`\n            and 109 others\n    \u001b[1m\u001b[94m= \u001b[0m\u001b[1mnote\u001b[0m: required for `soroban_sdk::Val` to implement `FromVal<Env, DataKey>`\n    \u001b[1m\u001b[94m= \u001b[0m\u001b[1mnote\u001b[0m: required for `DataKey` to implement `IntoVal<Env, soroban_sdk::Val>`\n\u001b[1m\u001b[92mnote\u001b[0m: required by a bound in `soroban_sdk::storage::Persistent::set`\n   \u001b[1m\u001b[94m--> \u001b[0m/Users/romeoscript/.cargo/registry/src/index.crates.io-1949cf8c6b5b557f/soroban-sdk-21.7.7/src/storage.rs:324:12\n    \u001b[1m\u001b[94m|\u001b[0m\n\u001b[1m\u001b[94m322\u001b[0m \u001b[1m\u001b[94m|\u001b[0m     pub fn set<K, V>(&self, key: &K, val: &V)\n    \u001b[1m\u001b[94m|\u001b[0m            \u001b[1m\u001b[94m---\u001b[0m \u001b[1m\u001b[94mrequired by a bound in this associated function\u001b[0m\n\u001b[1m\u001b[94m323\u001b[0m \u001b[1m\u001b[94m|\u001b[0m     where\n\u001b[1m\u001b[94m324\u001b[0m \u001b[1m\u001b[94m|\u001b[0m         K: IntoVal<Env, Val>,\n    \u001b[1m\u001b[94m|\u001b[0m            \u001b[1m\u001b[92m^^^^^^^^^^^^^^^^^\u001b[0m \u001b[1m\u001b[92mrequired by this bound in `Persistent::set`\u001b[0m\n    \u001b[1m\u001b[94m= \u001b[0m\u001b[1mnote\u001b[0m: the full name for the type has been written to '/Users/romeoscript/Downloads/zk-payroll/zk-payroll-contracts/target/debug/deps/salary_commitment-d728b66825e0b353.long-type-110803175862082817.txt'\n    \u001b[1m\u001b[94m= \u001b[0m\u001b[1mnote\u001b[0m: consider using `--verbose` to print the full type name to the console\n\n"}
{"$message_type":"diagnostic","message":"the trait bound `soroban_sdk::Val: TryFromVal<Env, PaymentNullifier>` is not satisfied","code":{"code":"E0277","explanation":"You tried to use a type which doesn't implement some trait in a place which\nexpected that trait.\n\nErroneous code example:\n\n```compile_fail,E0277\n// here we declare the Foo trait with a bar method\ntrait Foo {\n    fn bar(&self);\n}\n\n// we now declare a function which takes an object implementing the Foo trait\nfn some_func<T: Foo>(foo: T) {\n    foo.bar();\n}\n\nfn main() {\n    // we now call the method with the i32 type, which doesn't implement\n    // the Foo trait\n    some_func(5i32); // error: the trait bound `i32 : Foo` is not satisfied\n}\n```\n\nIn order to fix this error, verify that the type you're using does implement\nthe trait. Example:\n\n```\ntrait Foo {\n    fn bar(&self);\n}\n\n// we implement the trait on the i32 type\nimpl Foo for i32 {\n    fn bar(&self) {}\n}\n\nfn some_func<T: Foo>(foo: T) {\n    foo.bar(); // we can now use this method since i32 implements the\n               // Foo trait\n}\n\nfn main() {\n    some_func(5i32); // ok!\n}\n```\n\nOr in a generic context, an erroneous code example would look like:\n\n```compile_fail,E0277\nfn some_func<T>(foo: T) {\n    println!(\"{:?}\", foo); // error: the trait `core::fmt::Debug` is not\n                           //        implemented for the type `T`\n}\n\nfn main() {\n    // We now call the method with the i32 type,\n    // which *does* implement the Debug trait.\n    some_func(5i32);\n}\n```\n\nNote that the error here is in the definition of the generic function. Although\nwe only call it with a parameter that does implement `Debug`, the compiler\nstill rejects the function. It must work with all possible input types. In\norder to make this example compile, we need to restrict the generic type we're\naccepting:\n\n```\nuse std::fmt;\n\n// Restrict the input type to types that implement Debug.\nfn some_func<T: fmt::Debug>(foo: T) {\n    println!(\"{:?}\", foo);\n}\n\nfn main() {\n    // Calling the method is still fine, as i32 implements Debug.\n    some_func(5i32);\n\n    // This would fail to compile now:\n    // struct WithoutDebug;\n    // some_func(WithoutDebug);\n}\n```\n\nRust only looks at the signature of the called function, as such it must\nalready specify all requirements that will be used for every type parameter.\n"},"level":"error","spans":[{"file_name":"contracts/salary_commitment/src/lib.rs","byte_start":2921,"byte_end":2939,"line_start":107,"line_end":107,"column_start":46,"column_end":64,"is_primary":true,"text":[{"text":"        env.storage().persistent().set(&key, &payment_nullifier);","highlight_start":46,"highlight_end":64}],"label":"the trait `TryFromVal<Env, PaymentNullifier>` is not implemented for `soroban_sdk::Val`","suggested_replacement":null,"suggestion_applicability":null,"expansion":null},{"file_name":"contracts/salary_commitment/src/lib.rs","byte_start":2911,"byte_end":2914,"line_start":107,"line_end":107,"column_start":36,"column_end":39,"is_primary":false,"text":[{"text":"        env.storage().persistent().set(&key, &payment_nullifier);","highlight_start":36,"highlight_end":39}],"label":"required by a bound introduced by this call","suggested_replacement":null,"suggestion_applicability":null,"expansion":null}],"children":[{"message":"the following other types implement trait `TryFromVal<E, V>`:\n  `soroban_sdk::Val` implements `TryFromVal<E, &[u8]>`\n  `soroban_sdk::Val` implements `TryFromVal<E, &str>`\n  `soroban_sdk::Val` implements `TryFromVal<E, ()>`\n  `soroban_sdk::Val` implements `TryFromVal<E, (T0, T1)>`\n  `soroban_sdk::Val` implements `TryFromVal<E, (T0, T1, T2)>`\n  `soroban_sdk::Val` implements `TryFromVal<E, (T0, T1, T2, T3)>`\n  `soroban_sdk::Val` implements `TryFromVal<E, (T0, T1, T2, T3, T4)>`\n  `soroban_sdk::Val` implements `TryFromVal<E, (T0, T1, T2, T3, T4, T5)>`\nand 109 others","code":null,"level":"help","spans":[],"children":[],"rendered":null},{"message":"required for `soroban_sdk::Val` to implement `FromVal<Env, PaymentNullifier>`","code":null,"level":"note","spans":[],"children":[],"rendered":null},{"message":"required for `PaymentNullifier` to implement `IntoVal<Env, soroban_sdk::Val>`","code":null,"level":"note","spans":[],"children":[],"rendered":null},{"message":"required by a bound in `soroban_sdk::storage::Persistent::set`","code":null,"level":"note","spans":[{"file_name":"/Users/romeoscript/.cargo/registry/src/index.crates.io-1949cf8c6b5b557f/soroban-sdk-21.7.7/src/storage.rs","byte_start":10968,"byte_end":10971,"line_start":322,"line_end":322,"column_start":12,"column_end":15,"is_primary":false,"text":[{"text":"    pub fn set<K, V>(&self, key: &K, val: &V)","highlight_start":12,"highlight_end":15}],"label":"required by a bound in this associated function","suggested_replacement":null,"suggestion_applicability":null,"expansion":null},{"file_name":"/Users/romeoscript/.cargo/registry/src/index.crates.io-1949cf8c6b5b557f/soroban-sdk-21.7.7/src/storage.rs","byte_start":11054,"byte_end":11071,"line_start":325,"line_end":325,"column_start":12,"column_end":29,"is_primary":true,"text":[{"text":"        V: IntoVal<Env, Val>,","highlight_start":12,"highlight_end":29}],"label":"required by this bound in `Persistent::set`","suggested_replacement":null,"suggestion_applicability":null,"expansion":null}],"children":[],"rendered":null},{"message":"the full name for the type has been written to '/Users/romeoscript/Downloads/zk-payroll/zk-payroll-contracts/target/debug/deps/salary_commitment-d728b66825e0b353.long-type-110803175862082817.txt'","code":null,"level":"note","spans":[],"children":[],"rendered":null},{"message":"consider using `--verbose` to print the full type name to the console","code":null,"level":"note","spans":[],"children":[],"rendered":null}],"rendered":"\u001b[1m\u001b[91merror[E0277]\u001b[0m\u001b[1m: the trait bound `soroban_sdk::Val: TryFromVal<Env, PaymentNullifier>` is not satisfied\u001b[0m\n   \u001b[1m\u001b[94m--> \u001b[0mcontracts/salary_commitment/src/lib.rs:107:46\n    \u001b[1m\u001b[94m|\u001b[0m\n\u001b[1m\u001b[94m107\u001b[0m \u001b[1m\u001b[94m|\u001b[0m         env.storage().persistent().set(&key, &payment_nullifier);\n    \u001b[1m\u001b[94m|\u001b[0m                                    \u001b[1m\u001b[94m---\u001b[0m       \u001b[1m\u001b[91m^^^^^^^^^^^^^^^^^^\u001b[0m \u001b[1m\u001b[91mthe trait `TryFromVal<Env, PaymentNullifier>` is not implemented for `soroban_sdk::Val`\u001b[0m\n    \u001b[1m\u001b[94m|\u001b[0m                                    \u001b[1m\u001b[94m|\u001b[0m\n    \u001b[1m\u001b[94m|\u001b[0m                                    \u001b[1m\u001b[94mrequired by a bound introduced by this call\u001b[0m\n    \u001b[1m\u001b[94m|\u001b[0m\n    \u001b[1m\u001b[94m= \u001b[0m\u001b[1mhelp\u001b[0m: the following other types implement trait `TryFromVal<E, V>`:\n              `soroban_sdk::Val` implements `TryFromVal<E, &[u8]>`\n              `soroban_sdk::Val` implements `TryFromVal<E, &str>`\n              `soroban_sdk::Val` implements `TryFromVal<E, ()>`\n              `soroban_sdk::Val` implements `TryFromVal<E, (T0, T1)>`\n              `soroban_sdk::Val` implements `TryFromVal<E, (T0, T1, T2)>`\n              `soroban_sdk::Val` implements `TryFromVal<E, (T0, T1, T2, T3)>`\n              `soroban_sdk::Val` implements `TryFromVal<E, (T0, T1, T2, T3, T4)>`\n              `soroban_sdk::Val` implements `TryFromVal<E, (T0, T1, T2, T3, T4, T5)>`\n            and 109 others\n    \u001b[1m\u001b[94m= \u001b[0m\u001b[1mnote\u001b[0m: required for `soroban_sdk::Val` to implement `FromVal<Env, PaymentNullifier>`\n    \u001b[1m\u001b[94m= \u001b[0m\u001b[1mnote\u001b[0m: required for `PaymentNullifier` to implement `IntoVal<Env, soroban_sdk::Val>`\n\u001b[1m\u001b[92mnote\u001b[0m: required by a bound in `soroban_sdk::storage::Persistent::set`\n   \u001b[1m\u001b[94m--> \u001b[0m/Users/romeoscript/.cargo/registry/src/index.crates.io-1949cf8c6b5b557f/soroban-sdk-21.7.7/src/storage.rs:325:12\n    \u001b[1m\u001b[94m|\u001b[0m\n\u001b[1m\u001b[94m322\u001b[0m \u001b[1m\u001b[94m|\u001b[0m     pub fn set<K, V>(&self, key: &K, val: &V)\n    \u001b[1m\u001b[94m|\u001b[0m            \u001b[1m\u001b[94m---\u001b[0m \u001b[1m\u001b[94mrequired by a bound in this associated function\u001b[0m\n\u001b[1m\u001b[94m...\u001b[0m\n\u001b[1m\u001b[94m325\u001b[0m \u001b[1m\u001b[94m|\u001b[0m         V: IntoVal<Env, Val>,\n    \u001b[1m\u001b[94m|\u001b[0m            \u001b[1m\u001b[92m^^^^^^^^^^^^^^^^^\u001b[0m \u001b[1m\u001b[92mrequired by this bound in `Persistent::set`\u001b[0m\n    \u001b[1m\u001b[94m= \u001b[0m\u001b[1mnote\u001b[0m: the full name for the type has been written to '/Users/romeoscript/Downloads/zk-payroll/zk-payroll-contracts/target/debug/deps/salary_commitment-d728b66825e0b353.long-type-110803175862082817.txt'\n    \u001b[1m\u001b[94m= \u001b[0m\u001b[1mnote\u001b[0m: consider using `--verbose` to print the full type name to the console\n\n"}
{"$message_type":"diagnostic","message":"the trait bound `soroban_sdk::Val: TryFromVal<Env, DataKey>` is not satisfied","code":{"code":"E0277","explanation":"You tried to use a type which doesn't implement some trait in a place which\nexpected that trait.\n\nErroneous code example:\n\n```compile_fail,E0277\n// here we declare the Foo trait with a bar method\ntrait Foo {\n    fn bar(&self);\n}\n\n// we now declare a function which takes an object implementing the Foo trait\nfn some_func<T: Foo>(foo: T) {\n    foo.bar();\n}\n\nfn main() {\n    // we now call the method with the i32 type, which doesn't implement\n    // the Foo trait\n    some_func(5i32); // error: the trait bound `i32 : Foo` is not satisfied\n}\n```\n\nIn order to fix this error, verify that the type you're using does implement\nthe trait. Example:\n\n```\ntrait Foo {\n    fn bar(&self);\n}\n\n// we implement the trait on the i32 type\nimpl Foo for i32 {\n    fn bar(&self) {}\n}\n\nfn some_func<T: Foo>(foo: T) {\n    foo.bar(); // we can now use this method since i32 implements the\n               // Foo trait\n}\n\nfn main() {\n    some_func(5i32); // ok!\n}\n```\n\nOr in a generic context, an erroneous code example would look like:\n\n```compile_fail,E0277\nfn some_func<T>(foo: T) {\n    println!(\"{:?}\", foo); // error: the trait `core::fmt::Debug` is not\n                           //        implemented for the type `T`\n}\n\nfn main() {\n    // We now call the method with the i32 type,\n    // which *does* implement the Debug trait.\n    some_func(5i32);\n}\n```\n\nNote that the error here is in the definition of the generic function. Although\nwe only call it with a parameter that does implement `Debug`, the compiler\nstill rejects the function. It must work with all possible input types. In\norder to make this example compile, we need to restrict the generic type we're\naccepting:\n\n```\nuse std::fmt;\n\n// Restrict the input type to types that implement Debug.\nfn some_func<T: fmt::Debug>(foo: T) {\n    println!(\"{:?}\", foo);\n}\n\nfn main() {\n    // Calling the method is still fine, as i32 implements Debug.\n    some_func(5i32);\n\n    // This would fail to compile now:\n    // struct WithoutDebug;\n    // some_func(WithoutDebug);\n}\n```\n\nRust only looks at the signature of the called function, as such it must\nalready specify all requirements that will be used for every type parameter.\n"},"level":"error","spans":[{"file_name":"contracts/salary_commitment/src/lib.rs","byte_start":3150,"byte_end":3154,"line_start":113,"line_end":113,"column_start":40,"column_end":44,"is_primary":true,"text":[{"text":"        env.storage().persistent().has(&key)","highlight_start":40,"highlight_end":44}],"label":"the trait `TryFromVal<Env, DataKey>` is not implemented for `soroban_sdk::Val`","suggested_replacement":null,"suggestion_applicability":null,"expansion":null},{"file_name":"contracts/salary_commitment/src/lib.rs","byte_start":3146,"byte_end":3149,"line_start":113,"line_end":113,"column_start":36,"column_end":39,"is_primary":false,"text":[{"text":"        env.storage().persistent().has(&key)","highlight_start":36,"highlight_end":39}],"label":"required by a bound introduced by this call","suggested_replacement":null,"suggestion_applicability":null,"expansion":null}],"children":[{"message":"the following other types implement trait `TryFromVal<E, V>`:\n  `soroban_sdk::Val` implements `TryFromVal<E, &[u8]>`\n  `soroban_sdk::Val` implements `TryFromVal<E, &str>`\n  `soroban_sdk::Val` implements `TryFromVal<E, ()>`\n  `soroban_sdk::Val` implements `TryFromVal<E, (T0, T1)>`\n  `soroban_sdk::Val` implements `TryFromVal<E, (T0, T1, T2)>`\n  `soroban_sdk::Val` implements `TryFromVal<E, (T0, T1, T2, T3)>`\n  `soroban_sdk::Val` implements `TryFromVal<E, (T0, T1, T2, T3, T4)>`\n  `soroban_sdk::Val` implements `TryFromVal<E, (T0, T1, T2, T3, T4, T5)>`\nand 109 others","code":null,"level":"help","spans":[],"children":[],"rendered":null},{"message":"required for `soroban_sdk::Val` to implement `FromVal<Env, DataKey>`","code":null,"level":"note","spans":[],"children":[],"rendered":null},{"message":"required for `DataKey` to implement `IntoVal<Env, soroban_sdk::Val>`","code":null,"level":"note","spans":[],"children":[],"rendered":null},{"message":"required by a bound in `soroban_sdk::storage::Persistent::has`","code":null,"level":"note","spans":[{"file_name":"/Users/romeoscript/.cargo/registry/src/index.crates.io-1949cf8c6b5b557f/soroban-sdk-21.7.7/src/storage.rs","byte_start":10602,"byte_end":10605,"line_start":306,"line_end":306,"column_start":12,"column_end":15,"is_primary":false,"text":[{"text":"    pub fn has<K>(&self, key: &K) -> bool","highlight_start":12,"highlight_end":15}],"label":"required by a bound in this associated function","suggested_replacement":null,"suggestion_applicability":null,"expansion":null},{"file_name":"/Users/romeoscript/.cargo/registry/src/index.crates.io-1949cf8c6b5b557f/soroban-sdk-21.7.7/src/storage.rs","byte_start":10654,"byte_end":10671,"line_start":308,"line_end":308,"column_start":12,"column_end":29,"is_primary":true,"text":[{"text":"        K: IntoVal<Env, Val>,","highlight_start":12,"highlight_end":29}],"label":"required by this bound in `Persistent::has`","suggested_replacement":null,"suggestion_applicability":null,"expansion":null}],"children":[],"rendered":null},{"message":"the full name for the type has been written to '/Users/romeoscript/Downloads/zk-payroll/zk-payroll-contracts/target/debug/deps/salary_commitment-d728b66825e0b353.long-type-110803175862082817.txt'","code":null,"level":"note","spans":[],"children":[],"rendered":null},{"message":"consider using `--verbose` to print the full type name to the console","code":null,"level":"note","spans":[],"children":[],"rendered":null}],"rendered":"\u001b[1m\u001b[91merror[E0277]\u001b[0m\u001b[1m: the trait bound `soroban_sdk::Val: TryFromVal<Env, DataKey>` is not satisfied\u001b[0m\n   \u001b[1m\u001b[94m--> \u001b[0mcontracts/salary_commitment/src/lib.rs:113:40\n    \u001b[1m\u001b[94m|\u001b[0m\n\u001b[1m\u001b[94m113\u001b[0m \u001b[1m\u001b[94m|\u001b[0m         env.storage().persistent().has(&key)\n    \u001b[1m\u001b[94m|\u001b[0m                                    \u001b[1m\u001b[94m---\u001b[0m \u001b[1m\u001b[91m^^^^\u001b[0m \u001b[1m\u001b[91mthe trait `TryFromVal<Env, DataKey>` is not implemented for `soroban_sdk::Val`\u001b[0m\n    \u001b[1m\u001b[94m|\u001b[0m                                    \u001b[1m\u001b[94m|\u001b[0m\n    \u001b[1m\u001b[94m|\u001b[0m                                    \u001b[1m\u001b[94mrequired by a bound introduced by this call\u001b[0m\n    \u001b[1m\u001b[94m|\u001b[0m\n    \u001b[1m\u001b[94m= \u001b[0m\u001b[1mhelp\u001b[0m: the following other types implement trait `TryFromVal<E, V>`:\n              `soroban_sdk::Val` implements `TryFromVal<E, &[u8]>`\n              `soroban_sdk::Val` implements `TryFromVal<E, &str>`\n              `soroban_sdk::Val` implements `TryFromVal<E, ()>`\n              `soroban_sdk::Val` implements `TryFromVal<E, (T0, T1)>`\n              `soroban_sdk::Val` implements `TryFromVal<E, (T0, T1, T2)>`\n              `soroban_sdk::Val` implements `TryFromVal<E, (T0, T1, T2, T3)>`\n              `soroban_sdk::Val` implements `TryFromVal<E, (T0, T1, T2, T3, T4)>`\n              `soroban_sdk::Val` implements `TryFromVal<E, (T0, T1, T2, T3, T4, T5)>`\n            and 109 others\n    \u001b[1m\u001b[94m= \u001b[0m\u001b[1mnote\u001b[0m: required for `soroban_sdk::Val` to implement `FromVal<Env, DataKey>`\n    \u001b[1m\u001b[94m= \u001b[0m\u001b[1mnote\u001b[0m: required for `DataKey` to implement `IntoVal<Env, soroban_sdk::Val>`\n\u001b[1m\u001b[92mnote\u001b[0m: required by a bound in `soroban_sdk::storage::Persistent::has`\n   \u001b[1m\u001b[94m--> \u001b[0m/Users/romeoscript/.cargo/registry/src/index.crates.io-1949cf8c6b5b557f/soroban-sdk-21.7.7/src/storage.rs:308:12\n    \u001b[1m\u001b[94m|\u001b[0m\n\u001b[1m\u001b[94m306\u001b[0m \u001b[1m\u001b[94m|\u001b[0m     pub fn has<K>(&self, key: &K) -> bool\n    \u001b[1m\u001b[94m|\u001b[0m            \u001b[1m\u001b[94m---\u001b[0m \u001b[1m\u001b[94mrequired by a bound in this associated function\u001b[0m\n\u001b[1m\u001b[94m307\u001b[0m \u001b[1m\u001b[94m|\u001b[0m     where\n\u001b[1m\u001b[94m308\u001b[0m \u001b[1m\u001b[94m|\u001b[0m         K: IntoVal<Env, Val>,\n    \u001b[1m\u001b[94m|\u001b[0m            \u001b[1m\u001b[92m^^^^^^^^^^^^^^^^^\u001b[0m \u001b[1m\u001b[92mrequired by this bound in `Persistent::has`\u001b[0m\n    \u001b[1m\u001b[94m= \u001b[0m\u001b[1mnote\u001b[0m: the full name for the type has been written to '/Users/romeoscript/Downloads/zk-payroll/zk-payroll-contracts/target/debug/deps/salary_commitment-d728b66825e0b353.long-type-110803175862082817.txt'\n    \u001b[1m\u001b[94m= \u001b[0m\u001b[1mnote\u001b[0m: consider using `--verbose` to print the full type name to the console\n\n"}
{"$message_type":"diagnostic","message":"aborting due to 17 previous errors","code":null,"level":"error","spans":[],"children":[],"rendered":"\u001b[1m\u001b[91merror\u001b[0m\u001b[1m: aborting due to 17 previous errors\u001b[0m\n\n"}
{"$message_type":"diagnostic","message":"For more information about this error, try `rustc --explain E0277`.","code":null,"level":"failure-note","spans":[],"children":[],"rendered":"\u001b[1mFor more information about this error, try `rustc --explain E0277`.\u001b[0m\n"}
