{"$message_type":"diagnostic","message":"unsupported type","code":null,"level":"error","spans":[{"file_name":"contracts/audit_module/src/lib.rs","byte_start":203,"byte_end":211,"line_start":9,"line_end":9,"column_start":13,"column_end":21,"is_primary":true,"text":[{"text":"    pub id: [u8; 32],","highlight_start":13,"highlight_end":21}],"label":null,"suggested_replacement":null,"suggestion_applicability":null,"expansion":null}],"children":[],"rendered":"\u001b[1m\u001b[91merror\u001b[0m\u001b[1m: unsupported type\u001b[0m\n \u001b[1m\u001b[94m--> \u001b[0mcontracts/audit_module/src/lib.rs:9:13\n  \u001b[1m\u001b[94m|\u001b[0m\n\u001b[1m\u001b[94m9\u001b[0m \u001b[1m\u001b[94m|\u001b[0m     pub id: [u8; 32],\n  \u001b[1m\u001b[94m|\u001b[0m             \u001b[1m\u001b[91m^^^^^^^^\u001b[0m\n\n"}
{"$message_type":"diagnostic","message":"unsupported type","code":null,"level":"error","spans":[{"file_name":"contracts/audit_module/src/lib.rs","byte_start":1028,"byte_end":1036,"line_start":43,"line_end":43,"column_start":13,"column_end":21,"is_primary":true,"text":[{"text":"    ViewKey([u8; 32]),","highlight_start":13,"highlight_end":21}],"label":null,"suggested_replacement":null,"suggestion_applicability":null,"expansion":null}],"children":[],"rendered":"\u001b[1m\u001b[91merror\u001b[0m\u001b[1m: unsupported type\u001b[0m\n  \u001b[1m\u001b[94m--> \u001b[0mcontracts/audit_module/src/lib.rs:43:13\n   \u001b[1m\u001b[94m|\u001b[0m\n\u001b[1m\u001b[94m43\u001b[0m \u001b[1m\u001b[94m|\u001b[0m     ViewKey([u8; 32]),\n   \u001b[1m\u001b[94m|\u001b[0m             \u001b[1m\u001b[91m^^^^^^^^\u001b[0m\n\n"}
{"$message_type":"diagnostic","message":"unsupported type","code":null,"level":"error","spans":[{"file_name":"contracts/audit_module/src/lib.rs","byte_start":2180,"byte_end":2188,"line_start":86,"line_end":86,"column_start":44,"column_end":52,"is_primary":true,"text":[{"text":"    pub fn verify_access(env: Env, key_id: [u8; 32], auditor: Address) -> bool {","highlight_start":44,"highlight_end":52}],"label":null,"suggested_replacement":null,"suggestion_applicability":null,"expansion":null}],"children":[],"rendered":"\u001b[1m\u001b[91merror\u001b[0m\u001b[1m: unsupported type\u001b[0m\n  \u001b[1m\u001b[94m--> \u001b[0mcontracts/audit_module/src/lib.rs:86:44\n   \u001b[1m\u001b[94m|\u001b[0m\n\u001b[1m\u001b[94m86\u001b[0m \u001b[1m\u001b[94m|\u001b[0m     pub fn verify_access(env: Env, key_id: [u8; 32], auditor: Address) -> bool {\n   \u001b[1m\u001b[94m|\u001b[0m                                            \u001b[1m\u001b[91m^^^^^^^^\u001b[0m\n\n"}
{"$message_type":"diagnostic","message":"the trait bound `soroban_sdk::Val: TryFromVal<Env, DataKey>` is not satisfied","code":{"code":"E0277","explanation":"You tried to use a type which doesn't implement some trait in a place which\nexpected that trait.\n\nErroneous code example:\n\n```compile_fail,E0277\n// here we declare the Foo trait with a bar method\ntrait Foo {\n    fn bar(&self);\n}\n\n// we now declare a function which takes an object implementing the Foo trait\nfn some_func<T: Foo>(foo: T) {\n    foo.bar();\n}\n\nfn main() {\n    // we now call the method with the i32 type, which doesn't implement\n    // the Foo trait\n    some_func(5i32); // error: the trait bound `i32 : Foo` is not satisfied\n}\n```\n\nIn order to fix this error, verify that the type you're using does implement\nthe trait. Example:\n\n```\ntrait Foo {\n    fn bar(&self);\n}\n\n// we implement the trait on the i32 type\nimpl Foo for i32 {\n    fn bar(&self) {}\n}\n\nfn some_func<T: Foo>(foo: T) {\n    foo.bar(); // we can now use this method since i32 implements the\n               // Foo trait\n}\n\nfn main() {\n    some_func(5i32); // ok!\n}\n```\n\nOr in a generic context, an erroneous code example would look like:\n\n```compile_fail,E0277\nfn some_func<T>(foo: T) {\n    println!(\"{:?}\", foo); // error: the trait `core::fmt::Debug` is not\n                           //        implemented for the type `T`\n}\n\nfn main() {\n    // We now call the method with the i32 type,\n    // which *does* implement the Debug trait.\n    some_func(5i32);\n}\n```\n\nNote that the error here is in the definition of the generic function. Although\nwe only call it with a parameter that does implement `Debug`, the compiler\nstill rejects the function. It must work with all possible input types. In\norder to make this example compile, we need to restrict the generic type we're\naccepting:\n\n```\nuse std::fmt;\n\n// Restrict the input type to types that implement Debug.\nfn some_func<T: fmt::Debug>(foo: T) {\n    println!(\"{:?}\", foo);\n}\n\nfn main() {\n    // Calling the method is still fine, as i32 implements Debug.\n    some_func(5i32);\n\n    // This would fail to compile now:\n    // struct WithoutDebug;\n    // some_func(WithoutDebug);\n}\n```\n\nRust only looks at the signature of the called function, as such it must\nalready specify all requirements that will be used for every type parameter.\n"},"level":"error","spans":[{"file_name":"contracts/audit_module/src/lib.rs","byte_start":2043,"byte_end":2055,"line_start":80,"line_end":80,"column_start":40,"column_end":52,"is_primary":true,"text":[{"text":"        env.storage().persistent().set(&storage_key, &view_key);","highlight_start":40,"highlight_end":52}],"label":"the trait `TryFromVal<Env, DataKey>` is not implemented for `soroban_sdk::Val`","suggested_replacement":null,"suggestion_applicability":null,"expansion":null},{"file_name":"contracts/audit_module/src/lib.rs","byte_start":2039,"byte_end":2042,"line_start":80,"line_end":80,"column_start":36,"column_end":39,"is_primary":false,"text":[{"text":"        env.storage().persistent().set(&storage_key, &view_key);","highlight_start":36,"highlight_end":39}],"label":"required by a bound introduced by this call","suggested_replacement":null,"suggestion_applicability":null,"expansion":null}],"children":[{"message":"the following other types implement trait `TryFromVal<E, V>`:\n  `soroban_sdk::Val` implements `TryFromVal<E, &[u8]>`\n  `soroban_sdk::Val` implements `TryFromVal<E, &str>`\n  `soroban_sdk::Val` implements `TryFromVal<E, ()>`\n  `soroban_sdk::Val` implements `TryFromVal<E, (T0, T1)>`\n  `soroban_sdk::Val` implements `TryFromVal<E, (T0, T1, T2)>`\n  `soroban_sdk::Val` implements `TryFromVal<E, (T0, T1, T2, T3)>`\n  `soroban_sdk::Val` implements `TryFromVal<E, (T0, T1, T2, T3, T4)>`\n  `soroban_sdk::Val` implements `TryFromVal<E, (T0, T1, T2, T3, T4, T5)>`\nand 111 others","code":null,"level":"help","spans":[],"children":[],"rendered":null},{"message":"required for `soroban_sdk::Val` to implement `FromVal<Env, DataKey>`","code":null,"level":"note","spans":[],"children":[],"rendered":null},{"message":"required for `DataKey` to implement `IntoVal<Env, soroban_sdk::Val>`","code":null,"level":"note","spans":[],"children":[],"rendered":null},{"message":"required by a bound in `soroban_sdk::storage::Persistent::set`","code":null,"level":"note","spans":[{"file_name":"/Users/romeoscript/.cargo/registry/src/index.crates.io-1949cf8c6b5b557f/soroban-sdk-21.7.7/src/storage.rs","byte_start":10968,"byte_end":10971,"line_start":322,"line_end":322,"column_start":12,"column_end":15,"is_primary":false,"text":[{"text":"    pub fn set<K, V>(&self, key: &K, val: &V)","highlight_start":12,"highlight_end":15}],"label":"required by a bound in this associated function","suggested_replacement":null,"suggestion_applicability":null,"expansion":null},{"file_name":"/Users/romeoscript/.cargo/registry/src/index.crates.io-1949cf8c6b5b557f/soroban-sdk-21.7.7/src/storage.rs","byte_start":11024,"byte_end":11041,"line_start":324,"line_end":324,"column_start":12,"column_end":29,"is_primary":true,"text":[{"text":"        K: IntoVal<Env, Val>,","highlight_start":12,"highlight_end":29}],"label":"required by this bound in `Persistent::set`","suggested_replacement":null,"suggestion_applicability":null,"expansion":null}],"children":[],"rendered":null},{"message":"the full name for the type has been written to '/Users/romeoscript/Downloads/zk-payroll/zk-payroll-contracts/target/debug/deps/audit_module-94e8dfa0e4c1d4e2.long-type-7095980781601690815.txt'","code":null,"level":"note","spans":[],"children":[],"rendered":null},{"message":"consider using `--verbose` to print the full type name to the console","code":null,"level":"note","spans":[],"children":[],"rendered":null}],"rendered":"\u001b[1m\u001b[91merror[E0277]\u001b[0m\u001b[1m: the trait bound `soroban_sdk::Val: TryFromVal<Env, DataKey>` is not satisfied\u001b[0m\n   \u001b[1m\u001b[94m--> \u001b[0mcontracts/audit_module/src/lib.rs:80:40\n    \u001b[1m\u001b[94m|\u001b[0m\n \u001b[1m\u001b[94m80\u001b[0m \u001b[1m\u001b[94m|\u001b[0m         env.storage().persistent().set(&storage_key, &view_key);\n    \u001b[1m\u001b[94m|\u001b[0m                                    \u001b[1m\u001b[94m---\u001b[0m \u001b[1m\u001b[91m^^^^^^^^^^^^\u001b[0m \u001b[1m\u001b[91mthe trait `TryFromVal<Env, DataKey>` is not implemented for `soroban_sdk::Val`\u001b[0m\n    \u001b[1m\u001b[94m|\u001b[0m                                    \u001b[1m\u001b[94m|\u001b[0m\n    \u001b[1m\u001b[94m|\u001b[0m                                    \u001b[1m\u001b[94mrequired by a bound introduced by this call\u001b[0m\n    \u001b[1m\u001b[94m|\u001b[0m\n    \u001b[1m\u001b[94m= \u001b[0m\u001b[1mhelp\u001b[0m: the following other types implement trait `TryFromVal<E, V>`:\n              `soroban_sdk::Val` implements `TryFromVal<E, &[u8]>`\n              `soroban_sdk::Val` implements `TryFromVal<E, &str>`\n              `soroban_sdk::Val` implements `TryFromVal<E, ()>`\n              `soroban_sdk::Val` implements `TryFromVal<E, (T0, T1)>`\n              `soroban_sdk::Val` implements `TryFromVal<E, (T0, T1, T2)>`\n              `soroban_sdk::Val` implements `TryFromVal<E, (T0, T1, T2, T3)>`\n              `soroban_sdk::Val` implements `TryFromVal<E, (T0, T1, T2, T3, T4)>`\n              `soroban_sdk::Val` implements `TryFromVal<E, (T0, T1, T2, T3, T4, T5)>`\n            and 111 others\n    \u001b[1m\u001b[94m= \u001b[0m\u001b[1mnote\u001b[0m: required for `soroban_sdk::Val` to implement `FromVal<Env, DataKey>`\n    \u001b[1m\u001b[94m= \u001b[0m\u001b[1mnote\u001b[0m: required for `DataKey` to implement `IntoVal<Env, soroban_sdk::Val>`\n\u001b[1m\u001b[92mnote\u001b[0m: required by a bound in `soroban_sdk::storage::Persistent::set`\n   \u001b[1m\u001b[94m--> \u001b[0m/Users/romeoscript/.cargo/registry/src/index.crates.io-1949cf8c6b5b557f/soroban-sdk-21.7.7/src/storage.rs:324:12\n    \u001b[1m\u001b[94m|\u001b[0m\n\u001b[1m\u001b[94m322\u001b[0m \u001b[1m\u001b[94m|\u001b[0m     pub fn set<K, V>(&self, key: &K, val: &V)\n    \u001b[1m\u001b[94m|\u001b[0m            \u001b[1m\u001b[94m---\u001b[0m \u001b[1m\u001b[94mrequired by a bound in this associated function\u001b[0m\n\u001b[1m\u001b[94m323\u001b[0m \u001b[1m\u001b[94m|\u001b[0m     where\n\u001b[1m\u001b[94m324\u001b[0m \u001b[1m\u001b[94m|\u001b[0m         K: IntoVal<Env, Val>,\n    \u001b[1m\u001b[94m|\u001b[0m            \u001b[1m\u001b[92m^^^^^^^^^^^^^^^^^\u001b[0m \u001b[1m\u001b[92mrequired by this bound in `Persistent::set`\u001b[0m\n    \u001b[1m\u001b[94m= \u001b[0m\u001b[1mnote\u001b[0m: the full name for the type has been written to '/Users/romeoscript/Downloads/zk-payroll/zk-payroll-contracts/target/debug/deps/audit_module-94e8dfa0e4c1d4e2.long-type-7095980781601690815.txt'\n    \u001b[1m\u001b[94m= \u001b[0m\u001b[1mnote\u001b[0m: consider using `--verbose` to print the full type name to the console\n\n"}
{"$message_type":"diagnostic","message":"the trait bound `soroban_sdk::Val: TryFromVal<Env, ViewKey>` is not satisfied","code":{"code":"E0277","explanation":"You tried to use a type which doesn't implement some trait in a place which\nexpected that trait.\n\nErroneous code example:\n\n```compile_fail,E0277\n// here we declare the Foo trait with a bar method\ntrait Foo {\n    fn bar(&self);\n}\n\n// we now declare a function which takes an object implementing the Foo trait\nfn some_func<T: Foo>(foo: T) {\n    foo.bar();\n}\n\nfn main() {\n    // we now call the method with the i32 type, which doesn't implement\n    // the Foo trait\n    some_func(5i32); // error: the trait bound `i32 : Foo` is not satisfied\n}\n```\n\nIn order to fix this error, verify that the type you're using does implement\nthe trait. Example:\n\n```\ntrait Foo {\n    fn bar(&self);\n}\n\n// we implement the trait on the i32 type\nimpl Foo for i32 {\n    fn bar(&self) {}\n}\n\nfn some_func<T: Foo>(foo: T) {\n    foo.bar(); // we can now use this method since i32 implements the\n               // Foo trait\n}\n\nfn main() {\n    some_func(5i32); // ok!\n}\n```\n\nOr in a generic context, an erroneous code example would look like:\n\n```compile_fail,E0277\nfn some_func<T>(foo: T) {\n    println!(\"{:?}\", foo); // error: the trait `core::fmt::Debug` is not\n                           //        implemented for the type `T`\n}\n\nfn main() {\n    // We now call the method with the i32 type,\n    // which *does* implement the Debug trait.\n    some_func(5i32);\n}\n```\n\nNote that the error here is in the definition of the generic function. Although\nwe only call it with a parameter that does implement `Debug`, the compiler\nstill rejects the function. It must work with all possible input types. In\norder to make this example compile, we need to restrict the generic type we're\naccepting:\n\n```\nuse std::fmt;\n\n// Restrict the input type to types that implement Debug.\nfn some_func<T: fmt::Debug>(foo: T) {\n    println!(\"{:?}\", foo);\n}\n\nfn main() {\n    // Calling the method is still fine, as i32 implements Debug.\n    some_func(5i32);\n\n    // This would fail to compile now:\n    // struct WithoutDebug;\n    // some_func(WithoutDebug);\n}\n```\n\nRust only looks at the signature of the called function, as such it must\nalready specify all requirements that will be used for every type parameter.\n"},"level":"error","spans":[{"file_name":"contracts/audit_module/src/lib.rs","byte_start":2057,"byte_end":2066,"line_start":80,"line_end":80,"column_start":54,"column_end":63,"is_primary":true,"text":[{"text":"        env.storage().persistent().set(&storage_key, &view_key);","highlight_start":54,"highlight_end":63}],"label":"the trait `TryFromVal<Env, ViewKey>` is not implemented for `soroban_sdk::Val`","suggested_replacement":null,"suggestion_applicability":null,"expansion":null},{"file_name":"contracts/audit_module/src/lib.rs","byte_start":2039,"byte_end":2042,"line_start":80,"line_end":80,"column_start":36,"column_end":39,"is_primary":false,"text":[{"text":"        env.storage().persistent().set(&storage_key, &view_key);","highlight_start":36,"highlight_end":39}],"label":"required by a bound introduced by this call","suggested_replacement":null,"suggestion_applicability":null,"expansion":null}],"children":[{"message":"the following other types implement trait `TryFromVal<E, V>`:\n  `soroban_sdk::Val` implements `TryFromVal<E, &[u8]>`\n  `soroban_sdk::Val` implements `TryFromVal<E, &str>`\n  `soroban_sdk::Val` implements `TryFromVal<E, ()>`\n  `soroban_sdk::Val` implements `TryFromVal<E, (T0, T1)>`\n  `soroban_sdk::Val` implements `TryFromVal<E, (T0, T1, T2)>`\n  `soroban_sdk::Val` implements `TryFromVal<E, (T0, T1, T2, T3)>`\n  `soroban_sdk::Val` implements `TryFromVal<E, (T0, T1, T2, T3, T4)>`\n  `soroban_sdk::Val` implements `TryFromVal<E, (T0, T1, T2, T3, T4, T5)>`\nand 111 others","code":null,"level":"help","spans":[],"children":[],"rendered":null},{"message":"required for `soroban_sdk::Val` to implement `FromVal<Env, ViewKey>`","code":null,"level":"note","spans":[],"children":[],"rendered":null},{"message":"required for `ViewKey` to implement `IntoVal<Env, soroban_sdk::Val>`","code":null,"level":"note","spans":[],"children":[],"rendered":null},{"message":"required by a bound in `soroban_sdk::storage::Persistent::set`","code":null,"level":"note","spans":[{"file_name":"/Users/romeoscript/.cargo/registry/src/index.crates.io-1949cf8c6b5b557f/soroban-sdk-21.7.7/src/storage.rs","byte_start":10968,"byte_end":10971,"line_start":322,"line_end":322,"column_start":12,"column_end":15,"is_primary":false,"text":[{"text":"    pub fn set<K, V>(&self, key: &K, val: &V)","highlight_start":12,"highlight_end":15}],"label":"required by a bound in this associated function","suggested_replacement":null,"suggestion_applicability":null,"expansion":null},{"file_name":"/Users/romeoscript/.cargo/registry/src/index.crates.io-1949cf8c6b5b557f/soroban-sdk-21.7.7/src/storage.rs","byte_start":11054,"byte_end":11071,"line_start":325,"line_end":325,"column_start":12,"column_end":29,"is_primary":true,"text":[{"text":"        V: IntoVal<Env, Val>,","highlight_start":12,"highlight_end":29}],"label":"required by this bound in `Persistent::set`","suggested_replacement":null,"suggestion_applicability":null,"expansion":null}],"children":[],"rendered":null},{"message":"the full name for the type has been written to '/Users/romeoscript/Downloads/zk-payroll/zk-payroll-contracts/target/debug/deps/audit_module-94e8dfa0e4c1d4e2.long-type-7095980781601690815.txt'","code":null,"level":"note","spans":[],"children":[],"rendered":null},{"message":"consider using `--verbose` to print the full type name to the console","code":null,"level":"note","spans":[],"children":[],"rendered":null}],"rendered":"\u001b[1m\u001b[91merror[E0277]\u001b[0m\u001b[1m: the trait bound `soroban_sdk::Val: TryFromVal<Env, ViewKey>` is not satisfied\u001b[0m\n   \u001b[1m\u001b[94m--> \u001b[0mcontracts/audit_module/src/lib.rs:80:54\n    \u001b[1m\u001b[94m|\u001b[0m\n \u001b[1m\u001b[94m80\u001b[0m \u001b[1m\u001b[94m|\u001b[0m         env.storage().persistent().set(&storage_key, &view_key);\n    \u001b[1m\u001b[94m|\u001b[0m                                    \u001b[1m\u001b[94m---\u001b[0m               \u001b[1m\u001b[91m^^^^^^^^^\u001b[0m \u001b[1m\u001b[91mthe trait `TryFromVal<Env, ViewKey>` is not implemented for `soroban_sdk::Val`\u001b[0m\n    \u001b[1m\u001b[94m|\u001b[0m                                    \u001b[1m\u001b[94m|\u001b[0m\n    \u001b[1m\u001b[94m|\u001b[0m                                    \u001b[1m\u001b[94mrequired by a bound introduced by this call\u001b[0m\n    \u001b[1m\u001b[94m|\u001b[0m\n    \u001b[1m\u001b[94m= \u001b[0m\u001b[1mhelp\u001b[0m: the following other types implement trait `TryFromVal<E, V>`:\n              `soroban_sdk::Val` implements `TryFromVal<E, &[u8]>`\n              `soroban_sdk::Val` implements `TryFromVal<E, &str>`\n              `soroban_sdk::Val` implements `TryFromVal<E, ()>`\n              `soroban_sdk::Val` implements `TryFromVal<E, (T0, T1)>`\n              `soroban_sdk::Val` implements `TryFromVal<E, (T0, T1, T2)>`\n              `soroban_sdk::Val` implements `TryFromVal<E, (T0, T1, T2, T3)>`\n              `soroban_sdk::Val` implements `TryFromVal<E, (T0, T1, T2, T3, T4)>`\n              `soroban_sdk::Val` implements `TryFromVal<E, (T0, T1, T2, T3, T4, T5)>`\n            and 111 others\n    \u001b[1m\u001b[94m= \u001b[0m\u001b[1mnote\u001b[0m: required for `soroban_sdk::Val` to implement `FromVal<Env, ViewKey>`\n    \u001b[1m\u001b[94m= \u001b[0m\u001b[1mnote\u001b[0m: required for `ViewKey` to implement `IntoVal<Env, soroban_sdk::Val>`\n\u001b[1m\u001b[92mnote\u001b[0m: required by a bound in `soroban_sdk::storage::Persistent::set`\n   \u001b[1m\u001b[94m--> \u001b[0m/Users/romeoscript/.cargo/registry/src/index.crates.io-1949cf8c6b5b557f/soroban-sdk-21.7.7/src/storage.rs:325:12\n    \u001b[1m\u001b[94m|\u001b[0m\n\u001b[1m\u001b[94m322\u001b[0m \u001b[1m\u001b[94m|\u001b[0m     pub fn set<K, V>(&self, key: &K, val: &V)\n    \u001b[1m\u001b[94m|\u001b[0m            \u001b[1m\u001b[94m---\u001b[0m \u001b[1m\u001b[94mrequired by a bound in this associated function\u001b[0m\n\u001b[1m\u001b[94m...\u001b[0m\n\u001b[1m\u001b[94m325\u001b[0m \u001b[1m\u001b[94m|\u001b[0m         V: IntoVal<Env, Val>,\n    \u001b[1m\u001b[94m|\u001b[0m            \u001b[1m\u001b[92m^^^^^^^^^^^^^^^^^\u001b[0m \u001b[1m\u001b[92mrequired by this bound in `Persistent::set`\u001b[0m\n    \u001b[1m\u001b[94m= \u001b[0m\u001b[1mnote\u001b[0m: the full name for the type has been written to '/Users/romeoscript/Downloads/zk-payroll/zk-payroll-contracts/target/debug/deps/audit_module-94e8dfa0e4c1d4e2.long-type-7095980781601690815.txt'\n    \u001b[1m\u001b[94m= \u001b[0m\u001b[1mnote\u001b[0m: consider using `--verbose` to print the full type name to the console\n\n"}
{"$message_type":"diagnostic","message":"the trait bound `soroban_sdk::Val: TryFromVal<Env, DataKey>` is not satisfied","code":{"code":"E0277","explanation":"You tried to use a type which doesn't implement some trait in a place which\nexpected that trait.\n\nErroneous code example:\n\n```compile_fail,E0277\n// here we declare the Foo trait with a bar method\ntrait Foo {\n    fn bar(&self);\n}\n\n// we now declare a function which takes an object implementing the Foo trait\nfn some_func<T: Foo>(foo: T) {\n    foo.bar();\n}\n\nfn main() {\n    // we now call the method with the i32 type, which doesn't implement\n    // the Foo trait\n    some_func(5i32); // error: the trait bound `i32 : Foo` is not satisfied\n}\n```\n\nIn order to fix this error, verify that the type you're using does implement\nthe trait. Example:\n\n```\ntrait Foo {\n    fn bar(&self);\n}\n\n// we implement the trait on the i32 type\nimpl Foo for i32 {\n    fn bar(&self) {}\n}\n\nfn some_func<T: Foo>(foo: T) {\n    foo.bar(); // we can now use this method since i32 implements the\n               // Foo trait\n}\n\nfn main() {\n    some_func(5i32); // ok!\n}\n```\n\nOr in a generic context, an erroneous code example would look like:\n\n```compile_fail,E0277\nfn some_func<T>(foo: T) {\n    println!(\"{:?}\", foo); // error: the trait `core::fmt::Debug` is not\n                           //        implemented for the type `T`\n}\n\nfn main() {\n    // We now call the method with the i32 type,\n    // which *does* implement the Debug trait.\n    some_func(5i32);\n}\n```\n\nNote that the error here is in the definition of the generic function. Although\nwe only call it with a parameter that does implement `Debug`, the compiler\nstill rejects the function. It must work with all possible input types. In\norder to make this example compile, we need to restrict the generic type we're\naccepting:\n\n```\nuse std::fmt;\n\n// Restrict the input type to types that implement Debug.\nfn some_func<T: fmt::Debug>(foo: T) {\n    println!(\"{:?}\", foo);\n}\n\nfn main() {\n    // Calling the method is still fine, as i32 implements Debug.\n    some_func(5i32);\n\n    // This would fail to compile now:\n    // struct WithoutDebug;\n    // some_func(WithoutDebug);\n}\n```\n\nRust only looks at the signature of the called function, as such it must\nalready specify all requirements that will be used for every type parameter.\n"},"level":"error","spans":[{"file_name":"contracts/audit_module/src/lib.rs","byte_start":2350,"byte_end":2362,"line_start":89,"line_end":89,"column_start":72,"column_end":84,"is_primary":true,"text":[{"text":"        let view_key: Option<ViewKey> = env.storage().persistent().get(&storage_key);","highlight_start":72,"highlight_end":84}],"label":"the trait `TryFromVal<Env, DataKey>` is not implemented for `soroban_sdk::Val`","suggested_replacement":null,"suggestion_applicability":null,"expansion":null},{"file_name":"contracts/audit_module/src/lib.rs","byte_start":2346,"byte_end":2349,"line_start":89,"line_end":89,"column_start":68,"column_end":71,"is_primary":false,"text":[{"text":"        let view_key: Option<ViewKey> = env.storage().persistent().get(&storage_key);","highlight_start":68,"highlight_end":71}],"label":"required by a bound introduced by this call","suggested_replacement":null,"suggestion_applicability":null,"expansion":null}],"children":[{"message":"the following other types implement trait `TryFromVal<E, V>`:\n  `soroban_sdk::Val` implements `TryFromVal<E, &[u8]>`\n  `soroban_sdk::Val` implements `TryFromVal<E, &str>`\n  `soroban_sdk::Val` implements `TryFromVal<E, ()>`\n  `soroban_sdk::Val` implements `TryFromVal<E, (T0, T1)>`\n  `soroban_sdk::Val` implements `TryFromVal<E, (T0, T1, T2)>`\n  `soroban_sdk::Val` implements `TryFromVal<E, (T0, T1, T2, T3)>`\n  `soroban_sdk::Val` implements `TryFromVal<E, (T0, T1, T2, T3, T4)>`\n  `soroban_sdk::Val` implements `TryFromVal<E, (T0, T1, T2, T3, T4, T5)>`\nand 111 others","code":null,"level":"help","spans":[],"children":[],"rendered":null},{"message":"required for `soroban_sdk::Val` to implement `FromVal<Env, DataKey>`","code":null,"level":"note","spans":[],"children":[],"rendered":null},{"message":"required for `DataKey` to implement `IntoVal<Env, soroban_sdk::Val>`","code":null,"level":"note","spans":[],"children":[],"rendered":null},{"message":"required by a bound in `soroban_sdk::storage::Persistent::get`","code":null,"level":"note","spans":[{"file_name":"/Users/romeoscript/.cargo/registry/src/index.crates.io-1949cf8c6b5b557f/soroban-sdk-21.7.7/src/storage.rs","byte_start":10752,"byte_end":10755,"line_start":313,"line_end":313,"column_start":12,"column_end":15,"is_primary":false,"text":[{"text":"    pub fn get<K, V>(&self, key: &K) -> Option<V>","highlight_start":12,"highlight_end":15}],"label":"required by a bound in this associated function","suggested_replacement":null,"suggestion_applicability":null,"expansion":null},{"file_name":"/Users/romeoscript/.cargo/registry/src/index.crates.io-1949cf8c6b5b557f/soroban-sdk-21.7.7/src/storage.rs","byte_start":10837,"byte_end":10854,"line_start":316,"line_end":316,"column_start":12,"column_end":29,"is_primary":true,"text":[{"text":"        K: IntoVal<Env, Val>,","highlight_start":12,"highlight_end":29}],"label":"required by this bound in `Persistent::get`","suggested_replacement":null,"suggestion_applicability":null,"expansion":null}],"children":[],"rendered":null},{"message":"the full name for the type has been written to '/Users/romeoscript/Downloads/zk-payroll/zk-payroll-contracts/target/debug/deps/audit_module-94e8dfa0e4c1d4e2.long-type-7095980781601690815.txt'","code":null,"level":"note","spans":[],"children":[],"rendered":null},{"message":"consider using `--verbose` to print the full type name to the console","code":null,"level":"note","spans":[],"children":[],"rendered":null}],"rendered":"\u001b[1m\u001b[91merror[E0277]\u001b[0m\u001b[1m: the trait bound `soroban_sdk::Val: TryFromVal<Env, DataKey>` is not satisfied\u001b[0m\n   \u001b[1m\u001b[94m--> \u001b[0mcontracts/audit_module/src/lib.rs:89:72\n    \u001b[1m\u001b[94m|\u001b[0m\n \u001b[1m\u001b[94m89\u001b[0m \u001b[1m\u001b[94m|\u001b[0m         let view_key: Option<ViewKey> = env.storage().persistent().get(&storage_key);\n    \u001b[1m\u001b[94m|\u001b[0m                                                                    \u001b[1m\u001b[94m---\u001b[0m \u001b[1m\u001b[91m^^^^^^^^^^^^\u001b[0m \u001b[1m\u001b[91mthe trait `TryFromVal<Env, DataKey>` is not implemented for `soroban_sdk::Val`\u001b[0m\n    \u001b[1m\u001b[94m|\u001b[0m                                                                    \u001b[1m\u001b[94m|\u001b[0m\n    \u001b[1m\u001b[94m|\u001b[0m                                                                    \u001b[1m\u001b[94mrequired by a bound introduced by this call\u001b[0m\n    \u001b[1m\u001b[94m|\u001b[0m\n    \u001b[1m\u001b[94m= \u001b[0m\u001b[1mhelp\u001b[0m: the following other types implement trait `TryFromVal<E, V>`:\n              `soroban_sdk::Val` implements `TryFromVal<E, &[u8]>`\n              `soroban_sdk::Val` implements `TryFromVal<E, &str>`\n              `soroban_sdk::Val` implements `TryFromVal<E, ()>`\n              `soroban_sdk::Val` implements `TryFromVal<E, (T0, T1)>`\n              `soroban_sdk::Val` implements `TryFromVal<E, (T0, T1, T2)>`\n              `soroban_sdk::Val` implements `TryFromVal<E, (T0, T1, T2, T3)>`\n              `soroban_sdk::Val` implements `TryFromVal<E, (T0, T1, T2, T3, T4)>`\n              `soroban_sdk::Val` implements `TryFromVal<E, (T0, T1, T2, T3, T4, T5)>`\n            and 111 others\n    \u001b[1m\u001b[94m= \u001b[0m\u001b[1mnote\u001b[0m: required for `soroban_sdk::Val` to implement `FromVal<Env, DataKey>`\n    \u001b[1m\u001b[94m= \u001b[0m\u001b[1mnote\u001b[0m: required for `DataKey` to implement `IntoVal<Env, soroban_sdk::Val>`\n\u001b[1m\u001b[92mnote\u001b[0m: required by a bound in `soroban_sdk::storage::Persistent::get`\n   \u001b[1m\u001b[94m--> \u001b[0m/Users/romeoscript/.cargo/registry/src/index.crates.io-1949cf8c6b5b557f/soroban-sdk-21.7.7/src/storage.rs:316:12\n    \u001b[1m\u001b[94m|\u001b[0m\n\u001b[1m\u001b[94m313\u001b[0m \u001b[1m\u001b[94m|\u001b[0m     pub fn get<K, V>(&self, key: &K) -> Option<V>\n    \u001b[1m\u001b[94m|\u001b[0m            \u001b[1m\u001b[94m---\u001b[0m \u001b[1m\u001b[94mrequired by a bound in this associated function\u001b[0m\n\u001b[1m\u001b[94m...\u001b[0m\n\u001b[1m\u001b[94m316\u001b[0m \u001b[1m\u001b[94m|\u001b[0m         K: IntoVal<Env, Val>,\n    \u001b[1m\u001b[94m|\u001b[0m            \u001b[1m\u001b[92m^^^^^^^^^^^^^^^^^\u001b[0m \u001b[1m\u001b[92mrequired by this bound in `Persistent::get`\u001b[0m\n    \u001b[1m\u001b[94m= \u001b[0m\u001b[1mnote\u001b[0m: the full name for the type has been written to '/Users/romeoscript/Downloads/zk-payroll/zk-payroll-contracts/target/debug/deps/audit_module-94e8dfa0e4c1d4e2.long-type-7095980781601690815.txt'\n    \u001b[1m\u001b[94m= \u001b[0m\u001b[1mnote\u001b[0m: consider using `--verbose` to print the full type name to the console\n\n"}
{"$message_type":"diagnostic","message":"the trait bound `ViewKey: TryFromVal<Env, soroban_sdk::Val>` is not satisfied","code":{"code":"E0277","explanation":"You tried to use a type which doesn't implement some trait in a place which\nexpected that trait.\n\nErroneous code example:\n\n```compile_fail,E0277\n// here we declare the Foo trait with a bar method\ntrait Foo {\n    fn bar(&self);\n}\n\n// we now declare a function which takes an object implementing the Foo trait\nfn some_func<T: Foo>(foo: T) {\n    foo.bar();\n}\n\nfn main() {\n    // we now call the method with the i32 type, which doesn't implement\n    // the Foo trait\n    some_func(5i32); // error: the trait bound `i32 : Foo` is not satisfied\n}\n```\n\nIn order to fix this error, verify that the type you're using does implement\nthe trait. Example:\n\n```\ntrait Foo {\n    fn bar(&self);\n}\n\n// we implement the trait on the i32 type\nimpl Foo for i32 {\n    fn bar(&self) {}\n}\n\nfn some_func<T: Foo>(foo: T) {\n    foo.bar(); // we can now use this method since i32 implements the\n               // Foo trait\n}\n\nfn main() {\n    some_func(5i32); // ok!\n}\n```\n\nOr in a generic context, an erroneous code example would look like:\n\n```compile_fail,E0277\nfn some_func<T>(foo: T) {\n    println!(\"{:?}\", foo); // error: the trait `core::fmt::Debug` is not\n                           //        implemented for the type `T`\n}\n\nfn main() {\n    // We now call the method with the i32 type,\n    // which *does* implement the Debug trait.\n    some_func(5i32);\n}\n```\n\nNote that the error here is in the definition of the generic function. Although\nwe only call it with a parameter that does implement `Debug`, the compiler\nstill rejects the function. It must work with all possible input types. In\norder to make this example compile, we need to restrict the generic type we're\naccepting:\n\n```\nuse std::fmt;\n\n// Restrict the input type to types that implement Debug.\nfn some_func<T: fmt::Debug>(foo: T) {\n    println!(\"{:?}\", foo);\n}\n\nfn main() {\n    // Calling the method is still fine, as i32 implements Debug.\n    some_func(5i32);\n\n    // This would fail to compile now:\n    // struct WithoutDebug;\n    // some_func(WithoutDebug);\n}\n```\n\nRust only looks at the signature of the called function, as such it must\nalready specify all requirements that will be used for every type parameter.\n"},"level":"error","spans":[{"file_name":"contracts/audit_module/src/lib.rs","byte_start":2346,"byte_end":2349,"line_start":89,"line_end":89,"column_start":68,"column_end":71,"is_primary":true,"text":[{"text":"        let view_key: Option<ViewKey> = env.storage().persistent().get(&storage_key);","highlight_start":68,"highlight_end":71}],"label":"unsatisfied trait bound","suggested_replacement":null,"suggestion_applicability":null,"expansion":null}],"children":[{"message":"the trait `TryFromVal<Env, soroban_sdk::Val>` is not implemented for `ViewKey`","code":null,"level":"help","spans":[{"file_name":"contracts/audit_module/src/lib.rs","byte_start":170,"byte_end":188,"line_start":8,"line_end":8,"column_start":1,"column_end":19,"is_primary":true,"text":[{"text":"pub struct ViewKey {","highlight_start":1,"highlight_end":19}],"label":null,"suggested_replacement":null,"suggestion_applicability":null,"expansion":null}],"children":[],"rendered":null},{"message":"the following other types implement trait `TryFromVal<E, V>`:\n  `()` implements `TryFromVal<E, [soroban_sdk::Val; 0]>`\n  `()` implements `TryFromVal<E, soroban_sdk::Val>`\n  `()` implements `TryFromVal<Env, ()>`\n  `(T0, T1)` implements `TryFromVal<E, [soroban_sdk::Val; N]>`\n  `(T0, T1)` implements `TryFromVal<E, soroban_sdk::Val>`\n  `(T0, T1, T2)` implements `TryFromVal<E, [soroban_sdk::Val; N]>`\n  `(T0, T1, T2)` implements `TryFromVal<E, soroban_sdk::Val>`\n  `(T0, T1, T2, T3)` implements `TryFromVal<E, [soroban_sdk::Val; N]>`\nand 367 others","code":null,"level":"help","spans":[],"children":[],"rendered":null},{"message":"required by a bound in `soroban_sdk::storage::Persistent::get`","code":null,"level":"note","spans":[{"file_name":"/Users/romeoscript/.cargo/registry/src/index.crates.io-1949cf8c6b5b557f/soroban-sdk-21.7.7/src/storage.rs","byte_start":10752,"byte_end":10755,"line_start":313,"line_end":313,"column_start":12,"column_end":15,"is_primary":false,"text":[{"text":"    pub fn get<K, V>(&self, key: &K) -> Option<V>","highlight_start":12,"highlight_end":15}],"label":"required by a bound in this associated function","suggested_replacement":null,"suggestion_applicability":null,"expansion":null},{"file_name":"/Users/romeoscript/.cargo/registry/src/index.crates.io-1949cf8c6b5b557f/soroban-sdk-21.7.7/src/storage.rs","byte_start":10867,"byte_end":10887,"line_start":317,"line_end":317,"column_start":12,"column_end":32,"is_primary":true,"text":[{"text":"        V: TryFromVal<Env, Val>,","highlight_start":12,"highlight_end":32}],"label":"required by this bound in `Persistent::get`","suggested_replacement":null,"suggestion_applicability":null,"expansion":null}],"children":[],"rendered":null},{"message":"the full name for the type has been written to '/Users/romeoscript/Downloads/zk-payroll/zk-payroll-contracts/target/debug/deps/audit_module-94e8dfa0e4c1d4e2.long-type-7728466234903830262.txt'","code":null,"level":"note","spans":[],"children":[],"rendered":null},{"message":"consider using `--verbose` to print the full type name to the console","code":null,"level":"note","spans":[],"children":[],"rendered":null}],"rendered":"\u001b[1m\u001b[91merror[E0277]\u001b[0m\u001b[1m: the trait bound `ViewKey: TryFromVal<Env, soroban_sdk::Val>` is not satisfied\u001b[0m\n   \u001b[1m\u001b[94m--> \u001b[0mcontracts/audit_module/src/lib.rs:89:68\n    \u001b[1m\u001b[94m|\u001b[0m\n \u001b[1m\u001b[94m89\u001b[0m \u001b[1m\u001b[94m|\u001b[0m         let view_key: Option<ViewKey> = env.storage().persistent().get(&storage_key);\n    \u001b[1m\u001b[94m|\u001b[0m                                                                    \u001b[1m\u001b[91m^^^\u001b[0m \u001b[1m\u001b[91munsatisfied trait bound\u001b[0m\n    \u001b[1m\u001b[94m|\u001b[0m\n\u001b[1m\u001b[96mhelp\u001b[0m: the trait `TryFromVal<Env, soroban_sdk::Val>` is not implemented for `ViewKey`\n   \u001b[1m\u001b[94m--> \u001b[0mcontracts/audit_module/src/lib.rs:8:1\n    \u001b[1m\u001b[94m|\u001b[0m\n  \u001b[1m\u001b[94m8\u001b[0m \u001b[1m\u001b[94m|\u001b[0m pub struct ViewKey {\n    \u001b[1m\u001b[94m|\u001b[0m \u001b[1m\u001b[96m^^^^^^^^^^^^^^^^^^\u001b[0m\n    \u001b[1m\u001b[94m= \u001b[0m\u001b[1mhelp\u001b[0m: the following other types implement trait `TryFromVal<E, V>`:\n              `()` implements `TryFromVal<E, [soroban_sdk::Val; 0]>`\n              `()` implements `TryFromVal<E, soroban_sdk::Val>`\n              `()` implements `TryFromVal<Env, ()>`\n              `(T0, T1)` implements `TryFromVal<E, [soroban_sdk::Val; N]>`\n              `(T0, T1)` implements `TryFromVal<E, soroban_sdk::Val>`\n              `(T0, T1, T2)` implements `TryFromVal<E, [soroban_sdk::Val; N]>`\n              `(T0, T1, T2)` implements `TryFromVal<E, soroban_sdk::Val>`\n              `(T0, T1, T2, T3)` implements `TryFromVal<E, [soroban_sdk::Val; N]>`\n            and 367 others\n\u001b[1m\u001b[92mnote\u001b[0m: required by a bound in `soroban_sdk::storage::Persistent::get`\n   \u001b[1m\u001b[94m--> \u001b[0m/Users/romeoscript/.cargo/registry/src/index.crates.io-1949cf8c6b5b557f/soroban-sdk-21.7.7/src/storage.rs:317:12\n    \u001b[1m\u001b[94m|\u001b[0m\n\u001b[1m\u001b[94m313\u001b[0m \u001b[1m\u001b[94m|\u001b[0m     pub fn get<K, V>(&self, key: &K) -> Option<V>\n    \u001b[1m\u001b[94m|\u001b[0m            \u001b[1m\u001b[94m---\u001b[0m \u001b[1m\u001b[94mrequired by a bound in this associated function\u001b[0m\n\u001b[1m\u001b[94m...\u001b[0m\n\u001b[1m\u001b[94m317\u001b[0m \u001b[1m\u001b[94m|\u001b[0m         V: TryFromVal<Env, Val>,\n    \u001b[1m\u001b[94m|\u001b[0m            \u001b[1m\u001b[92m^^^^^^^^^^^^^^^^^^^^\u001b[0m \u001b[1m\u001b[92mrequired by this bound in `Persistent::get`\u001b[0m\n    \u001b[1m\u001b[94m= \u001b[0m\u001b[1mnote\u001b[0m: the full name for the type has been written to '/Users/romeoscript/Downloads/zk-payroll/zk-payroll-contracts/target/debug/deps/audit_module-94e8dfa0e4c1d4e2.long-type-7728466234903830262.txt'\n    \u001b[1m\u001b[94m= \u001b[0m\u001b[1mnote\u001b[0m: consider using `--verbose` to print the full type name to the console\n\n"}
{"$message_type":"diagnostic","message":"the trait bound `soroban_sdk::Val: TryFromVal<Env, DataKey>` is not satisfied","code":{"code":"E0277","explanation":"You tried to use a type which doesn't implement some trait in a place which\nexpected that trait.\n\nErroneous code example:\n\n```compile_fail,E0277\n// here we declare the Foo trait with a bar method\ntrait Foo {\n    fn bar(&self);\n}\n\n// we now declare a function which takes an object implementing the Foo trait\nfn some_func<T: Foo>(foo: T) {\n    foo.bar();\n}\n\nfn main() {\n    // we now call the method with the i32 type, which doesn't implement\n    // the Foo trait\n    some_func(5i32); // error: the trait bound `i32 : Foo` is not satisfied\n}\n```\n\nIn order to fix this error, verify that the type you're using does implement\nthe trait. Example:\n\n```\ntrait Foo {\n    fn bar(&self);\n}\n\n// we implement the trait on the i32 type\nimpl Foo for i32 {\n    fn bar(&self) {}\n}\n\nfn some_func<T: Foo>(foo: T) {\n    foo.bar(); // we can now use this method since i32 implements the\n               // Foo trait\n}\n\nfn main() {\n    some_func(5i32); // ok!\n}\n```\n\nOr in a generic context, an erroneous code example would look like:\n\n```compile_fail,E0277\nfn some_func<T>(foo: T) {\n    println!(\"{:?}\", foo); // error: the trait `core::fmt::Debug` is not\n                           //        implemented for the type `T`\n}\n\nfn main() {\n    // We now call the method with the i32 type,\n    // which *does* implement the Debug trait.\n    some_func(5i32);\n}\n```\n\nNote that the error here is in the definition of the generic function. Although\nwe only call it with a parameter that does implement `Debug`, the compiler\nstill rejects the function. It must work with all possible input types. In\norder to make this example compile, we need to restrict the generic type we're\naccepting:\n\n```\nuse std::fmt;\n\n// Restrict the input type to types that implement Debug.\nfn some_func<T: fmt::Debug>(foo: T) {\n    println!(\"{:?}\", foo);\n}\n\nfn main() {\n    // Calling the method is still fine, as i32 implements Debug.\n    some_func(5i32);\n\n    // This would fail to compile now:\n    // struct WithoutDebug;\n    // some_func(WithoutDebug);\n}\n```\n\nRust only looks at the signature of the called function, as such it must\nalready specify all requirements that will be used for every type parameter.\n"},"level":"error","spans":[{"file_name":"contracts/audit_module/src/lib.rs","byte_start":2914,"byte_end":2926,"line_start":108,"line_end":108,"column_start":18,"column_end":30,"is_primary":true,"text":[{"text":"            .get(&storage_key)","highlight_start":18,"highlight_end":30}],"label":"the trait `TryFromVal<Env, DataKey>` is not implemented for `soroban_sdk::Val`","suggested_replacement":null,"suggestion_applicability":null,"expansion":null},{"file_name":"contracts/audit_module/src/lib.rs","byte_start":2910,"byte_end":2913,"line_start":108,"line_end":108,"column_start":14,"column_end":17,"is_primary":false,"text":[{"text":"            .get(&storage_key)","highlight_start":14,"highlight_end":17}],"label":"required by a bound introduced by this call","suggested_replacement":null,"suggestion_applicability":null,"expansion":null}],"children":[{"message":"the following other types implement trait `TryFromVal<E, V>`:\n  `soroban_sdk::Val` implements `TryFromVal<E, &[u8]>`\n  `soroban_sdk::Val` implements `TryFromVal<E, &str>`\n  `soroban_sdk::Val` implements `TryFromVal<E, ()>`\n  `soroban_sdk::Val` implements `TryFromVal<E, (T0, T1)>`\n  `soroban_sdk::Val` implements `TryFromVal<E, (T0, T1, T2)>`\n  `soroban_sdk::Val` implements `TryFromVal<E, (T0, T1, T2, T3)>`\n  `soroban_sdk::Val` implements `TryFromVal<E, (T0, T1, T2, T3, T4)>`\n  `soroban_sdk::Val` implements `TryFromVal<E, (T0, T1, T2, T3, T4, T5)>`\nand 111 others","code":null,"level":"help","spans":[],"children":[],"rendered":null},{"message":"required for `soroban_sdk::Val` to implement `FromVal<Env, DataKey>`","code":null,"level":"note","spans":[],"children":[],"rendered":null},{"message":"required for `DataKey` to implement `IntoVal<Env, soroban_sdk::Val>`","code":null,"level":"note","spans":[],"children":[],"rendered":null},{"message":"required by a bound in `soroban_sdk::storage::Persistent::get`","code":null,"level":"note","spans":[{"file_name":"/Users/romeoscript/.cargo/registry/src/index.crates.io-1949cf8c6b5b557f/soroban-sdk-21.7.7/src/storage.rs","byte_start":10752,"byte_end":10755,"line_start":313,"line_end":313,"column_start":12,"column_end":15,"is_primary":false,"text":[{"text":"    pub fn get<K, V>(&self, key: &K) -> Option<V>","highlight_start":12,"highlight_end":15}],"label":"required by a bound in this associated function","suggested_replacement":null,"suggestion_applicability":null,"expansion":null},{"file_name":"/Users/romeoscript/.cargo/registry/src/index.crates.io-1949cf8c6b5b557f/soroban-sdk-21.7.7/src/storage.rs","byte_start":10837,"byte_end":10854,"line_start":316,"line_end":316,"column_start":12,"column_end":29,"is_primary":true,"text":[{"text":"        K: IntoVal<Env, Val>,","highlight_start":12,"highlight_end":29}],"label":"required by this bound in `Persistent::get`","suggested_replacement":null,"suggestion_applicability":null,"expansion":null}],"children":[],"rendered":null},{"message":"the full name for the type has been written to '/Users/romeoscript/Downloads/zk-payroll/zk-payroll-contracts/target/debug/deps/audit_module-94e8dfa0e4c1d4e2.long-type-7095980781601690815.txt'","code":null,"level":"note","spans":[],"children":[],"rendered":null},{"message":"consider using `--verbose` to print the full type name to the console","code":null,"level":"note","spans":[],"children":[],"rendered":null}],"rendered":"\u001b[1m\u001b[91merror[E0277]\u001b[0m\u001b[1m: the trait bound `soroban_sdk::Val: TryFromVal<Env, DataKey>` is not satisfied\u001b[0m\n   \u001b[1m\u001b[94m--> \u001b[0mcontracts/audit_module/src/lib.rs:108:18\n    \u001b[1m\u001b[94m|\u001b[0m\n\u001b[1m\u001b[94m108\u001b[0m \u001b[1m\u001b[94m|\u001b[0m             .get(&storage_key)\n    \u001b[1m\u001b[94m|\u001b[0m              \u001b[1m\u001b[94m---\u001b[0m \u001b[1m\u001b[91m^^^^^^^^^^^^\u001b[0m \u001b[1m\u001b[91mthe trait `TryFromVal<Env, DataKey>` is not implemented for `soroban_sdk::Val`\u001b[0m\n    \u001b[1m\u001b[94m|\u001b[0m              \u001b[1m\u001b[94m|\u001b[0m\n    \u001b[1m\u001b[94m|\u001b[0m              \u001b[1m\u001b[94mrequired by a bound introduced by this call\u001b[0m\n    \u001b[1m\u001b[94m|\u001b[0m\n    \u001b[1m\u001b[94m= \u001b[0m\u001b[1mhelp\u001b[0m: the following other types implement trait `TryFromVal<E, V>`:\n              `soroban_sdk::Val` implements `TryFromVal<E, &[u8]>`\n              `soroban_sdk::Val` implements `TryFromVal<E, &str>`\n              `soroban_sdk::Val` implements `TryFromVal<E, ()>`\n              `soroban_sdk::Val` implements `TryFromVal<E, (T0, T1)>`\n              `soroban_sdk::Val` implements `TryFromVal<E, (T0, T1, T2)>`\n              `soroban_sdk::Val` implements `TryFromVal<E, (T0, T1, T2, T3)>`\n              `soroban_sdk::Val` implements `TryFromVal<E, (T0, T1, T2, T3, T4)>`\n              `soroban_sdk::Val` implements `TryFromVal<E, (T0, T1, T2, T3, T4, T5)>`\n            and 111 others\n    \u001b[1m\u001b[94m= \u001b[0m\u001b[1mnote\u001b[0m: required for `soroban_sdk::Val` to implement `FromVal<Env, DataKey>`\n    \u001b[1m\u001b[94m= \u001b[0m\u001b[1mnote\u001b[0m: required for `DataKey` to implement `IntoVal<Env, soroban_sdk::Val>`\n\u001b[1m\u001b[92mnote\u001b[0m: required by a bound in `soroban_sdk::storage::Persistent::get`\n   \u001b[1m\u001b[94m--> \u001b[0m/Users/romeoscript/.cargo/registry/src/index.crates.io-1949cf8c6b5b557f/soroban-sdk-21.7.7/src/storage.rs:316:12\n    \u001b[1m\u001b[94m|\u001b[0m\n\u001b[1m\u001b[94m313\u001b[0m \u001b[1m\u001b[94m|\u001b[0m     pub fn get<K, V>(&self, key: &K) -> Option<V>\n    \u001b[1m\u001b[94m|\u001b[0m            \u001b[1m\u001b[94m---\u001b[0m \u001b[1m\u001b[94mrequired by a bound in this associated function\u001b[0m\n\u001b[1m\u001b[94m...\u001b[0m\n\u001b[1m\u001b[94m316\u001b[0m \u001b[1m\u001b[94m|\u001b[0m         K: IntoVal<Env, Val>,\n    \u001b[1m\u001b[94m|\u001b[0m            \u001b[1m\u001b[92m^^^^^^^^^^^^^^^^^\u001b[0m \u001b[1m\u001b[92mrequired by this bound in `Persistent::get`\u001b[0m\n    \u001b[1m\u001b[94m= \u001b[0m\u001b[1mnote\u001b[0m: the full name for the type has been written to '/Users/romeoscript/Downloads/zk-payroll/zk-payroll-contracts/target/debug/deps/audit_module-94e8dfa0e4c1d4e2.long-type-7095980781601690815.txt'\n    \u001b[1m\u001b[94m= \u001b[0m\u001b[1mnote\u001b[0m: consider using `--verbose` to print the full type name to the console\n\n"}
{"$message_type":"diagnostic","message":"the trait bound `ViewKey: TryFromVal<Env, soroban_sdk::Val>` is not satisfied","code":{"code":"E0277","explanation":"You tried to use a type which doesn't implement some trait in a place which\nexpected that trait.\n\nErroneous code example:\n\n```compile_fail,E0277\n// here we declare the Foo trait with a bar method\ntrait Foo {\n    fn bar(&self);\n}\n\n// we now declare a function which takes an object implementing the Foo trait\nfn some_func<T: Foo>(foo: T) {\n    foo.bar();\n}\n\nfn main() {\n    // we now call the method with the i32 type, which doesn't implement\n    // the Foo trait\n    some_func(5i32); // error: the trait bound `i32 : Foo` is not satisfied\n}\n```\n\nIn order to fix this error, verify that the type you're using does implement\nthe trait. Example:\n\n```\ntrait Foo {\n    fn bar(&self);\n}\n\n// we implement the trait on the i32 type\nimpl Foo for i32 {\n    fn bar(&self) {}\n}\n\nfn some_func<T: Foo>(foo: T) {\n    foo.bar(); // we can now use this method since i32 implements the\n               // Foo trait\n}\n\nfn main() {\n    some_func(5i32); // ok!\n}\n```\n\nOr in a generic context, an erroneous code example would look like:\n\n```compile_fail,E0277\nfn some_func<T>(foo: T) {\n    println!(\"{:?}\", foo); // error: the trait `core::fmt::Debug` is not\n                           //        implemented for the type `T`\n}\n\nfn main() {\n    // We now call the method with the i32 type,\n    // which *does* implement the Debug trait.\n    some_func(5i32);\n}\n```\n\nNote that the error here is in the definition of the generic function. Although\nwe only call it with a parameter that does implement `Debug`, the compiler\nstill rejects the function. It must work with all possible input types. In\norder to make this example compile, we need to restrict the generic type we're\naccepting:\n\n```\nuse std::fmt;\n\n// Restrict the input type to types that implement Debug.\nfn some_func<T: fmt::Debug>(foo: T) {\n    println!(\"{:?}\", foo);\n}\n\nfn main() {\n    // Calling the method is still fine, as i32 implements Debug.\n    some_func(5i32);\n\n    // This would fail to compile now:\n    // struct WithoutDebug;\n    // some_func(WithoutDebug);\n}\n```\n\nRust only looks at the signature of the called function, as such it must\nalready specify all requirements that will be used for every type parameter.\n"},"level":"error","spans":[{"file_name":"contracts/audit_module/src/lib.rs","byte_start":2910,"byte_end":2913,"line_start":108,"line_end":108,"column_start":14,"column_end":17,"is_primary":true,"text":[{"text":"            .get(&storage_key)","highlight_start":14,"highlight_end":17}],"label":"unsatisfied trait bound","suggested_replacement":null,"suggestion_applicability":null,"expansion":null}],"children":[{"message":"the trait `TryFromVal<Env, soroban_sdk::Val>` is not implemented for `ViewKey`","code":null,"level":"help","spans":[{"file_name":"contracts/audit_module/src/lib.rs","byte_start":170,"byte_end":188,"line_start":8,"line_end":8,"column_start":1,"column_end":19,"is_primary":true,"text":[{"text":"pub struct ViewKey {","highlight_start":1,"highlight_end":19}],"label":null,"suggested_replacement":null,"suggestion_applicability":null,"expansion":null}],"children":[],"rendered":null},{"message":"the following other types implement trait `TryFromVal<E, V>`:\n  `()` implements `TryFromVal<E, [soroban_sdk::Val; 0]>`\n  `()` implements `TryFromVal<E, soroban_sdk::Val>`\n  `()` implements `TryFromVal<Env, ()>`\n  `(T0, T1)` implements `TryFromVal<E, [soroban_sdk::Val; N]>`\n  `(T0, T1)` implements `TryFromVal<E, soroban_sdk::Val>`\n  `(T0, T1, T2)` implements `TryFromVal<E, [soroban_sdk::Val; N]>`\n  `(T0, T1, T2)` implements `TryFromVal<E, soroban_sdk::Val>`\n  `(T0, T1, T2, T3)` implements `TryFromVal<E, [soroban_sdk::Val; N]>`\nand 367 others","code":null,"level":"help","spans":[],"children":[],"rendered":null},{"message":"required by a bound in `soroban_sdk::storage::Persistent::get`","code":null,"level":"note","spans":[{"file_name":"/Users/romeoscript/.cargo/registry/src/index.crates.io-1949cf8c6b5b557f/soroban-sdk-21.7.7/src/storage.rs","byte_start":10752,"byte_end":10755,"line_start":313,"line_end":313,"column_start":12,"column_end":15,"is_primary":false,"text":[{"text":"    pub fn get<K, V>(&self, key: &K) -> Option<V>","highlight_start":12,"highlight_end":15}],"label":"required by a bound in this associated function","suggested_replacement":null,"suggestion_applicability":null,"expansion":null},{"file_name":"/Users/romeoscript/.cargo/registry/src/index.crates.io-1949cf8c6b5b557f/soroban-sdk-21.7.7/src/storage.rs","byte_start":10867,"byte_end":10887,"line_start":317,"line_end":317,"column_start":12,"column_end":32,"is_primary":true,"text":[{"text":"        V: TryFromVal<Env, Val>,","highlight_start":12,"highlight_end":32}],"label":"required by this bound in `Persistent::get`","suggested_replacement":null,"suggestion_applicability":null,"expansion":null}],"children":[],"rendered":null},{"message":"the full name for the type has been written to '/Users/romeoscript/Downloads/zk-payroll/zk-payroll-contracts/target/debug/deps/audit_module-94e8dfa0e4c1d4e2.long-type-7728466234903830262.txt'","code":null,"level":"note","spans":[],"children":[],"rendered":null},{"message":"consider using `--verbose` to print the full type name to the console","code":null,"level":"note","spans":[],"children":[],"rendered":null}],"rendered":"\u001b[1m\u001b[91merror[E0277]\u001b[0m\u001b[1m: the trait bound `ViewKey: TryFromVal<Env, soroban_sdk::Val>` is not satisfied\u001b[0m\n   \u001b[1m\u001b[94m--> \u001b[0mcontracts/audit_module/src/lib.rs:108:14\n    \u001b[1m\u001b[94m|\u001b[0m\n\u001b[1m\u001b[94m108\u001b[0m \u001b[1m\u001b[94m|\u001b[0m             .get(&storage_key)\n    \u001b[1m\u001b[94m|\u001b[0m              \u001b[1m\u001b[91m^^^\u001b[0m \u001b[1m\u001b[91munsatisfied trait bound\u001b[0m\n    \u001b[1m\u001b[94m|\u001b[0m\n\u001b[1m\u001b[96mhelp\u001b[0m: the trait `TryFromVal<Env, soroban_sdk::Val>` is not implemented for `ViewKey`\n   \u001b[1m\u001b[94m--> \u001b[0mcontracts/audit_module/src/lib.rs:8:1\n    \u001b[1m\u001b[94m|\u001b[0m\n  \u001b[1m\u001b[94m8\u001b[0m \u001b[1m\u001b[94m|\u001b[0m pub struct ViewKey {\n    \u001b[1m\u001b[94m|\u001b[0m \u001b[1m\u001b[96m^^^^^^^^^^^^^^^^^^\u001b[0m\n    \u001b[1m\u001b[94m= \u001b[0m\u001b[1mhelp\u001b[0m: the following other types implement trait `TryFromVal<E, V>`:\n              `()` implements `TryFromVal<E, [soroban_sdk::Val; 0]>`\n              `()` implements `TryFromVal<E, soroban_sdk::Val>`\n              `()` implements `TryFromVal<Env, ()>`\n              `(T0, T1)` implements `TryFromVal<E, [soroban_sdk::Val; N]>`\n              `(T0, T1)` implements `TryFromVal<E, soroban_sdk::Val>`\n              `(T0, T1, T2)` implements `TryFromVal<E, [soroban_sdk::Val; N]>`\n              `(T0, T1, T2)` implements `TryFromVal<E, soroban_sdk::Val>`\n              `(T0, T1, T2, T3)` implements `TryFromVal<E, [soroban_sdk::Val; N]>`\n            and 367 others\n\u001b[1m\u001b[92mnote\u001b[0m: required by a bound in `soroban_sdk::storage::Persistent::get`\n   \u001b[1m\u001b[94m--> \u001b[0m/Users/romeoscript/.cargo/registry/src/index.crates.io-1949cf8c6b5b557f/soroban-sdk-21.7.7/src/storage.rs:317:12\n    \u001b[1m\u001b[94m|\u001b[0m\n\u001b[1m\u001b[94m313\u001b[0m \u001b[1m\u001b[94m|\u001b[0m     pub fn get<K, V>(&self, key: &K) -> Option<V>\n    \u001b[1m\u001b[94m|\u001b[0m            \u001b[1m\u001b[94m---\u001b[0m \u001b[1m\u001b[94mrequired by a bound in this associated function\u001b[0m\n\u001b[1m\u001b[94m...\u001b[0m\n\u001b[1m\u001b[94m317\u001b[0m \u001b[1m\u001b[94m|\u001b[0m         V: TryFromVal<Env, Val>,\n    \u001b[1m\u001b[94m|\u001b[0m            \u001b[1m\u001b[92m^^^^^^^^^^^^^^^^^^^^\u001b[0m \u001b[1m\u001b[92mrequired by this bound in `Persistent::get`\u001b[0m\n    \u001b[1m\u001b[94m= \u001b[0m\u001b[1mnote\u001b[0m: the full name for the type has been written to '/Users/romeoscript/Downloads/zk-payroll/zk-payroll-contracts/target/debug/deps/audit_module-94e8dfa0e4c1d4e2.long-type-7728466234903830262.txt'\n    \u001b[1m\u001b[94m= \u001b[0m\u001b[1mnote\u001b[0m: consider using `--verbose` to print the full type name to the console\n\n"}
{"$message_type":"diagnostic","message":"the trait bound `soroban_sdk::Val: TryFromVal<Env, DataKey>` is not satisfied","code":{"code":"E0277","explanation":"You tried to use a type which doesn't implement some trait in a place which\nexpected that trait.\n\nErroneous code example:\n\n```compile_fail,E0277\n// here we declare the Foo trait with a bar method\ntrait Foo {\n    fn bar(&self);\n}\n\n// we now declare a function which takes an object implementing the Foo trait\nfn some_func<T: Foo>(foo: T) {\n    foo.bar();\n}\n\nfn main() {\n    // we now call the method with the i32 type, which doesn't implement\n    // the Foo trait\n    some_func(5i32); // error: the trait bound `i32 : Foo` is not satisfied\n}\n```\n\nIn order to fix this error, verify that the type you're using does implement\nthe trait. Example:\n\n```\ntrait Foo {\n    fn bar(&self);\n}\n\n// we implement the trait on the i32 type\nimpl Foo for i32 {\n    fn bar(&self) {}\n}\n\nfn some_func<T: Foo>(foo: T) {\n    foo.bar(); // we can now use this method since i32 implements the\n               // Foo trait\n}\n\nfn main() {\n    some_func(5i32); // ok!\n}\n```\n\nOr in a generic context, an erroneous code example would look like:\n\n```compile_fail,E0277\nfn some_func<T>(foo: T) {\n    println!(\"{:?}\", foo); // error: the trait `core::fmt::Debug` is not\n                           //        implemented for the type `T`\n}\n\nfn main() {\n    // We now call the method with the i32 type,\n    // which *does* implement the Debug trait.\n    some_func(5i32);\n}\n```\n\nNote that the error here is in the definition of the generic function. Although\nwe only call it with a parameter that does implement `Debug`, the compiler\nstill rejects the function. It must work with all possible input types. In\norder to make this example compile, we need to restrict the generic type we're\naccepting:\n\n```\nuse std::fmt;\n\n// Restrict the input type to types that implement Debug.\nfn some_func<T: fmt::Debug>(foo: T) {\n    println!(\"{:?}\", foo);\n}\n\nfn main() {\n    // Calling the method is still fine, as i32 implements Debug.\n    some_func(5i32);\n\n    // This would fail to compile now:\n    // struct WithoutDebug;\n    // some_func(WithoutDebug);\n}\n```\n\nRust only looks at the signature of the called function, as such it must\nalready specify all requirements that will be used for every type parameter.\n"},"level":"error","spans":[{"file_name":"contracts/audit_module/src/lib.rs","byte_start":3177,"byte_end":3189,"line_start":116,"line_end":116,"column_start":43,"column_end":55,"is_primary":true,"text":[{"text":"        env.storage().persistent().remove(&storage_key);","highlight_start":43,"highlight_end":55}],"label":"the trait `TryFromVal<Env, DataKey>` is not implemented for `soroban_sdk::Val`","suggested_replacement":null,"suggestion_applicability":null,"expansion":null},{"file_name":"contracts/audit_module/src/lib.rs","byte_start":3170,"byte_end":3176,"line_start":116,"line_end":116,"column_start":36,"column_end":42,"is_primary":false,"text":[{"text":"        env.storage().persistent().remove(&storage_key);","highlight_start":36,"highlight_end":42}],"label":"required by a bound introduced by this call","suggested_replacement":null,"suggestion_applicability":null,"expansion":null}],"children":[{"message":"the following other types implement trait `TryFromVal<E, V>`:\n  `soroban_sdk::Val` implements `TryFromVal<E, &[u8]>`\n  `soroban_sdk::Val` implements `TryFromVal<E, &str>`\n  `soroban_sdk::Val` implements `TryFromVal<E, ()>`\n  `soroban_sdk::Val` implements `TryFromVal<E, (T0, T1)>`\n  `soroban_sdk::Val` implements `TryFromVal<E, (T0, T1, T2)>`\n  `soroban_sdk::Val` implements `TryFromVal<E, (T0, T1, T2, T3)>`\n  `soroban_sdk::Val` implements `TryFromVal<E, (T0, T1, T2, T3, T4)>`\n  `soroban_sdk::Val` implements `TryFromVal<E, (T0, T1, T2, T3, T4, T5)>`\nand 111 others","code":null,"level":"help","spans":[],"children":[],"rendered":null},{"message":"required for `soroban_sdk::Val` to implement `FromVal<Env, DataKey>`","code":null,"level":"note","spans":[],"children":[],"rendered":null},{"message":"required for `DataKey` to implement `IntoVal<Env, soroban_sdk::Val>`","code":null,"level":"note","spans":[],"children":[],"rendered":null},{"message":"required by a bound in `soroban_sdk::storage::Persistent::remove`","code":null,"level":"note","spans":[{"file_name":"/Users/romeoscript/.cargo/registry/src/index.crates.io-1949cf8c6b5b557f/soroban-sdk-21.7.7/src/storage.rs","byte_start":13022,"byte_end":13028,"line_start":382,"line_end":382,"column_start":12,"column_end":18,"is_primary":false,"text":[{"text":"    pub fn remove<K>(&self, key: &K)","highlight_start":12,"highlight_end":18}],"label":"required by a bound in this associated function","suggested_replacement":null,"suggestion_applicability":null,"expansion":null},{"file_name":"/Users/romeoscript/.cargo/registry/src/index.crates.io-1949cf8c6b5b557f/soroban-sdk-21.7.7/src/storage.rs","byte_start":13069,"byte_end":13086,"line_start":384,"line_end":384,"column_start":12,"column_end":29,"is_primary":true,"text":[{"text":"        K: IntoVal<Env, Val>,","highlight_start":12,"highlight_end":29}],"label":"required by this bound in `Persistent::remove`","suggested_replacement":null,"suggestion_applicability":null,"expansion":null}],"children":[],"rendered":null},{"message":"the full name for the type has been written to '/Users/romeoscript/Downloads/zk-payroll/zk-payroll-contracts/target/debug/deps/audit_module-94e8dfa0e4c1d4e2.long-type-7095980781601690815.txt'","code":null,"level":"note","spans":[],"children":[],"rendered":null},{"message":"consider using `--verbose` to print the full type name to the console","code":null,"level":"note","spans":[],"children":[],"rendered":null}],"rendered":"\u001b[1m\u001b[91merror[E0277]\u001b[0m\u001b[1m: the trait bound `soroban_sdk::Val: TryFromVal<Env, DataKey>` is not satisfied\u001b[0m\n   \u001b[1m\u001b[94m--> \u001b[0mcontracts/audit_module/src/lib.rs:116:43\n    \u001b[1m\u001b[94m|\u001b[0m\n\u001b[1m\u001b[94m116\u001b[0m \u001b[1m\u001b[94m|\u001b[0m         env.storage().persistent().remove(&storage_key);\n    \u001b[1m\u001b[94m|\u001b[0m                                    \u001b[1m\u001b[94m------\u001b[0m \u001b[1m\u001b[91m^^^^^^^^^^^^\u001b[0m \u001b[1m\u001b[91mthe trait `TryFromVal<Env, DataKey>` is not implemented for `soroban_sdk::Val`\u001b[0m\n    \u001b[1m\u001b[94m|\u001b[0m                                    \u001b[1m\u001b[94m|\u001b[0m\n    \u001b[1m\u001b[94m|\u001b[0m                                    \u001b[1m\u001b[94mrequired by a bound introduced by this call\u001b[0m\n    \u001b[1m\u001b[94m|\u001b[0m\n    \u001b[1m\u001b[94m= \u001b[0m\u001b[1mhelp\u001b[0m: the following other types implement trait `TryFromVal<E, V>`:\n              `soroban_sdk::Val` implements `TryFromVal<E, &[u8]>`\n              `soroban_sdk::Val` implements `TryFromVal<E, &str>`\n              `soroban_sdk::Val` implements `TryFromVal<E, ()>`\n              `soroban_sdk::Val` implements `TryFromVal<E, (T0, T1)>`\n              `soroban_sdk::Val` implements `TryFromVal<E, (T0, T1, T2)>`\n              `soroban_sdk::Val` implements `TryFromVal<E, (T0, T1, T2, T3)>`\n              `soroban_sdk::Val` implements `TryFromVal<E, (T0, T1, T2, T3, T4)>`\n              `soroban_sdk::Val` implements `TryFromVal<E, (T0, T1, T2, T3, T4, T5)>`\n            and 111 others\n    \u001b[1m\u001b[94m= \u001b[0m\u001b[1mnote\u001b[0m: required for `soroban_sdk::Val` to implement `FromVal<Env, DataKey>`\n    \u001b[1m\u001b[94m= \u001b[0m\u001b[1mnote\u001b[0m: required for `DataKey` to implement `IntoVal<Env, soroban_sdk::Val>`\n\u001b[1m\u001b[92mnote\u001b[0m: required by a bound in `soroban_sdk::storage::Persistent::remove`\n   \u001b[1m\u001b[94m--> \u001b[0m/Users/romeoscript/.cargo/registry/src/index.crates.io-1949cf8c6b5b557f/soroban-sdk-21.7.7/src/storage.rs:384:12\n    \u001b[1m\u001b[94m|\u001b[0m\n\u001b[1m\u001b[94m382\u001b[0m \u001b[1m\u001b[94m|\u001b[0m     pub fn remove<K>(&self, key: &K)\n    \u001b[1m\u001b[94m|\u001b[0m            \u001b[1m\u001b[94m------\u001b[0m \u001b[1m\u001b[94mrequired by a bound in this associated function\u001b[0m\n\u001b[1m\u001b[94m383\u001b[0m \u001b[1m\u001b[94m|\u001b[0m     where\n\u001b[1m\u001b[94m384\u001b[0m \u001b[1m\u001b[94m|\u001b[0m         K: IntoVal<Env, Val>,\n    \u001b[1m\u001b[94m|\u001b[0m            \u001b[1m\u001b[92m^^^^^^^^^^^^^^^^^\u001b[0m \u001b[1m\u001b[92mrequired by this bound in `Persistent::remove`\u001b[0m\n    \u001b[1m\u001b[94m= \u001b[0m\u001b[1mnote\u001b[0m: the full name for the type has been written to '/Users/romeoscript/Downloads/zk-payroll/zk-payroll-contracts/target/debug/deps/audit_module-94e8dfa0e4c1d4e2.long-type-7095980781601690815.txt'\n    \u001b[1m\u001b[94m= \u001b[0m\u001b[1mnote\u001b[0m: consider using `--verbose` to print the full type name to the console\n\n"}
{"$message_type":"diagnostic","message":"the trait bound `soroban_sdk::Val: TryFromVal<Env, DataKey>` is not satisfied","code":{"code":"E0277","explanation":"You tried to use a type which doesn't implement some trait in a place which\nexpected that trait.\n\nErroneous code example:\n\n```compile_fail,E0277\n// here we declare the Foo trait with a bar method\ntrait Foo {\n    fn bar(&self);\n}\n\n// we now declare a function which takes an object implementing the Foo trait\nfn some_func<T: Foo>(foo: T) {\n    foo.bar();\n}\n\nfn main() {\n    // we now call the method with the i32 type, which doesn't implement\n    // the Foo trait\n    some_func(5i32); // error: the trait bound `i32 : Foo` is not satisfied\n}\n```\n\nIn order to fix this error, verify that the type you're using does implement\nthe trait. Example:\n\n```\ntrait Foo {\n    fn bar(&self);\n}\n\n// we implement the trait on the i32 type\nimpl Foo for i32 {\n    fn bar(&self) {}\n}\n\nfn some_func<T: Foo>(foo: T) {\n    foo.bar(); // we can now use this method since i32 implements the\n               // Foo trait\n}\n\nfn main() {\n    some_func(5i32); // ok!\n}\n```\n\nOr in a generic context, an erroneous code example would look like:\n\n```compile_fail,E0277\nfn some_func<T>(foo: T) {\n    println!(\"{:?}\", foo); // error: the trait `core::fmt::Debug` is not\n                           //        implemented for the type `T`\n}\n\nfn main() {\n    // We now call the method with the i32 type,\n    // which *does* implement the Debug trait.\n    some_func(5i32);\n}\n```\n\nNote that the error here is in the definition of the generic function. Although\nwe only call it with a parameter that does implement `Debug`, the compiler\nstill rejects the function. It must work with all possible input types. In\norder to make this example compile, we need to restrict the generic type we're\naccepting:\n\n```\nuse std::fmt;\n\n// Restrict the input type to types that implement Debug.\nfn some_func<T: fmt::Debug>(foo: T) {\n    println!(\"{:?}\", foo);\n}\n\nfn main() {\n    // Calling the method is still fine, as i32 implements Debug.\n    some_func(5i32);\n\n    // This would fail to compile now:\n    // struct WithoutDebug;\n    // some_func(WithoutDebug);\n}\n```\n\nRust only looks at the signature of the called function, as such it must\nalready specify all requirements that will be used for every type parameter.\n"},"level":"error","spans":[{"file_name":"contracts/audit_module/src/lib.rs","byte_start":3755,"byte_end":3767,"line_start":135,"line_end":135,"column_start":64,"column_end":76,"is_primary":true,"text":[{"text":"        let view_key: ViewKey = env.storage().persistent().get(&storage_key).unwrap();","highlight_start":64,"highlight_end":76}],"label":"the trait `TryFromVal<Env, DataKey>` is not implemented for `soroban_sdk::Val`","suggested_replacement":null,"suggestion_applicability":null,"expansion":null},{"file_name":"contracts/audit_module/src/lib.rs","byte_start":3751,"byte_end":3754,"line_start":135,"line_end":135,"column_start":60,"column_end":63,"is_primary":false,"text":[{"text":"        let view_key: ViewKey = env.storage().persistent().get(&storage_key).unwrap();","highlight_start":60,"highlight_end":63}],"label":"required by a bound introduced by this call","suggested_replacement":null,"suggestion_applicability":null,"expansion":null}],"children":[{"message":"the following other types implement trait `TryFromVal<E, V>`:\n  `soroban_sdk::Val` implements `TryFromVal<E, &[u8]>`\n  `soroban_sdk::Val` implements `TryFromVal<E, &str>`\n  `soroban_sdk::Val` implements `TryFromVal<E, ()>`\n  `soroban_sdk::Val` implements `TryFromVal<E, (T0, T1)>`\n  `soroban_sdk::Val` implements `TryFromVal<E, (T0, T1, T2)>`\n  `soroban_sdk::Val` implements `TryFromVal<E, (T0, T1, T2, T3)>`\n  `soroban_sdk::Val` implements `TryFromVal<E, (T0, T1, T2, T3, T4)>`\n  `soroban_sdk::Val` implements `TryFromVal<E, (T0, T1, T2, T3, T4, T5)>`\nand 111 others","code":null,"level":"help","spans":[],"children":[],"rendered":null},{"message":"required for `soroban_sdk::Val` to implement `FromVal<Env, DataKey>`","code":null,"level":"note","spans":[],"children":[],"rendered":null},{"message":"required for `DataKey` to implement `IntoVal<Env, soroban_sdk::Val>`","code":null,"level":"note","spans":[],"children":[],"rendered":null},{"message":"required by a bound in `soroban_sdk::storage::Persistent::get`","code":null,"level":"note","spans":[{"file_name":"/Users/romeoscript/.cargo/registry/src/index.crates.io-1949cf8c6b5b557f/soroban-sdk-21.7.7/src/storage.rs","byte_start":10752,"byte_end":10755,"line_start":313,"line_end":313,"column_start":12,"column_end":15,"is_primary":false,"text":[{"text":"    pub fn get<K, V>(&self, key: &K) -> Option<V>","highlight_start":12,"highlight_end":15}],"label":"required by a bound in this associated function","suggested_replacement":null,"suggestion_applicability":null,"expansion":null},{"file_name":"/Users/romeoscript/.cargo/registry/src/index.crates.io-1949cf8c6b5b557f/soroban-sdk-21.7.7/src/storage.rs","byte_start":10837,"byte_end":10854,"line_start":316,"line_end":316,"column_start":12,"column_end":29,"is_primary":true,"text":[{"text":"        K: IntoVal<Env, Val>,","highlight_start":12,"highlight_end":29}],"label":"required by this bound in `Persistent::get`","suggested_replacement":null,"suggestion_applicability":null,"expansion":null}],"children":[],"rendered":null},{"message":"the full name for the type has been written to '/Users/romeoscript/Downloads/zk-payroll/zk-payroll-contracts/target/debug/deps/audit_module-94e8dfa0e4c1d4e2.long-type-7095980781601690815.txt'","code":null,"level":"note","spans":[],"children":[],"rendered":null},{"message":"consider using `--verbose` to print the full type name to the console","code":null,"level":"note","spans":[],"children":[],"rendered":null}],"rendered":"\u001b[1m\u001b[91merror[E0277]\u001b[0m\u001b[1m: the trait bound `soroban_sdk::Val: TryFromVal<Env, DataKey>` is not satisfied\u001b[0m\n   \u001b[1m\u001b[94m--> \u001b[0mcontracts/audit_module/src/lib.rs:135:64\n    \u001b[1m\u001b[94m|\u001b[0m\n\u001b[1m\u001b[94m135\u001b[0m \u001b[1m\u001b[94m|\u001b[0m         let view_key: ViewKey = env.storage().persistent().get(&storage_key).unwrap();\n    \u001b[1m\u001b[94m|\u001b[0m                                                            \u001b[1m\u001b[94m---\u001b[0m \u001b[1m\u001b[91m^^^^^^^^^^^^\u001b[0m \u001b[1m\u001b[91mthe trait `TryFromVal<Env, DataKey>` is not implemented for `soroban_sdk::Val`\u001b[0m\n    \u001b[1m\u001b[94m|\u001b[0m                                                            \u001b[1m\u001b[94m|\u001b[0m\n    \u001b[1m\u001b[94m|\u001b[0m                                                            \u001b[1m\u001b[94mrequired by a bound introduced by this call\u001b[0m\n    \u001b[1m\u001b[94m|\u001b[0m\n    \u001b[1m\u001b[94m= \u001b[0m\u001b[1mhelp\u001b[0m: the following other types implement trait `TryFromVal<E, V>`:\n              `soroban_sdk::Val` implements `TryFromVal<E, &[u8]>`\n              `soroban_sdk::Val` implements `TryFromVal<E, &str>`\n              `soroban_sdk::Val` implements `TryFromVal<E, ()>`\n              `soroban_sdk::Val` implements `TryFromVal<E, (T0, T1)>`\n              `soroban_sdk::Val` implements `TryFromVal<E, (T0, T1, T2)>`\n              `soroban_sdk::Val` implements `TryFromVal<E, (T0, T1, T2, T3)>`\n              `soroban_sdk::Val` implements `TryFromVal<E, (T0, T1, T2, T3, T4)>`\n              `soroban_sdk::Val` implements `TryFromVal<E, (T0, T1, T2, T3, T4, T5)>`\n            and 111 others\n    \u001b[1m\u001b[94m= \u001b[0m\u001b[1mnote\u001b[0m: required for `soroban_sdk::Val` to implement `FromVal<Env, DataKey>`\n    \u001b[1m\u001b[94m= \u001b[0m\u001b[1mnote\u001b[0m: required for `DataKey` to implement `IntoVal<Env, soroban_sdk::Val>`\n\u001b[1m\u001b[92mnote\u001b[0m: required by a bound in `soroban_sdk::storage::Persistent::get`\n   \u001b[1m\u001b[94m--> \u001b[0m/Users/romeoscript/.cargo/registry/src/index.crates.io-1949cf8c6b5b557f/soroban-sdk-21.7.7/src/storage.rs:316:12\n    \u001b[1m\u001b[94m|\u001b[0m\n\u001b[1m\u001b[94m313\u001b[0m \u001b[1m\u001b[94m|\u001b[0m     pub fn get<K, V>(&self, key: &K) -> Option<V>\n    \u001b[1m\u001b[94m|\u001b[0m            \u001b[1m\u001b[94m---\u001b[0m \u001b[1m\u001b[94mrequired by a bound in this associated function\u001b[0m\n\u001b[1m\u001b[94m...\u001b[0m\n\u001b[1m\u001b[94m316\u001b[0m \u001b[1m\u001b[94m|\u001b[0m         K: IntoVal<Env, Val>,\n    \u001b[1m\u001b[94m|\u001b[0m            \u001b[1m\u001b[92m^^^^^^^^^^^^^^^^^\u001b[0m \u001b[1m\u001b[92mrequired by this bound in `Persistent::get`\u001b[0m\n    \u001b[1m\u001b[94m= \u001b[0m\u001b[1mnote\u001b[0m: the full name for the type has been written to '/Users/romeoscript/Downloads/zk-payroll/zk-payroll-contracts/target/debug/deps/audit_module-94e8dfa0e4c1d4e2.long-type-7095980781601690815.txt'\n    \u001b[1m\u001b[94m= \u001b[0m\u001b[1mnote\u001b[0m: consider using `--verbose` to print the full type name to the console\n\n"}
{"$message_type":"diagnostic","message":"the trait bound `ViewKey: TryFromVal<Env, soroban_sdk::Val>` is not satisfied","code":{"code":"E0277","explanation":"You tried to use a type which doesn't implement some trait in a place which\nexpected that trait.\n\nErroneous code example:\n\n```compile_fail,E0277\n// here we declare the Foo trait with a bar method\ntrait Foo {\n    fn bar(&self);\n}\n\n// we now declare a function which takes an object implementing the Foo trait\nfn some_func<T: Foo>(foo: T) {\n    foo.bar();\n}\n\nfn main() {\n    // we now call the method with the i32 type, which doesn't implement\n    // the Foo trait\n    some_func(5i32); // error: the trait bound `i32 : Foo` is not satisfied\n}\n```\n\nIn order to fix this error, verify that the type you're using does implement\nthe trait. Example:\n\n```\ntrait Foo {\n    fn bar(&self);\n}\n\n// we implement the trait on the i32 type\nimpl Foo for i32 {\n    fn bar(&self) {}\n}\n\nfn some_func<T: Foo>(foo: T) {\n    foo.bar(); // we can now use this method since i32 implements the\n               // Foo trait\n}\n\nfn main() {\n    some_func(5i32); // ok!\n}\n```\n\nOr in a generic context, an erroneous code example would look like:\n\n```compile_fail,E0277\nfn some_func<T>(foo: T) {\n    println!(\"{:?}\", foo); // error: the trait `core::fmt::Debug` is not\n                           //        implemented for the type `T`\n}\n\nfn main() {\n    // We now call the method with the i32 type,\n    // which *does* implement the Debug trait.\n    some_func(5i32);\n}\n```\n\nNote that the error here is in the definition of the generic function. Although\nwe only call it with a parameter that does implement `Debug`, the compiler\nstill rejects the function. It must work with all possible input types. In\norder to make this example compile, we need to restrict the generic type we're\naccepting:\n\n```\nuse std::fmt;\n\n// Restrict the input type to types that implement Debug.\nfn some_func<T: fmt::Debug>(foo: T) {\n    println!(\"{:?}\", foo);\n}\n\nfn main() {\n    // Calling the method is still fine, as i32 implements Debug.\n    some_func(5i32);\n\n    // This would fail to compile now:\n    // struct WithoutDebug;\n    // some_func(WithoutDebug);\n}\n```\n\nRust only looks at the signature of the called function, as such it must\nalready specify all requirements that will be used for every type parameter.\n"},"level":"error","spans":[{"file_name":"contracts/audit_module/src/lib.rs","byte_start":3751,"byte_end":3754,"line_start":135,"line_end":135,"column_start":60,"column_end":63,"is_primary":true,"text":[{"text":"        let view_key: ViewKey = env.storage().persistent().get(&storage_key).unwrap();","highlight_start":60,"highlight_end":63}],"label":"unsatisfied trait bound","suggested_replacement":null,"suggestion_applicability":null,"expansion":null}],"children":[{"message":"the trait `TryFromVal<Env, soroban_sdk::Val>` is not implemented for `ViewKey`","code":null,"level":"help","spans":[{"file_name":"contracts/audit_module/src/lib.rs","byte_start":170,"byte_end":188,"line_start":8,"line_end":8,"column_start":1,"column_end":19,"is_primary":true,"text":[{"text":"pub struct ViewKey {","highlight_start":1,"highlight_end":19}],"label":null,"suggested_replacement":null,"suggestion_applicability":null,"expansion":null}],"children":[],"rendered":null},{"message":"the following other types implement trait `TryFromVal<E, V>`:\n  `()` implements `TryFromVal<E, [soroban_sdk::Val; 0]>`\n  `()` implements `TryFromVal<E, soroban_sdk::Val>`\n  `()` implements `TryFromVal<Env, ()>`\n  `(T0, T1)` implements `TryFromVal<E, [soroban_sdk::Val; N]>`\n  `(T0, T1)` implements `TryFromVal<E, soroban_sdk::Val>`\n  `(T0, T1, T2)` implements `TryFromVal<E, [soroban_sdk::Val; N]>`\n  `(T0, T1, T2)` implements `TryFromVal<E, soroban_sdk::Val>`\n  `(T0, T1, T2, T3)` implements `TryFromVal<E, [soroban_sdk::Val; N]>`\nand 367 others","code":null,"level":"help","spans":[],"children":[],"rendered":null},{"message":"required by a bound in `soroban_sdk::storage::Persistent::get`","code":null,"level":"note","spans":[{"file_name":"/Users/romeoscript/.cargo/registry/src/index.crates.io-1949cf8c6b5b557f/soroban-sdk-21.7.7/src/storage.rs","byte_start":10752,"byte_end":10755,"line_start":313,"line_end":313,"column_start":12,"column_end":15,"is_primary":false,"text":[{"text":"    pub fn get<K, V>(&self, key: &K) -> Option<V>","highlight_start":12,"highlight_end":15}],"label":"required by a bound in this associated function","suggested_replacement":null,"suggestion_applicability":null,"expansion":null},{"file_name":"/Users/romeoscript/.cargo/registry/src/index.crates.io-1949cf8c6b5b557f/soroban-sdk-21.7.7/src/storage.rs","byte_start":10867,"byte_end":10887,"line_start":317,"line_end":317,"column_start":12,"column_end":32,"is_primary":true,"text":[{"text":"        V: TryFromVal<Env, Val>,","highlight_start":12,"highlight_end":32}],"label":"required by this bound in `Persistent::get`","suggested_replacement":null,"suggestion_applicability":null,"expansion":null}],"children":[],"rendered":null},{"message":"the full name for the type has been written to '/Users/romeoscript/Downloads/zk-payroll/zk-payroll-contracts/target/debug/deps/audit_module-94e8dfa0e4c1d4e2.long-type-7728466234903830262.txt'","code":null,"level":"note","spans":[],"children":[],"rendered":null},{"message":"consider using `--verbose` to print the full type name to the console","code":null,"level":"note","spans":[],"children":[],"rendered":null}],"rendered":"\u001b[1m\u001b[91merror[E0277]\u001b[0m\u001b[1m: the trait bound `ViewKey: TryFromVal<Env, soroban_sdk::Val>` is not satisfied\u001b[0m\n   \u001b[1m\u001b[94m--> \u001b[0mcontracts/audit_module/src/lib.rs:135:60\n    \u001b[1m\u001b[94m|\u001b[0m\n\u001b[1m\u001b[94m135\u001b[0m \u001b[1m\u001b[94m|\u001b[0m         let view_key: ViewKey = env.storage().persistent().get(&storage_key).unwrap();\n    \u001b[1m\u001b[94m|\u001b[0m                                                            \u001b[1m\u001b[91m^^^\u001b[0m \u001b[1m\u001b[91munsatisfied trait bound\u001b[0m\n    \u001b[1m\u001b[94m|\u001b[0m\n\u001b[1m\u001b[96mhelp\u001b[0m: the trait `TryFromVal<Env, soroban_sdk::Val>` is not implemented for `ViewKey`\n   \u001b[1m\u001b[94m--> \u001b[0mcontracts/audit_module/src/lib.rs:8:1\n    \u001b[1m\u001b[94m|\u001b[0m\n  \u001b[1m\u001b[94m8\u001b[0m \u001b[1m\u001b[94m|\u001b[0m pub struct ViewKey {\n    \u001b[1m\u001b[94m|\u001b[0m \u001b[1m\u001b[96m^^^^^^^^^^^^^^^^^^\u001b[0m\n    \u001b[1m\u001b[94m= \u001b[0m\u001b[1mhelp\u001b[0m: the following other types implement trait `TryFromVal<E, V>`:\n              `()` implements `TryFromVal<E, [soroban_sdk::Val; 0]>`\n              `()` implements `TryFromVal<E, soroban_sdk::Val>`\n              `()` implements `TryFromVal<Env, ()>`\n              `(T0, T1)` implements `TryFromVal<E, [soroban_sdk::Val; N]>`\n              `(T0, T1)` implements `TryFromVal<E, soroban_sdk::Val>`\n              `(T0, T1, T2)` implements `TryFromVal<E, [soroban_sdk::Val; N]>`\n              `(T0, T1, T2)` implements `TryFromVal<E, soroban_sdk::Val>`\n              `(T0, T1, T2, T3)` implements `TryFromVal<E, [soroban_sdk::Val; N]>`\n            and 367 others\n\u001b[1m\u001b[92mnote\u001b[0m: required by a bound in `soroban_sdk::storage::Persistent::get`\n   \u001b[1m\u001b[94m--> \u001b[0m/Users/romeoscript/.cargo/registry/src/index.crates.io-1949cf8c6b5b557f/soroban-sdk-21.7.7/src/storage.rs:317:12\n    \u001b[1m\u001b[94m|\u001b[0m\n\u001b[1m\u001b[94m313\u001b[0m \u001b[1m\u001b[94m|\u001b[0m     pub fn get<K, V>(&self, key: &K) -> Option<V>\n    \u001b[1m\u001b[94m|\u001b[0m            \u001b[1m\u001b[94m---\u001b[0m \u001b[1m\u001b[94mrequired by a bound in this associated function\u001b[0m\n\u001b[1m\u001b[94m...\u001b[0m\n\u001b[1m\u001b[94m317\u001b[0m \u001b[1m\u001b[94m|\u001b[0m         V: TryFromVal<Env, Val>,\n    \u001b[1m\u001b[94m|\u001b[0m            \u001b[1m\u001b[92m^^^^^^^^^^^^^^^^^^^^\u001b[0m \u001b[1m\u001b[92mrequired by this bound in `Persistent::get`\u001b[0m\n    \u001b[1m\u001b[94m= \u001b[0m\u001b[1mnote\u001b[0m: the full name for the type has been written to '/Users/romeoscript/Downloads/zk-payroll/zk-payroll-contracts/target/debug/deps/audit_module-94e8dfa0e4c1d4e2.long-type-7728466234903830262.txt'\n    \u001b[1m\u001b[94m= \u001b[0m\u001b[1mnote\u001b[0m: consider using `--verbose` to print the full type name to the console\n\n"}
{"$message_type":"diagnostic","message":"the trait bound `soroban_sdk::Val: TryFromVal<Env, DataKey>` is not satisfied","code":{"code":"E0277","explanation":"You tried to use a type which doesn't implement some trait in a place which\nexpected that trait.\n\nErroneous code example:\n\n```compile_fail,E0277\n// here we declare the Foo trait with a bar method\ntrait Foo {\n    fn bar(&self);\n}\n\n// we now declare a function which takes an object implementing the Foo trait\nfn some_func<T: Foo>(foo: T) {\n    foo.bar();\n}\n\nfn main() {\n    // we now call the method with the i32 type, which doesn't implement\n    // the Foo trait\n    some_func(5i32); // error: the trait bound `i32 : Foo` is not satisfied\n}\n```\n\nIn order to fix this error, verify that the type you're using does implement\nthe trait. Example:\n\n```\ntrait Foo {\n    fn bar(&self);\n}\n\n// we implement the trait on the i32 type\nimpl Foo for i32 {\n    fn bar(&self) {}\n}\n\nfn some_func<T: Foo>(foo: T) {\n    foo.bar(); // we can now use this method since i32 implements the\n               // Foo trait\n}\n\nfn main() {\n    some_func(5i32); // ok!\n}\n```\n\nOr in a generic context, an erroneous code example would look like:\n\n```compile_fail,E0277\nfn some_func<T>(foo: T) {\n    println!(\"{:?}\", foo); // error: the trait `core::fmt::Debug` is not\n                           //        implemented for the type `T`\n}\n\nfn main() {\n    // We now call the method with the i32 type,\n    // which *does* implement the Debug trait.\n    some_func(5i32);\n}\n```\n\nNote that the error here is in the definition of the generic function. Although\nwe only call it with a parameter that does implement `Debug`, the compiler\nstill rejects the function. It must work with all possible input types. In\norder to make this example compile, we need to restrict the generic type we're\naccepting:\n\n```\nuse std::fmt;\n\n// Restrict the input type to types that implement Debug.\nfn some_func<T: fmt::Debug>(foo: T) {\n    println!(\"{:?}\", foo);\n}\n\nfn main() {\n    // Calling the method is still fine, as i32 implements Debug.\n    some_func(5i32);\n\n    // This would fail to compile now:\n    // struct WithoutDebug;\n    // some_func(WithoutDebug);\n}\n```\n\nRust only looks at the signature of the called function, as such it must\nalready specify all requirements that will be used for every type parameter.\n"},"level":"error","spans":[{"file_name":"contracts/audit_module/src/lib.rs","byte_start":5824,"byte_end":5836,"line_start":200,"line_end":200,"column_start":18,"column_end":30,"is_primary":true,"text":[{"text":"            .get(&storage_key)","highlight_start":18,"highlight_end":30}],"label":"the trait `TryFromVal<Env, DataKey>` is not implemented for `soroban_sdk::Val`","suggested_replacement":null,"suggestion_applicability":null,"expansion":null},{"file_name":"contracts/audit_module/src/lib.rs","byte_start":5820,"byte_end":5823,"line_start":200,"line_end":200,"column_start":14,"column_end":17,"is_primary":false,"text":[{"text":"            .get(&storage_key)","highlight_start":14,"highlight_end":17}],"label":"required by a bound introduced by this call","suggested_replacement":null,"suggestion_applicability":null,"expansion":null}],"children":[{"message":"the following other types implement trait `TryFromVal<E, V>`:\n  `soroban_sdk::Val` implements `TryFromVal<E, &[u8]>`\n  `soroban_sdk::Val` implements `TryFromVal<E, &str>`\n  `soroban_sdk::Val` implements `TryFromVal<E, ()>`\n  `soroban_sdk::Val` implements `TryFromVal<E, (T0, T1)>`\n  `soroban_sdk::Val` implements `TryFromVal<E, (T0, T1, T2)>`\n  `soroban_sdk::Val` implements `TryFromVal<E, (T0, T1, T2, T3)>`\n  `soroban_sdk::Val` implements `TryFromVal<E, (T0, T1, T2, T3, T4)>`\n  `soroban_sdk::Val` implements `TryFromVal<E, (T0, T1, T2, T3, T4, T5)>`\nand 111 others","code":null,"level":"help","spans":[],"children":[],"rendered":null},{"message":"required for `soroban_sdk::Val` to implement `FromVal<Env, DataKey>`","code":null,"level":"note","spans":[],"children":[],"rendered":null},{"message":"required for `DataKey` to implement `IntoVal<Env, soroban_sdk::Val>`","code":null,"level":"note","spans":[],"children":[],"rendered":null},{"message":"required by a bound in `soroban_sdk::storage::Persistent::get`","code":null,"level":"note","spans":[{"file_name":"/Users/romeoscript/.cargo/registry/src/index.crates.io-1949cf8c6b5b557f/soroban-sdk-21.7.7/src/storage.rs","byte_start":10752,"byte_end":10755,"line_start":313,"line_end":313,"column_start":12,"column_end":15,"is_primary":false,"text":[{"text":"    pub fn get<K, V>(&self, key: &K) -> Option<V>","highlight_start":12,"highlight_end":15}],"label":"required by a bound in this associated function","suggested_replacement":null,"suggestion_applicability":null,"expansion":null},{"file_name":"/Users/romeoscript/.cargo/registry/src/index.crates.io-1949cf8c6b5b557f/soroban-sdk-21.7.7/src/storage.rs","byte_start":10837,"byte_end":10854,"line_start":316,"line_end":316,"column_start":12,"column_end":29,"is_primary":true,"text":[{"text":"        K: IntoVal<Env, Val>,","highlight_start":12,"highlight_end":29}],"label":"required by this bound in `Persistent::get`","suggested_replacement":null,"suggestion_applicability":null,"expansion":null}],"children":[],"rendered":null},{"message":"the full name for the type has been written to '/Users/romeoscript/Downloads/zk-payroll/zk-payroll-contracts/target/debug/deps/audit_module-94e8dfa0e4c1d4e2.long-type-7095980781601690815.txt'","code":null,"level":"note","spans":[],"children":[],"rendered":null},{"message":"consider using `--verbose` to print the full type name to the console","code":null,"level":"note","spans":[],"children":[],"rendered":null}],"rendered":"\u001b[1m\u001b[91merror[E0277]\u001b[0m\u001b[1m: the trait bound `soroban_sdk::Val: TryFromVal<Env, DataKey>` is not satisfied\u001b[0m\n   \u001b[1m\u001b[94m--> \u001b[0mcontracts/audit_module/src/lib.rs:200:18\n    \u001b[1m\u001b[94m|\u001b[0m\n\u001b[1m\u001b[94m200\u001b[0m \u001b[1m\u001b[94m|\u001b[0m             .get(&storage_key)\n    \u001b[1m\u001b[94m|\u001b[0m              \u001b[1m\u001b[94m---\u001b[0m \u001b[1m\u001b[91m^^^^^^^^^^^^\u001b[0m \u001b[1m\u001b[91mthe trait `TryFromVal<Env, DataKey>` is not implemented for `soroban_sdk::Val`\u001b[0m\n    \u001b[1m\u001b[94m|\u001b[0m              \u001b[1m\u001b[94m|\u001b[0m\n    \u001b[1m\u001b[94m|\u001b[0m              \u001b[1m\u001b[94mrequired by a bound introduced by this call\u001b[0m\n    \u001b[1m\u001b[94m|\u001b[0m\n    \u001b[1m\u001b[94m= \u001b[0m\u001b[1mhelp\u001b[0m: the following other types implement trait `TryFromVal<E, V>`:\n              `soroban_sdk::Val` implements `TryFromVal<E, &[u8]>`\n              `soroban_sdk::Val` implements `TryFromVal<E, &str>`\n              `soroban_sdk::Val` implements `TryFromVal<E, ()>`\n              `soroban_sdk::Val` implements `TryFromVal<E, (T0, T1)>`\n              `soroban_sdk::Val` implements `TryFromVal<E, (T0, T1, T2)>`\n              `soroban_sdk::Val` implements `TryFromVal<E, (T0, T1, T2, T3)>`\n              `soroban_sdk::Val` implements `TryFromVal<E, (T0, T1, T2, T3, T4)>`\n              `soroban_sdk::Val` implements `TryFromVal<E, (T0, T1, T2, T3, T4, T5)>`\n            and 111 others\n    \u001b[1m\u001b[94m= \u001b[0m\u001b[1mnote\u001b[0m: required for `soroban_sdk::Val` to implement `FromVal<Env, DataKey>`\n    \u001b[1m\u001b[94m= \u001b[0m\u001b[1mnote\u001b[0m: required for `DataKey` to implement `IntoVal<Env, soroban_sdk::Val>`\n\u001b[1m\u001b[92mnote\u001b[0m: required by a bound in `soroban_sdk::storage::Persistent::get`\n   \u001b[1m\u001b[94m--> \u001b[0m/Users/romeoscript/.cargo/registry/src/index.crates.io-1949cf8c6b5b557f/soroban-sdk-21.7.7/src/storage.rs:316:12\n    \u001b[1m\u001b[94m|\u001b[0m\n\u001b[1m\u001b[94m313\u001b[0m \u001b[1m\u001b[94m|\u001b[0m     pub fn get<K, V>(&self, key: &K) -> Option<V>\n    \u001b[1m\u001b[94m|\u001b[0m            \u001b[1m\u001b[94m---\u001b[0m \u001b[1m\u001b[94mrequired by a bound in this associated function\u001b[0m\n\u001b[1m\u001b[94m...\u001b[0m\n\u001b[1m\u001b[94m316\u001b[0m \u001b[1m\u001b[94m|\u001b[0m         K: IntoVal<Env, Val>,\n    \u001b[1m\u001b[94m|\u001b[0m            \u001b[1m\u001b[92m^^^^^^^^^^^^^^^^^\u001b[0m \u001b[1m\u001b[92mrequired by this bound in `Persistent::get`\u001b[0m\n    \u001b[1m\u001b[94m= \u001b[0m\u001b[1mnote\u001b[0m: the full name for the type has been written to '/Users/romeoscript/Downloads/zk-payroll/zk-payroll-contracts/target/debug/deps/audit_module-94e8dfa0e4c1d4e2.long-type-7095980781601690815.txt'\n    \u001b[1m\u001b[94m= \u001b[0m\u001b[1mnote\u001b[0m: consider using `--verbose` to print the full type name to the console\n\n"}
{"$message_type":"diagnostic","message":"the trait bound `ViewKey: TryFromVal<Env, soroban_sdk::Val>` is not satisfied","code":{"code":"E0277","explanation":"You tried to use a type which doesn't implement some trait in a place which\nexpected that trait.\n\nErroneous code example:\n\n```compile_fail,E0277\n// here we declare the Foo trait with a bar method\ntrait Foo {\n    fn bar(&self);\n}\n\n// we now declare a function which takes an object implementing the Foo trait\nfn some_func<T: Foo>(foo: T) {\n    foo.bar();\n}\n\nfn main() {\n    // we now call the method with the i32 type, which doesn't implement\n    // the Foo trait\n    some_func(5i32); // error: the trait bound `i32 : Foo` is not satisfied\n}\n```\n\nIn order to fix this error, verify that the type you're using does implement\nthe trait. Example:\n\n```\ntrait Foo {\n    fn bar(&self);\n}\n\n// we implement the trait on the i32 type\nimpl Foo for i32 {\n    fn bar(&self) {}\n}\n\nfn some_func<T: Foo>(foo: T) {\n    foo.bar(); // we can now use this method since i32 implements the\n               // Foo trait\n}\n\nfn main() {\n    some_func(5i32); // ok!\n}\n```\n\nOr in a generic context, an erroneous code example would look like:\n\n```compile_fail,E0277\nfn some_func<T>(foo: T) {\n    println!(\"{:?}\", foo); // error: the trait `core::fmt::Debug` is not\n                           //        implemented for the type `T`\n}\n\nfn main() {\n    // We now call the method with the i32 type,\n    // which *does* implement the Debug trait.\n    some_func(5i32);\n}\n```\n\nNote that the error here is in the definition of the generic function. Although\nwe only call it with a parameter that does implement `Debug`, the compiler\nstill rejects the function. It must work with all possible input types. In\norder to make this example compile, we need to restrict the generic type we're\naccepting:\n\n```\nuse std::fmt;\n\n// Restrict the input type to types that implement Debug.\nfn some_func<T: fmt::Debug>(foo: T) {\n    println!(\"{:?}\", foo);\n}\n\nfn main() {\n    // Calling the method is still fine, as i32 implements Debug.\n    some_func(5i32);\n\n    // This would fail to compile now:\n    // struct WithoutDebug;\n    // some_func(WithoutDebug);\n}\n```\n\nRust only looks at the signature of the called function, as such it must\nalready specify all requirements that will be used for every type parameter.\n"},"level":"error","spans":[{"file_name":"contracts/audit_module/src/lib.rs","byte_start":5820,"byte_end":5823,"line_start":200,"line_end":200,"column_start":14,"column_end":17,"is_primary":true,"text":[{"text":"            .get(&storage_key)","highlight_start":14,"highlight_end":17}],"label":"unsatisfied trait bound","suggested_replacement":null,"suggestion_applicability":null,"expansion":null}],"children":[{"message":"the trait `TryFromVal<Env, soroban_sdk::Val>` is not implemented for `ViewKey`","code":null,"level":"help","spans":[{"file_name":"contracts/audit_module/src/lib.rs","byte_start":170,"byte_end":188,"line_start":8,"line_end":8,"column_start":1,"column_end":19,"is_primary":true,"text":[{"text":"pub struct ViewKey {","highlight_start":1,"highlight_end":19}],"label":null,"suggested_replacement":null,"suggestion_applicability":null,"expansion":null}],"children":[],"rendered":null},{"message":"the following other types implement trait `TryFromVal<E, V>`:\n  `()` implements `TryFromVal<E, [soroban_sdk::Val; 0]>`\n  `()` implements `TryFromVal<E, soroban_sdk::Val>`\n  `()` implements `TryFromVal<Env, ()>`\n  `(T0, T1)` implements `TryFromVal<E, [soroban_sdk::Val; N]>`\n  `(T0, T1)` implements `TryFromVal<E, soroban_sdk::Val>`\n  `(T0, T1, T2)` implements `TryFromVal<E, [soroban_sdk::Val; N]>`\n  `(T0, T1, T2)` implements `TryFromVal<E, soroban_sdk::Val>`\n  `(T0, T1, T2, T3)` implements `TryFromVal<E, [soroban_sdk::Val; N]>`\nand 367 others","code":null,"level":"help","spans":[],"children":[],"rendered":null},{"message":"required by a bound in `soroban_sdk::storage::Persistent::get`","code":null,"level":"note","spans":[{"file_name":"/Users/romeoscript/.cargo/registry/src/index.crates.io-1949cf8c6b5b557f/soroban-sdk-21.7.7/src/storage.rs","byte_start":10752,"byte_end":10755,"line_start":313,"line_end":313,"column_start":12,"column_end":15,"is_primary":false,"text":[{"text":"    pub fn get<K, V>(&self, key: &K) -> Option<V>","highlight_start":12,"highlight_end":15}],"label":"required by a bound in this associated function","suggested_replacement":null,"suggestion_applicability":null,"expansion":null},{"file_name":"/Users/romeoscript/.cargo/registry/src/index.crates.io-1949cf8c6b5b557f/soroban-sdk-21.7.7/src/storage.rs","byte_start":10867,"byte_end":10887,"line_start":317,"line_end":317,"column_start":12,"column_end":32,"is_primary":true,"text":[{"text":"        V: TryFromVal<Env, Val>,","highlight_start":12,"highlight_end":32}],"label":"required by this bound in `Persistent::get`","suggested_replacement":null,"suggestion_applicability":null,"expansion":null}],"children":[],"rendered":null},{"message":"the full name for the type has been written to '/Users/romeoscript/Downloads/zk-payroll/zk-payroll-contracts/target/debug/deps/audit_module-94e8dfa0e4c1d4e2.long-type-7728466234903830262.txt'","code":null,"level":"note","spans":[],"children":[],"rendered":null},{"message":"consider using `--verbose` to print the full type name to the console","code":null,"level":"note","spans":[],"children":[],"rendered":null}],"rendered":"\u001b[1m\u001b[91merror[E0277]\u001b[0m\u001b[1m: the trait bound `ViewKey: TryFromVal<Env, soroban_sdk::Val>` is not satisfied\u001b[0m\n   \u001b[1m\u001b[94m--> \u001b[0mcontracts/audit_module/src/lib.rs:200:14\n    \u001b[1m\u001b[94m|\u001b[0m\n\u001b[1m\u001b[94m200\u001b[0m \u001b[1m\u001b[94m|\u001b[0m             .get(&storage_key)\n    \u001b[1m\u001b[94m|\u001b[0m              \u001b[1m\u001b[91m^^^\u001b[0m \u001b[1m\u001b[91munsatisfied trait bound\u001b[0m\n    \u001b[1m\u001b[94m|\u001b[0m\n\u001b[1m\u001b[96mhelp\u001b[0m: the trait `TryFromVal<Env, soroban_sdk::Val>` is not implemented for `ViewKey`\n   \u001b[1m\u001b[94m--> \u001b[0mcontracts/audit_module/src/lib.rs:8:1\n    \u001b[1m\u001b[94m|\u001b[0m\n  \u001b[1m\u001b[94m8\u001b[0m \u001b[1m\u001b[94m|\u001b[0m pub struct ViewKey {\n    \u001b[1m\u001b[94m|\u001b[0m \u001b[1m\u001b[96m^^^^^^^^^^^^^^^^^^\u001b[0m\n    \u001b[1m\u001b[94m= \u001b[0m\u001b[1mhelp\u001b[0m: the following other types implement trait `TryFromVal<E, V>`:\n              `()` implements `TryFromVal<E, [soroban_sdk::Val; 0]>`\n              `()` implements `TryFromVal<E, soroban_sdk::Val>`\n              `()` implements `TryFromVal<Env, ()>`\n              `(T0, T1)` implements `TryFromVal<E, [soroban_sdk::Val; N]>`\n              `(T0, T1)` implements `TryFromVal<E, soroban_sdk::Val>`\n              `(T0, T1, T2)` implements `TryFromVal<E, [soroban_sdk::Val; N]>`\n              `(T0, T1, T2)` implements `TryFromVal<E, soroban_sdk::Val>`\n              `(T0, T1, T2, T3)` implements `TryFromVal<E, [soroban_sdk::Val; N]>`\n            and 367 others\n\u001b[1m\u001b[92mnote\u001b[0m: required by a bound in `soroban_sdk::storage::Persistent::get`\n   \u001b[1m\u001b[94m--> \u001b[0m/Users/romeoscript/.cargo/registry/src/index.crates.io-1949cf8c6b5b557f/soroban-sdk-21.7.7/src/storage.rs:317:12\n    \u001b[1m\u001b[94m|\u001b[0m\n\u001b[1m\u001b[94m313\u001b[0m \u001b[1m\u001b[94m|\u001b[0m     pub fn get<K, V>(&self, key: &K) -> Option<V>\n    \u001b[1m\u001b[94m|\u001b[0m            \u001b[1m\u001b[94m---\u001b[0m \u001b[1m\u001b[94mrequired by a bound in this associated function\u001b[0m\n\u001b[1m\u001b[94m...\u001b[0m\n\u001b[1m\u001b[94m317\u001b[0m \u001b[1m\u001b[94m|\u001b[0m         V: TryFromVal<Env, Val>,\n    \u001b[1m\u001b[94m|\u001b[0m            \u001b[1m\u001b[92m^^^^^^^^^^^^^^^^^^^^\u001b[0m \u001b[1m\u001b[92mrequired by this bound in `Persistent::get`\u001b[0m\n    \u001b[1m\u001b[94m= \u001b[0m\u001b[1mnote\u001b[0m: the full name for the type has been written to '/Users/romeoscript/Downloads/zk-payroll/zk-payroll-contracts/target/debug/deps/audit_module-94e8dfa0e4c1d4e2.long-type-7728466234903830262.txt'\n    \u001b[1m\u001b[94m= \u001b[0m\u001b[1mnote\u001b[0m: consider using `--verbose` to print the full type name to the console\n\n"}
{"$message_type":"diagnostic","message":"aborting due to 14 previous errors","code":null,"level":"error","spans":[],"children":[],"rendered":"\u001b[1m\u001b[91merror\u001b[0m\u001b[1m: aborting due to 14 previous errors\u001b[0m\n\n"}
{"$message_type":"diagnostic","message":"For more information about this error, try `rustc --explain E0277`.","code":null,"level":"failure-note","spans":[],"children":[],"rendered":"\u001b[1mFor more information about this error, try `rustc --explain E0277`.\u001b[0m\n"}
