{"$message_type":"diagnostic","message":"unsupported type","code":null,"level":"error","spans":[{"file_name":"contracts/payment_executor/src/lib.rs","byte_start":260,"byte_end":268,"line_start":11,"line_end":11,"column_start":21,"column_end":29,"is_primary":true,"text":[{"text":"    pub proof_hash: [u8; 32],","highlight_start":21,"highlight_end":29}],"label":null,"suggested_replacement":null,"suggestion_applicability":null,"expansion":null}],"children":[],"rendered":"\u001b[1m\u001b[91merror\u001b[0m\u001b[1m: unsupported type\u001b[0m\n  \u001b[1m\u001b[94m--> \u001b[0mcontracts/payment_executor/src/lib.rs:11:21\n   \u001b[1m\u001b[94m|\u001b[0m\n\u001b[1m\u001b[94m11\u001b[0m \u001b[1m\u001b[94m|\u001b[0m     pub proof_hash: [u8; 32],\n   \u001b[1m\u001b[94m|\u001b[0m                     \u001b[1m\u001b[91m^^^^^^^^\u001b[0m\n\n"}
{"$message_type":"diagnostic","message":"unsupported type","code":null,"level":"error","spans":[{"file_name":"contracts/payment_executor/src/lib.rs","byte_start":1596,"byte_end":1604,"line_start":59,"line_end":59,"column_start":18,"column_end":26,"is_primary":true,"text":[{"text":"        proof_a: [u8; 64],","highlight_start":18,"highlight_end":26}],"label":null,"suggested_replacement":null,"suggestion_applicability":null,"expansion":null}],"children":[],"rendered":"\u001b[1m\u001b[91merror\u001b[0m\u001b[1m: unsupported type\u001b[0m\n  \u001b[1m\u001b[94m--> \u001b[0mcontracts/payment_executor/src/lib.rs:59:18\n   \u001b[1m\u001b[94m|\u001b[0m\n\u001b[1m\u001b[94m59\u001b[0m \u001b[1m\u001b[94m|\u001b[0m         proof_a: [u8; 64],\n   \u001b[1m\u001b[94m|\u001b[0m                  \u001b[1m\u001b[91m^^^^^^^^\u001b[0m\n\n"}
{"$message_type":"diagnostic","message":"unsupported type","code":null,"level":"error","spans":[{"file_name":"contracts/payment_executor/src/lib.rs","byte_start":1623,"byte_end":1632,"line_start":60,"line_end":60,"column_start":18,"column_end":27,"is_primary":true,"text":[{"text":"        proof_b: [u8; 128],","highlight_start":18,"highlight_end":27}],"label":null,"suggested_replacement":null,"suggestion_applicability":null,"expansion":null}],"children":[],"rendered":"\u001b[1m\u001b[91merror\u001b[0m\u001b[1m: unsupported type\u001b[0m\n  \u001b[1m\u001b[94m--> \u001b[0mcontracts/payment_executor/src/lib.rs:60:18\n   \u001b[1m\u001b[94m|\u001b[0m\n\u001b[1m\u001b[94m60\u001b[0m \u001b[1m\u001b[94m|\u001b[0m         proof_b: [u8; 128],\n   \u001b[1m\u001b[94m|\u001b[0m                  \u001b[1m\u001b[91m^^^^^^^^^\u001b[0m\n\n"}
{"$message_type":"diagnostic","message":"unsupported type","code":null,"level":"error","spans":[{"file_name":"contracts/payment_executor/src/lib.rs","byte_start":1651,"byte_end":1659,"line_start":61,"line_end":61,"column_start":18,"column_end":26,"is_primary":true,"text":[{"text":"        proof_c: [u8; 64],","highlight_start":18,"highlight_end":26}],"label":null,"suggested_replacement":null,"suggestion_applicability":null,"expansion":null}],"children":[],"rendered":"\u001b[1m\u001b[91merror\u001b[0m\u001b[1m: unsupported type\u001b[0m\n  \u001b[1m\u001b[94m--> \u001b[0mcontracts/payment_executor/src/lib.rs:61:18\n   \u001b[1m\u001b[94m|\u001b[0m\n\u001b[1m\u001b[94m61\u001b[0m \u001b[1m\u001b[94m|\u001b[0m         proof_c: [u8; 64],\n   \u001b[1m\u001b[94m|\u001b[0m                  \u001b[1m\u001b[91m^^^^^^^^\u001b[0m\n\n"}
{"$message_type":"diagnostic","message":"unsupported type","code":null,"level":"error","spans":[{"file_name":"contracts/payment_executor/src/lib.rs","byte_start":1680,"byte_end":1688,"line_start":62,"line_end":62,"column_start":20,"column_end":28,"is_primary":true,"text":[{"text":"        nullifier: [u8; 32],","highlight_start":20,"highlight_end":28}],"label":null,"suggested_replacement":null,"suggestion_applicability":null,"expansion":null}],"children":[],"rendered":"\u001b[1m\u001b[91merror\u001b[0m\u001b[1m: unsupported type\u001b[0m\n  \u001b[1m\u001b[94m--> \u001b[0mcontracts/payment_executor/src/lib.rs:62:20\n   \u001b[1m\u001b[94m|\u001b[0m\n\u001b[1m\u001b[94m62\u001b[0m \u001b[1m\u001b[94m|\u001b[0m         nullifier: [u8; 32],\n   \u001b[1m\u001b[94m|\u001b[0m                    \u001b[1m\u001b[91m^^^^^^^^\u001b[0m\n\n"}
{"$message_type":"diagnostic","message":"the trait bound `soroban_sdk::Val: TryFromVal<Env, PaymentRecord>` is not satisfied","code":{"code":"E0277","explanation":"You tried to use a type which doesn't implement some trait in a place which\nexpected that trait.\n\nErroneous code example:\n\n```compile_fail,E0277\n// here we declare the Foo trait with a bar method\ntrait Foo {\n    fn bar(&self);\n}\n\n// we now declare a function which takes an object implementing the Foo trait\nfn some_func<T: Foo>(foo: T) {\n    foo.bar();\n}\n\nfn main() {\n    // we now call the method with the i32 type, which doesn't implement\n    // the Foo trait\n    some_func(5i32); // error: the trait bound `i32 : Foo` is not satisfied\n}\n```\n\nIn order to fix this error, verify that the type you're using does implement\nthe trait. Example:\n\n```\ntrait Foo {\n    fn bar(&self);\n}\n\n// we implement the trait on the i32 type\nimpl Foo for i32 {\n    fn bar(&self) {}\n}\n\nfn some_func<T: Foo>(foo: T) {\n    foo.bar(); // we can now use this method since i32 implements the\n               // Foo trait\n}\n\nfn main() {\n    some_func(5i32); // ok!\n}\n```\n\nOr in a generic context, an erroneous code example would look like:\n\n```compile_fail,E0277\nfn some_func<T>(foo: T) {\n    println!(\"{:?}\", foo); // error: the trait `core::fmt::Debug` is not\n                           //        implemented for the type `T`\n}\n\nfn main() {\n    // We now call the method with the i32 type,\n    // which *does* implement the Debug trait.\n    some_func(5i32);\n}\n```\n\nNote that the error here is in the definition of the generic function. Although\nwe only call it with a parameter that does implement `Debug`, the compiler\nstill rejects the function. It must work with all possible input types. In\norder to make this example compile, we need to restrict the generic type we're\naccepting:\n\n```\nuse std::fmt;\n\n// Restrict the input type to types that implement Debug.\nfn some_func<T: fmt::Debug>(foo: T) {\n    println!(\"{:?}\", foo);\n}\n\nfn main() {\n    // Calling the method is still fine, as i32 implements Debug.\n    some_func(5i32);\n\n    // This would fail to compile now:\n    // struct WithoutDebug;\n    // some_func(WithoutDebug);\n}\n```\n\nRust only looks at the signature of the called function, as such it must\nalready specify all requirements that will be used for every type parameter.\n"},"level":"error","spans":[{"file_name":"contracts/payment_executor/src/lib.rs","byte_start":3830,"byte_end":3837,"line_start":118,"line_end":118,"column_start":54,"column_end":61,"is_primary":true,"text":[{"text":"        env.storage().persistent().set(&payment_key, &record);","highlight_start":54,"highlight_end":61}],"label":"the trait `TryFromVal<Env, PaymentRecord>` is not implemented for `soroban_sdk::Val`","suggested_replacement":null,"suggestion_applicability":null,"expansion":null},{"file_name":"contracts/payment_executor/src/lib.rs","byte_start":3812,"byte_end":3815,"line_start":118,"line_end":118,"column_start":36,"column_end":39,"is_primary":false,"text":[{"text":"        env.storage().persistent().set(&payment_key, &record);","highlight_start":36,"highlight_end":39}],"label":"required by a bound introduced by this call","suggested_replacement":null,"suggestion_applicability":null,"expansion":null}],"children":[{"message":"the following other types implement trait `TryFromVal<E, V>`:\n  `soroban_sdk::Val` implements `TryFromVal<E, &[u8]>`\n  `soroban_sdk::Val` implements `TryFromVal<E, &str>`\n  `soroban_sdk::Val` implements `TryFromVal<E, ()>`\n  `soroban_sdk::Val` implements `TryFromVal<E, (T0, T1)>`\n  `soroban_sdk::Val` implements `TryFromVal<E, (T0, T1, T2)>`\n  `soroban_sdk::Val` implements `TryFromVal<E, (T0, T1, T2, T3)>`\n  `soroban_sdk::Val` implements `TryFromVal<E, (T0, T1, T2, T3, T4)>`\n  `soroban_sdk::Val` implements `TryFromVal<E, (T0, T1, T2, T3, T4, T5)>`\nand 111 others","code":null,"level":"help","spans":[],"children":[],"rendered":null},{"message":"required for `soroban_sdk::Val` to implement `FromVal<Env, PaymentRecord>`","code":null,"level":"note","spans":[],"children":[],"rendered":null},{"message":"required for `PaymentRecord` to implement `IntoVal<Env, soroban_sdk::Val>`","code":null,"level":"note","spans":[],"children":[],"rendered":null},{"message":"required by a bound in `soroban_sdk::storage::Persistent::set`","code":null,"level":"note","spans":[{"file_name":"/Users/romeoscript/.cargo/registry/src/index.crates.io-1949cf8c6b5b557f/soroban-sdk-21.7.7/src/storage.rs","byte_start":10968,"byte_end":10971,"line_start":322,"line_end":322,"column_start":12,"column_end":15,"is_primary":false,"text":[{"text":"    pub fn set<K, V>(&self, key: &K, val: &V)","highlight_start":12,"highlight_end":15}],"label":"required by a bound in this associated function","suggested_replacement":null,"suggestion_applicability":null,"expansion":null},{"file_name":"/Users/romeoscript/.cargo/registry/src/index.crates.io-1949cf8c6b5b557f/soroban-sdk-21.7.7/src/storage.rs","byte_start":11054,"byte_end":11071,"line_start":325,"line_end":325,"column_start":12,"column_end":29,"is_primary":true,"text":[{"text":"        V: IntoVal<Env, Val>,","highlight_start":12,"highlight_end":29}],"label":"required by this bound in `Persistent::set`","suggested_replacement":null,"suggestion_applicability":null,"expansion":null}],"children":[],"rendered":null},{"message":"the full name for the type has been written to '/Users/romeoscript/Downloads/zk-payroll/zk-payroll-contracts/target/debug/deps/payment_executor-6fb4023676d29e45.long-type-18449146755809301.txt'","code":null,"level":"note","spans":[],"children":[],"rendered":null},{"message":"consider using `--verbose` to print the full type name to the console","code":null,"level":"note","spans":[],"children":[],"rendered":null}],"rendered":"\u001b[1m\u001b[91merror[E0277]\u001b[0m\u001b[1m: the trait bound `soroban_sdk::Val: TryFromVal<Env, PaymentRecord>` is not satisfied\u001b[0m\n   \u001b[1m\u001b[94m--> \u001b[0mcontracts/payment_executor/src/lib.rs:118:54\n    \u001b[1m\u001b[94m|\u001b[0m\n\u001b[1m\u001b[94m118\u001b[0m \u001b[1m\u001b[94m|\u001b[0m         env.storage().persistent().set(&payment_key, &record);\n    \u001b[1m\u001b[94m|\u001b[0m                                    \u001b[1m\u001b[94m---\u001b[0m               \u001b[1m\u001b[91m^^^^^^^\u001b[0m \u001b[1m\u001b[91mthe trait `TryFromVal<Env, PaymentRecord>` is not implemented for `soroban_sdk::Val`\u001b[0m\n    \u001b[1m\u001b[94m|\u001b[0m                                    \u001b[1m\u001b[94m|\u001b[0m\n    \u001b[1m\u001b[94m|\u001b[0m                                    \u001b[1m\u001b[94mrequired by a bound introduced by this call\u001b[0m\n    \u001b[1m\u001b[94m|\u001b[0m\n    \u001b[1m\u001b[94m= \u001b[0m\u001b[1mhelp\u001b[0m: the following other types implement trait `TryFromVal<E, V>`:\n              `soroban_sdk::Val` implements `TryFromVal<E, &[u8]>`\n              `soroban_sdk::Val` implements `TryFromVal<E, &str>`\n              `soroban_sdk::Val` implements `TryFromVal<E, ()>`\n              `soroban_sdk::Val` implements `TryFromVal<E, (T0, T1)>`\n              `soroban_sdk::Val` implements `TryFromVal<E, (T0, T1, T2)>`\n              `soroban_sdk::Val` implements `TryFromVal<E, (T0, T1, T2, T3)>`\n              `soroban_sdk::Val` implements `TryFromVal<E, (T0, T1, T2, T3, T4)>`\n              `soroban_sdk::Val` implements `TryFromVal<E, (T0, T1, T2, T3, T4, T5)>`\n            and 111 others\n    \u001b[1m\u001b[94m= \u001b[0m\u001b[1mnote\u001b[0m: required for `soroban_sdk::Val` to implement `FromVal<Env, PaymentRecord>`\n    \u001b[1m\u001b[94m= \u001b[0m\u001b[1mnote\u001b[0m: required for `PaymentRecord` to implement `IntoVal<Env, soroban_sdk::Val>`\n\u001b[1m\u001b[92mnote\u001b[0m: required by a bound in `soroban_sdk::storage::Persistent::set`\n   \u001b[1m\u001b[94m--> \u001b[0m/Users/romeoscript/.cargo/registry/src/index.crates.io-1949cf8c6b5b557f/soroban-sdk-21.7.7/src/storage.rs:325:12\n    \u001b[1m\u001b[94m|\u001b[0m\n\u001b[1m\u001b[94m322\u001b[0m \u001b[1m\u001b[94m|\u001b[0m     pub fn set<K, V>(&self, key: &K, val: &V)\n    \u001b[1m\u001b[94m|\u001b[0m            \u001b[1m\u001b[94m---\u001b[0m \u001b[1m\u001b[94mrequired by a bound in this associated function\u001b[0m\n\u001b[1m\u001b[94m...\u001b[0m\n\u001b[1m\u001b[94m325\u001b[0m \u001b[1m\u001b[94m|\u001b[0m         V: IntoVal<Env, Val>,\n    \u001b[1m\u001b[94m|\u001b[0m            \u001b[1m\u001b[92m^^^^^^^^^^^^^^^^^\u001b[0m \u001b[1m\u001b[92mrequired by this bound in `Persistent::set`\u001b[0m\n    \u001b[1m\u001b[94m= \u001b[0m\u001b[1mnote\u001b[0m: the full name for the type has been written to '/Users/romeoscript/Downloads/zk-payroll/zk-payroll-contracts/target/debug/deps/payment_executor-6fb4023676d29e45.long-type-18449146755809301.txt'\n    \u001b[1m\u001b[94m= \u001b[0m\u001b[1mnote\u001b[0m: consider using `--verbose` to print the full type name to the console\n\n"}
{"$message_type":"diagnostic","message":"the trait bound `PaymentRecord: TryFromVal<Env, soroban_sdk::Val>` is not satisfied","code":{"code":"E0277","explanation":"You tried to use a type which doesn't implement some trait in a place which\nexpected that trait.\n\nErroneous code example:\n\n```compile_fail,E0277\n// here we declare the Foo trait with a bar method\ntrait Foo {\n    fn bar(&self);\n}\n\n// we now declare a function which takes an object implementing the Foo trait\nfn some_func<T: Foo>(foo: T) {\n    foo.bar();\n}\n\nfn main() {\n    // we now call the method with the i32 type, which doesn't implement\n    // the Foo trait\n    some_func(5i32); // error: the trait bound `i32 : Foo` is not satisfied\n}\n```\n\nIn order to fix this error, verify that the type you're using does implement\nthe trait. Example:\n\n```\ntrait Foo {\n    fn bar(&self);\n}\n\n// we implement the trait on the i32 type\nimpl Foo for i32 {\n    fn bar(&self) {}\n}\n\nfn some_func<T: Foo>(foo: T) {\n    foo.bar(); // we can now use this method since i32 implements the\n               // Foo trait\n}\n\nfn main() {\n    some_func(5i32); // ok!\n}\n```\n\nOr in a generic context, an erroneous code example would look like:\n\n```compile_fail,E0277\nfn some_func<T>(foo: T) {\n    println!(\"{:?}\", foo); // error: the trait `core::fmt::Debug` is not\n                           //        implemented for the type `T`\n}\n\nfn main() {\n    // We now call the method with the i32 type,\n    // which *does* implement the Debug trait.\n    some_func(5i32);\n}\n```\n\nNote that the error here is in the definition of the generic function. Although\nwe only call it with a parameter that does implement `Debug`, the compiler\nstill rejects the function. It must work with all possible input types. In\norder to make this example compile, we need to restrict the generic type we're\naccepting:\n\n```\nuse std::fmt;\n\n// Restrict the input type to types that implement Debug.\nfn some_func<T: fmt::Debug>(foo: T) {\n    println!(\"{:?}\", foo);\n}\n\nfn main() {\n    // Calling the method is still fine, as i32 implements Debug.\n    some_func(5i32);\n\n    // This would fail to compile now:\n    // struct WithoutDebug;\n    // some_func(WithoutDebug);\n}\n```\n\nRust only looks at the signature of the called function, as such it must\nalready specify all requirements that will be used for every type parameter.\n"},"level":"error","spans":[{"file_name":"contracts/payment_executor/src/lib.rs","byte_start":5482,"byte_end":5491,"line_start":171,"line_end":171,"column_start":21,"column_end":30,"is_primary":true,"text":[{"text":"            records.push_back(record);","highlight_start":21,"highlight_end":30}],"label":"unsatisfied trait bound","suggested_replacement":null,"suggestion_applicability":null,"expansion":null}],"children":[{"message":"the trait `TryFromVal<Env, soroban_sdk::Val>` is not implemented for `PaymentRecord`","code":null,"level":"help","spans":[{"file_name":"contracts/payment_executor/src/lib.rs","byte_start":158,"byte_end":182,"line_start":8,"line_end":8,"column_start":1,"column_end":25,"is_primary":true,"text":[{"text":"pub struct PaymentRecord {","highlight_start":1,"highlight_end":25}],"label":null,"suggested_replacement":null,"suggestion_applicability":null,"expansion":null}],"children":[],"rendered":null},{"message":"the following other types implement trait `TryFromVal<E, V>`:\n  `()` implements `TryFromVal<E, [soroban_sdk::Val; 0]>`\n  `()` implements `TryFromVal<E, soroban_sdk::Val>`\n  `()` implements `TryFromVal<Env, ()>`\n  `(T0, T1)` implements `TryFromVal<E, [soroban_sdk::Val; N]>`\n  `(T0, T1)` implements `TryFromVal<E, soroban_sdk::Val>`\n  `(T0, T1, T2)` implements `TryFromVal<E, [soroban_sdk::Val; N]>`\n  `(T0, T1, T2)` implements `TryFromVal<E, soroban_sdk::Val>`\n  `(T0, T1, T2, T3)` implements `TryFromVal<E, [soroban_sdk::Val; N]>`\nand 367 others","code":null,"level":"help","spans":[],"children":[],"rendered":null},{"message":"required by a bound in `soroban_sdk::Vec::<T>::push_back`","code":null,"level":"note","spans":[{"file_name":"/Users/romeoscript/.cargo/registry/src/index.crates.io-1949cf8c6b5b557f/soroban-sdk-21.7.7/src/vec.rs","byte_start":14385,"byte_end":14394,"line_start":537,"line_end":537,"column_start":12,"column_end":21,"is_primary":false,"text":[{"text":"    pub fn push_back(&mut self, x: T) {","highlight_start":12,"highlight_end":21}],"label":"required by a bound in this associated function","suggested_replacement":null,"suggestion_applicability":null,"expansion":null},{"file_name":"/Users/romeoscript/.cargo/registry/src/index.crates.io-1949cf8c6b5b557f/soroban-sdk-21.7.7/src/vec.rs","byte_start":9036,"byte_end":9056,"line_start":349,"line_end":349,"column_start":28,"column_end":48,"is_primary":true,"text":[{"text":"    T: IntoVal<Env, Val> + TryFromVal<Env, Val>,","highlight_start":28,"highlight_end":48}],"label":"required by this bound in `Vec::<T>::push_back`","suggested_replacement":null,"suggestion_applicability":null,"expansion":null}],"children":[],"rendered":null},{"message":"the full name for the type has been written to '/Users/romeoscript/Downloads/zk-payroll/zk-payroll-contracts/target/debug/deps/payment_executor-6fb4023676d29e45.long-type-15881765493002734709.txt'","code":null,"level":"note","spans":[],"children":[],"rendered":null},{"message":"consider using `--verbose` to print the full type name to the console","code":null,"level":"note","spans":[],"children":[],"rendered":null}],"rendered":"\u001b[1m\u001b[91merror[E0277]\u001b[0m\u001b[1m: the trait bound `PaymentRecord: TryFromVal<Env, soroban_sdk::Val>` is not satisfied\u001b[0m\n   \u001b[1m\u001b[94m--> \u001b[0mcontracts/payment_executor/src/lib.rs:171:21\n    \u001b[1m\u001b[94m|\u001b[0m\n\u001b[1m\u001b[94m171\u001b[0m \u001b[1m\u001b[94m|\u001b[0m             records.push_back(record);\n    \u001b[1m\u001b[94m|\u001b[0m                     \u001b[1m\u001b[91m^^^^^^^^^\u001b[0m \u001b[1m\u001b[91munsatisfied trait bound\u001b[0m\n    \u001b[1m\u001b[94m|\u001b[0m\n\u001b[1m\u001b[96mhelp\u001b[0m: the trait `TryFromVal<Env, soroban_sdk::Val>` is not implemented for `PaymentRecord`\n   \u001b[1m\u001b[94m--> \u001b[0mcontracts/payment_executor/src/lib.rs:8:1\n    \u001b[1m\u001b[94m|\u001b[0m\n  \u001b[1m\u001b[94m8\u001b[0m \u001b[1m\u001b[94m|\u001b[0m pub struct PaymentRecord {\n    \u001b[1m\u001b[94m|\u001b[0m \u001b[1m\u001b[96m^^^^^^^^^^^^^^^^^^^^^^^^\u001b[0m\n    \u001b[1m\u001b[94m= \u001b[0m\u001b[1mhelp\u001b[0m: the following other types implement trait `TryFromVal<E, V>`:\n              `()` implements `TryFromVal<E, [soroban_sdk::Val; 0]>`\n              `()` implements `TryFromVal<E, soroban_sdk::Val>`\n              `()` implements `TryFromVal<Env, ()>`\n              `(T0, T1)` implements `TryFromVal<E, [soroban_sdk::Val; N]>`\n              `(T0, T1)` implements `TryFromVal<E, soroban_sdk::Val>`\n              `(T0, T1, T2)` implements `TryFromVal<E, [soroban_sdk::Val; N]>`\n              `(T0, T1, T2)` implements `TryFromVal<E, soroban_sdk::Val>`\n              `(T0, T1, T2, T3)` implements `TryFromVal<E, [soroban_sdk::Val; N]>`\n            and 367 others\n\u001b[1m\u001b[92mnote\u001b[0m: required by a bound in `soroban_sdk::Vec::<T>::push_back`\n   \u001b[1m\u001b[94m--> \u001b[0m/Users/romeoscript/.cargo/registry/src/index.crates.io-1949cf8c6b5b557f/soroban-sdk-21.7.7/src/vec.rs:349:28\n    \u001b[1m\u001b[94m|\u001b[0m\n\u001b[1m\u001b[94m349\u001b[0m \u001b[1m\u001b[94m|\u001b[0m     T: IntoVal<Env, Val> + TryFromVal<Env, Val>,\n    \u001b[1m\u001b[94m|\u001b[0m                            \u001b[1m\u001b[92m^^^^^^^^^^^^^^^^^^^^\u001b[0m \u001b[1m\u001b[92mrequired by this bound in `Vec::<T>::push_back`\u001b[0m\n\u001b[1m\u001b[94m...\u001b[0m\n\u001b[1m\u001b[94m537\u001b[0m \u001b[1m\u001b[94m|\u001b[0m     pub fn push_back(&mut self, x: T) {\n    \u001b[1m\u001b[94m|\u001b[0m            \u001b[1m\u001b[94m---------\u001b[0m \u001b[1m\u001b[94mrequired by a bound in this associated function\u001b[0m\n    \u001b[1m\u001b[94m= \u001b[0m\u001b[1mnote\u001b[0m: the full name for the type has been written to '/Users/romeoscript/Downloads/zk-payroll/zk-payroll-contracts/target/debug/deps/payment_executor-6fb4023676d29e45.long-type-15881765493002734709.txt'\n    \u001b[1m\u001b[94m= \u001b[0m\u001b[1mnote\u001b[0m: consider using `--verbose` to print the full type name to the console\n\n"}
{"$message_type":"diagnostic","message":"the trait bound `soroban_sdk::Val: TryFromVal<Env, PaymentRecord>` is not satisfied","code":{"code":"E0277","explanation":"You tried to use a type which doesn't implement some trait in a place which\nexpected that trait.\n\nErroneous code example:\n\n```compile_fail,E0277\n// here we declare the Foo trait with a bar method\ntrait Foo {\n    fn bar(&self);\n}\n\n// we now declare a function which takes an object implementing the Foo trait\nfn some_func<T: Foo>(foo: T) {\n    foo.bar();\n}\n\nfn main() {\n    // we now call the method with the i32 type, which doesn't implement\n    // the Foo trait\n    some_func(5i32); // error: the trait bound `i32 : Foo` is not satisfied\n}\n```\n\nIn order to fix this error, verify that the type you're using does implement\nthe trait. Example:\n\n```\ntrait Foo {\n    fn bar(&self);\n}\n\n// we implement the trait on the i32 type\nimpl Foo for i32 {\n    fn bar(&self) {}\n}\n\nfn some_func<T: Foo>(foo: T) {\n    foo.bar(); // we can now use this method since i32 implements the\n               // Foo trait\n}\n\nfn main() {\n    some_func(5i32); // ok!\n}\n```\n\nOr in a generic context, an erroneous code example would look like:\n\n```compile_fail,E0277\nfn some_func<T>(foo: T) {\n    println!(\"{:?}\", foo); // error: the trait `core::fmt::Debug` is not\n                           //        implemented for the type `T`\n}\n\nfn main() {\n    // We now call the method with the i32 type,\n    // which *does* implement the Debug trait.\n    some_func(5i32);\n}\n```\n\nNote that the error here is in the definition of the generic function. Although\nwe only call it with a parameter that does implement `Debug`, the compiler\nstill rejects the function. It must work with all possible input types. In\norder to make this example compile, we need to restrict the generic type we're\naccepting:\n\n```\nuse std::fmt;\n\n// Restrict the input type to types that implement Debug.\nfn some_func<T: fmt::Debug>(foo: T) {\n    println!(\"{:?}\", foo);\n}\n\nfn main() {\n    // Calling the method is still fine, as i32 implements Debug.\n    some_func(5i32);\n\n    // This would fail to compile now:\n    // struct WithoutDebug;\n    // some_func(WithoutDebug);\n}\n```\n\nRust only looks at the signature of the called function, as such it must\nalready specify all requirements that will be used for every type parameter.\n"},"level":"error","spans":[{"file_name":"contracts/payment_executor/src/lib.rs","byte_start":5482,"byte_end":5491,"line_start":171,"line_end":171,"column_start":21,"column_end":30,"is_primary":true,"text":[{"text":"            records.push_back(record);","highlight_start":21,"highlight_end":30}],"label":"the trait `TryFromVal<Env, PaymentRecord>` is not implemented for `soroban_sdk::Val`","suggested_replacement":null,"suggestion_applicability":null,"expansion":null}],"children":[{"message":"the following other types implement trait `TryFromVal<E, V>`:\n  `soroban_sdk::Val` implements `TryFromVal<E, &[u8]>`\n  `soroban_sdk::Val` implements `TryFromVal<E, &str>`\n  `soroban_sdk::Val` implements `TryFromVal<E, ()>`\n  `soroban_sdk::Val` implements `TryFromVal<E, (T0, T1)>`\n  `soroban_sdk::Val` implements `TryFromVal<E, (T0, T1, T2)>`\n  `soroban_sdk::Val` implements `TryFromVal<E, (T0, T1, T2, T3)>`\n  `soroban_sdk::Val` implements `TryFromVal<E, (T0, T1, T2, T3, T4)>`\n  `soroban_sdk::Val` implements `TryFromVal<E, (T0, T1, T2, T3, T4, T5)>`\nand 111 others","code":null,"level":"help","spans":[],"children":[],"rendered":null},{"message":"required for `soroban_sdk::Val` to implement `FromVal<Env, PaymentRecord>`","code":null,"level":"note","spans":[],"children":[],"rendered":null},{"message":"required for `PaymentRecord` to implement `IntoVal<Env, soroban_sdk::Val>`","code":null,"level":"note","spans":[],"children":[],"rendered":null},{"message":"required by a bound in `soroban_sdk::Vec::<T>::push_back`","code":null,"level":"note","spans":[{"file_name":"/Users/romeoscript/.cargo/registry/src/index.crates.io-1949cf8c6b5b557f/soroban-sdk-21.7.7/src/vec.rs","byte_start":14385,"byte_end":14394,"line_start":537,"line_end":537,"column_start":12,"column_end":21,"is_primary":false,"text":[{"text":"    pub fn push_back(&mut self, x: T) {","highlight_start":12,"highlight_end":21}],"label":"required by a bound in this associated function","suggested_replacement":null,"suggestion_applicability":null,"expansion":null},{"file_name":"/Users/romeoscript/.cargo/registry/src/index.crates.io-1949cf8c6b5b557f/soroban-sdk-21.7.7/src/vec.rs","byte_start":9016,"byte_end":9033,"line_start":349,"line_end":349,"column_start":8,"column_end":25,"is_primary":true,"text":[{"text":"    T: IntoVal<Env, Val> + TryFromVal<Env, Val>,","highlight_start":8,"highlight_end":25}],"label":"required by this bound in `Vec::<T>::push_back`","suggested_replacement":null,"suggestion_applicability":null,"expansion":null}],"children":[],"rendered":null},{"message":"the full name for the type has been written to '/Users/romeoscript/Downloads/zk-payroll/zk-payroll-contracts/target/debug/deps/payment_executor-6fb4023676d29e45.long-type-18449146755809301.txt'","code":null,"level":"note","spans":[],"children":[],"rendered":null},{"message":"consider using `--verbose` to print the full type name to the console","code":null,"level":"note","spans":[],"children":[],"rendered":null}],"rendered":"\u001b[1m\u001b[91merror[E0277]\u001b[0m\u001b[1m: the trait bound `soroban_sdk::Val: TryFromVal<Env, PaymentRecord>` is not satisfied\u001b[0m\n   \u001b[1m\u001b[94m--> \u001b[0mcontracts/payment_executor/src/lib.rs:171:21\n    \u001b[1m\u001b[94m|\u001b[0m\n\u001b[1m\u001b[94m171\u001b[0m \u001b[1m\u001b[94m|\u001b[0m             records.push_back(record);\n    \u001b[1m\u001b[94m|\u001b[0m                     \u001b[1m\u001b[91m^^^^^^^^^\u001b[0m \u001b[1m\u001b[91mthe trait `TryFromVal<Env, PaymentRecord>` is not implemented for `soroban_sdk::Val`\u001b[0m\n    \u001b[1m\u001b[94m|\u001b[0m\n    \u001b[1m\u001b[94m= \u001b[0m\u001b[1mhelp\u001b[0m: the following other types implement trait `TryFromVal<E, V>`:\n              `soroban_sdk::Val` implements `TryFromVal<E, &[u8]>`\n              `soroban_sdk::Val` implements `TryFromVal<E, &str>`\n              `soroban_sdk::Val` implements `TryFromVal<E, ()>`\n              `soroban_sdk::Val` implements `TryFromVal<E, (T0, T1)>`\n              `soroban_sdk::Val` implements `TryFromVal<E, (T0, T1, T2)>`\n              `soroban_sdk::Val` implements `TryFromVal<E, (T0, T1, T2, T3)>`\n              `soroban_sdk::Val` implements `TryFromVal<E, (T0, T1, T2, T3, T4)>`\n              `soroban_sdk::Val` implements `TryFromVal<E, (T0, T1, T2, T3, T4, T5)>`\n            and 111 others\n    \u001b[1m\u001b[94m= \u001b[0m\u001b[1mnote\u001b[0m: required for `soroban_sdk::Val` to implement `FromVal<Env, PaymentRecord>`\n    \u001b[1m\u001b[94m= \u001b[0m\u001b[1mnote\u001b[0m: required for `PaymentRecord` to implement `IntoVal<Env, soroban_sdk::Val>`\n\u001b[1m\u001b[92mnote\u001b[0m: required by a bound in `soroban_sdk::Vec::<T>::push_back`\n   \u001b[1m\u001b[94m--> \u001b[0m/Users/romeoscript/.cargo/registry/src/index.crates.io-1949cf8c6b5b557f/soroban-sdk-21.7.7/src/vec.rs:349:8\n    \u001b[1m\u001b[94m|\u001b[0m\n\u001b[1m\u001b[94m349\u001b[0m \u001b[1m\u001b[94m|\u001b[0m     T: IntoVal<Env, Val> + TryFromVal<Env, Val>,\n    \u001b[1m\u001b[94m|\u001b[0m        \u001b[1m\u001b[92m^^^^^^^^^^^^^^^^^\u001b[0m \u001b[1m\u001b[92mrequired by this bound in `Vec::<T>::push_back`\u001b[0m\n\u001b[1m\u001b[94m...\u001b[0m\n\u001b[1m\u001b[94m537\u001b[0m \u001b[1m\u001b[94m|\u001b[0m     pub fn push_back(&mut self, x: T) {\n    \u001b[1m\u001b[94m|\u001b[0m            \u001b[1m\u001b[94m---------\u001b[0m \u001b[1m\u001b[94mrequired by a bound in this associated function\u001b[0m\n    \u001b[1m\u001b[94m= \u001b[0m\u001b[1mnote\u001b[0m: the full name for the type has been written to '/Users/romeoscript/Downloads/zk-payroll/zk-payroll-contracts/target/debug/deps/payment_executor-6fb4023676d29e45.long-type-18449146755809301.txt'\n    \u001b[1m\u001b[94m= \u001b[0m\u001b[1mnote\u001b[0m: consider using `--verbose` to print the full type name to the console\n\n"}
{"$message_type":"diagnostic","message":"the trait bound `PaymentRecord: TryFromVal<Env, soroban_sdk::Val>` is not satisfied","code":{"code":"E0277","explanation":"You tried to use a type which doesn't implement some trait in a place which\nexpected that trait.\n\nErroneous code example:\n\n```compile_fail,E0277\n// here we declare the Foo trait with a bar method\ntrait Foo {\n    fn bar(&self);\n}\n\n// we now declare a function which takes an object implementing the Foo trait\nfn some_func<T: Foo>(foo: T) {\n    foo.bar();\n}\n\nfn main() {\n    // we now call the method with the i32 type, which doesn't implement\n    // the Foo trait\n    some_func(5i32); // error: the trait bound `i32 : Foo` is not satisfied\n}\n```\n\nIn order to fix this error, verify that the type you're using does implement\nthe trait. Example:\n\n```\ntrait Foo {\n    fn bar(&self);\n}\n\n// we implement the trait on the i32 type\nimpl Foo for i32 {\n    fn bar(&self) {}\n}\n\nfn some_func<T: Foo>(foo: T) {\n    foo.bar(); // we can now use this method since i32 implements the\n               // Foo trait\n}\n\nfn main() {\n    some_func(5i32); // ok!\n}\n```\n\nOr in a generic context, an erroneous code example would look like:\n\n```compile_fail,E0277\nfn some_func<T>(foo: T) {\n    println!(\"{:?}\", foo); // error: the trait `core::fmt::Debug` is not\n                           //        implemented for the type `T`\n}\n\nfn main() {\n    // We now call the method with the i32 type,\n    // which *does* implement the Debug trait.\n    some_func(5i32);\n}\n```\n\nNote that the error here is in the definition of the generic function. Although\nwe only call it with a parameter that does implement `Debug`, the compiler\nstill rejects the function. It must work with all possible input types. In\norder to make this example compile, we need to restrict the generic type we're\naccepting:\n\n```\nuse std::fmt;\n\n// Restrict the input type to types that implement Debug.\nfn some_func<T: fmt::Debug>(foo: T) {\n    println!(\"{:?}\", foo);\n}\n\nfn main() {\n    // Calling the method is still fine, as i32 implements Debug.\n    some_func(5i32);\n\n    // This would fail to compile now:\n    // struct WithoutDebug;\n    // some_func(WithoutDebug);\n}\n```\n\nRust only looks at the signature of the called function, as such it must\nalready specify all requirements that will be used for every type parameter.\n"},"level":"error","spans":[{"file_name":"contracts/payment_executor/src/lib.rs","byte_start":4998,"byte_end":5025,"line_start":157,"line_end":157,"column_start":27,"column_end":54,"is_primary":true,"text":[{"text":"        let mut records = soroban_sdk::Vec::new(&env);","highlight_start":27,"highlight_end":54}],"label":"unsatisfied trait bound","suggested_replacement":null,"suggestion_applicability":null,"expansion":null}],"children":[{"message":"the trait `TryFromVal<Env, soroban_sdk::Val>` is not implemented for `PaymentRecord`","code":null,"level":"help","spans":[{"file_name":"contracts/payment_executor/src/lib.rs","byte_start":158,"byte_end":182,"line_start":8,"line_end":8,"column_start":1,"column_end":25,"is_primary":true,"text":[{"text":"pub struct PaymentRecord {","highlight_start":1,"highlight_end":25}],"label":null,"suggested_replacement":null,"suggestion_applicability":null,"expansion":null}],"children":[],"rendered":null},{"message":"the following other types implement trait `TryFromVal<E, V>`:\n  `()` implements `TryFromVal<E, [soroban_sdk::Val; 0]>`\n  `()` implements `TryFromVal<E, soroban_sdk::Val>`\n  `()` implements `TryFromVal<Env, ()>`\n  `(T0, T1)` implements `TryFromVal<E, [soroban_sdk::Val; N]>`\n  `(T0, T1)` implements `TryFromVal<E, soroban_sdk::Val>`\n  `(T0, T1, T2)` implements `TryFromVal<E, [soroban_sdk::Val; N]>`\n  `(T0, T1, T2)` implements `TryFromVal<E, soroban_sdk::Val>`\n  `(T0, T1, T2, T3)` implements `TryFromVal<E, [soroban_sdk::Val; N]>`\nand 367 others","code":null,"level":"help","spans":[],"children":[],"rendered":null},{"message":"required by a bound in `soroban_sdk::Vec::<T>::new`","code":null,"level":"note","spans":[{"file_name":"/Users/romeoscript/.cargo/registry/src/index.crates.io-1949cf8c6b5b557f/soroban-sdk-21.7.7/src/vec.rs","byte_start":9122,"byte_end":9125,"line_start":353,"line_end":353,"column_start":12,"column_end":15,"is_primary":false,"text":[{"text":"    pub fn new(env: &Env) -> Vec<T> {","highlight_start":12,"highlight_end":15}],"label":"required by a bound in this associated function","suggested_replacement":null,"suggestion_applicability":null,"expansion":null},{"file_name":"/Users/romeoscript/.cargo/registry/src/index.crates.io-1949cf8c6b5b557f/soroban-sdk-21.7.7/src/vec.rs","byte_start":9036,"byte_end":9056,"line_start":349,"line_end":349,"column_start":28,"column_end":48,"is_primary":true,"text":[{"text":"    T: IntoVal<Env, Val> + TryFromVal<Env, Val>,","highlight_start":28,"highlight_end":48}],"label":"required by this bound in `Vec::<T>::new`","suggested_replacement":null,"suggestion_applicability":null,"expansion":null}],"children":[],"rendered":null},{"message":"the full name for the type has been written to '/Users/romeoscript/Downloads/zk-payroll/zk-payroll-contracts/target/debug/deps/payment_executor-6fb4023676d29e45.long-type-15881765493002734709.txt'","code":null,"level":"note","spans":[],"children":[],"rendered":null},{"message":"consider using `--verbose` to print the full type name to the console","code":null,"level":"note","spans":[],"children":[],"rendered":null}],"rendered":"\u001b[1m\u001b[91merror[E0277]\u001b[0m\u001b[1m: the trait bound `PaymentRecord: TryFromVal<Env, soroban_sdk::Val>` is not satisfied\u001b[0m\n   \u001b[1m\u001b[94m--> \u001b[0mcontracts/payment_executor/src/lib.rs:157:27\n    \u001b[1m\u001b[94m|\u001b[0m\n\u001b[1m\u001b[94m157\u001b[0m \u001b[1m\u001b[94m|\u001b[0m         let mut records = soroban_sdk::Vec::new(&env);\n    \u001b[1m\u001b[94m|\u001b[0m                           \u001b[1m\u001b[91m^^^^^^^^^^^^^^^^^^^^^^^^^^^\u001b[0m \u001b[1m\u001b[91munsatisfied trait bound\u001b[0m\n    \u001b[1m\u001b[94m|\u001b[0m\n\u001b[1m\u001b[96mhelp\u001b[0m: the trait `TryFromVal<Env, soroban_sdk::Val>` is not implemented for `PaymentRecord`\n   \u001b[1m\u001b[94m--> \u001b[0mcontracts/payment_executor/src/lib.rs:8:1\n    \u001b[1m\u001b[94m|\u001b[0m\n  \u001b[1m\u001b[94m8\u001b[0m \u001b[1m\u001b[94m|\u001b[0m pub struct PaymentRecord {\n    \u001b[1m\u001b[94m|\u001b[0m \u001b[1m\u001b[96m^^^^^^^^^^^^^^^^^^^^^^^^\u001b[0m\n    \u001b[1m\u001b[94m= \u001b[0m\u001b[1mhelp\u001b[0m: the following other types implement trait `TryFromVal<E, V>`:\n              `()` implements `TryFromVal<E, [soroban_sdk::Val; 0]>`\n              `()` implements `TryFromVal<E, soroban_sdk::Val>`\n              `()` implements `TryFromVal<Env, ()>`\n              `(T0, T1)` implements `TryFromVal<E, [soroban_sdk::Val; N]>`\n              `(T0, T1)` implements `TryFromVal<E, soroban_sdk::Val>`\n              `(T0, T1, T2)` implements `TryFromVal<E, [soroban_sdk::Val; N]>`\n              `(T0, T1, T2)` implements `TryFromVal<E, soroban_sdk::Val>`\n              `(T0, T1, T2, T3)` implements `TryFromVal<E, [soroban_sdk::Val; N]>`\n            and 367 others\n\u001b[1m\u001b[92mnote\u001b[0m: required by a bound in `soroban_sdk::Vec::<T>::new`\n   \u001b[1m\u001b[94m--> \u001b[0m/Users/romeoscript/.cargo/registry/src/index.crates.io-1949cf8c6b5b557f/soroban-sdk-21.7.7/src/vec.rs:349:28\n    \u001b[1m\u001b[94m|\u001b[0m\n\u001b[1m\u001b[94m349\u001b[0m \u001b[1m\u001b[94m|\u001b[0m     T: IntoVal<Env, Val> + TryFromVal<Env, Val>,\n    \u001b[1m\u001b[94m|\u001b[0m                            \u001b[1m\u001b[92m^^^^^^^^^^^^^^^^^^^^\u001b[0m \u001b[1m\u001b[92mrequired by this bound in `Vec::<T>::new`\u001b[0m\n\u001b[1m\u001b[94m...\u001b[0m\n\u001b[1m\u001b[94m353\u001b[0m \u001b[1m\u001b[94m|\u001b[0m     pub fn new(env: &Env) -> Vec<T> {\n    \u001b[1m\u001b[94m|\u001b[0m            \u001b[1m\u001b[94m---\u001b[0m \u001b[1m\u001b[94mrequired by a bound in this associated function\u001b[0m\n    \u001b[1m\u001b[94m= \u001b[0m\u001b[1mnote\u001b[0m: the full name for the type has been written to '/Users/romeoscript/Downloads/zk-payroll/zk-payroll-contracts/target/debug/deps/payment_executor-6fb4023676d29e45.long-type-15881765493002734709.txt'\n    \u001b[1m\u001b[94m= \u001b[0m\u001b[1mnote\u001b[0m: consider using `--verbose` to print the full type name to the console\n\n"}
{"$message_type":"diagnostic","message":"the trait bound `soroban_sdk::Val: TryFromVal<Env, PaymentRecord>` is not satisfied","code":{"code":"E0277","explanation":"You tried to use a type which doesn't implement some trait in a place which\nexpected that trait.\n\nErroneous code example:\n\n```compile_fail,E0277\n// here we declare the Foo trait with a bar method\ntrait Foo {\n    fn bar(&self);\n}\n\n// we now declare a function which takes an object implementing the Foo trait\nfn some_func<T: Foo>(foo: T) {\n    foo.bar();\n}\n\nfn main() {\n    // we now call the method with the i32 type, which doesn't implement\n    // the Foo trait\n    some_func(5i32); // error: the trait bound `i32 : Foo` is not satisfied\n}\n```\n\nIn order to fix this error, verify that the type you're using does implement\nthe trait. Example:\n\n```\ntrait Foo {\n    fn bar(&self);\n}\n\n// we implement the trait on the i32 type\nimpl Foo for i32 {\n    fn bar(&self) {}\n}\n\nfn some_func<T: Foo>(foo: T) {\n    foo.bar(); // we can now use this method since i32 implements the\n               // Foo trait\n}\n\nfn main() {\n    some_func(5i32); // ok!\n}\n```\n\nOr in a generic context, an erroneous code example would look like:\n\n```compile_fail,E0277\nfn some_func<T>(foo: T) {\n    println!(\"{:?}\", foo); // error: the trait `core::fmt::Debug` is not\n                           //        implemented for the type `T`\n}\n\nfn main() {\n    // We now call the method with the i32 type,\n    // which *does* implement the Debug trait.\n    some_func(5i32);\n}\n```\n\nNote that the error here is in the definition of the generic function. Although\nwe only call it with a parameter that does implement `Debug`, the compiler\nstill rejects the function. It must work with all possible input types. In\norder to make this example compile, we need to restrict the generic type we're\naccepting:\n\n```\nuse std::fmt;\n\n// Restrict the input type to types that implement Debug.\nfn some_func<T: fmt::Debug>(foo: T) {\n    println!(\"{:?}\", foo);\n}\n\nfn main() {\n    // Calling the method is still fine, as i32 implements Debug.\n    some_func(5i32);\n\n    // This would fail to compile now:\n    // struct WithoutDebug;\n    // some_func(WithoutDebug);\n}\n```\n\nRust only looks at the signature of the called function, as such it must\nalready specify all requirements that will be used for every type parameter.\n"},"level":"error","spans":[{"file_name":"contracts/payment_executor/src/lib.rs","byte_start":4998,"byte_end":5025,"line_start":157,"line_end":157,"column_start":27,"column_end":54,"is_primary":true,"text":[{"text":"        let mut records = soroban_sdk::Vec::new(&env);","highlight_start":27,"highlight_end":54}],"label":"the trait `TryFromVal<Env, PaymentRecord>` is not implemented for `soroban_sdk::Val`","suggested_replacement":null,"suggestion_applicability":null,"expansion":null}],"children":[{"message":"the following other types implement trait `TryFromVal<E, V>`:\n  `soroban_sdk::Val` implements `TryFromVal<E, &[u8]>`\n  `soroban_sdk::Val` implements `TryFromVal<E, &str>`\n  `soroban_sdk::Val` implements `TryFromVal<E, ()>`\n  `soroban_sdk::Val` implements `TryFromVal<E, (T0, T1)>`\n  `soroban_sdk::Val` implements `TryFromVal<E, (T0, T1, T2)>`\n  `soroban_sdk::Val` implements `TryFromVal<E, (T0, T1, T2, T3)>`\n  `soroban_sdk::Val` implements `TryFromVal<E, (T0, T1, T2, T3, T4)>`\n  `soroban_sdk::Val` implements `TryFromVal<E, (T0, T1, T2, T3, T4, T5)>`\nand 111 others","code":null,"level":"help","spans":[],"children":[],"rendered":null},{"message":"required for `soroban_sdk::Val` to implement `FromVal<Env, PaymentRecord>`","code":null,"level":"note","spans":[],"children":[],"rendered":null},{"message":"required for `PaymentRecord` to implement `IntoVal<Env, soroban_sdk::Val>`","code":null,"level":"note","spans":[],"children":[],"rendered":null},{"message":"required by a bound in `soroban_sdk::Vec::<T>::new`","code":null,"level":"note","spans":[{"file_name":"/Users/romeoscript/.cargo/registry/src/index.crates.io-1949cf8c6b5b557f/soroban-sdk-21.7.7/src/vec.rs","byte_start":9122,"byte_end":9125,"line_start":353,"line_end":353,"column_start":12,"column_end":15,"is_primary":false,"text":[{"text":"    pub fn new(env: &Env) -> Vec<T> {","highlight_start":12,"highlight_end":15}],"label":"required by a bound in this associated function","suggested_replacement":null,"suggestion_applicability":null,"expansion":null},{"file_name":"/Users/romeoscript/.cargo/registry/src/index.crates.io-1949cf8c6b5b557f/soroban-sdk-21.7.7/src/vec.rs","byte_start":9016,"byte_end":9033,"line_start":349,"line_end":349,"column_start":8,"column_end":25,"is_primary":true,"text":[{"text":"    T: IntoVal<Env, Val> + TryFromVal<Env, Val>,","highlight_start":8,"highlight_end":25}],"label":"required by this bound in `Vec::<T>::new`","suggested_replacement":null,"suggestion_applicability":null,"expansion":null}],"children":[],"rendered":null},{"message":"the full name for the type has been written to '/Users/romeoscript/Downloads/zk-payroll/zk-payroll-contracts/target/debug/deps/payment_executor-6fb4023676d29e45.long-type-18449146755809301.txt'","code":null,"level":"note","spans":[],"children":[],"rendered":null},{"message":"consider using `--verbose` to print the full type name to the console","code":null,"level":"note","spans":[],"children":[],"rendered":null}],"rendered":"\u001b[1m\u001b[91merror[E0277]\u001b[0m\u001b[1m: the trait bound `soroban_sdk::Val: TryFromVal<Env, PaymentRecord>` is not satisfied\u001b[0m\n   \u001b[1m\u001b[94m--> \u001b[0mcontracts/payment_executor/src/lib.rs:157:27\n    \u001b[1m\u001b[94m|\u001b[0m\n\u001b[1m\u001b[94m157\u001b[0m \u001b[1m\u001b[94m|\u001b[0m         let mut records = soroban_sdk::Vec::new(&env);\n    \u001b[1m\u001b[94m|\u001b[0m                           \u001b[1m\u001b[91m^^^^^^^^^^^^^^^^^^^^^^^^^^^\u001b[0m \u001b[1m\u001b[91mthe trait `TryFromVal<Env, PaymentRecord>` is not implemented for `soroban_sdk::Val`\u001b[0m\n    \u001b[1m\u001b[94m|\u001b[0m\n    \u001b[1m\u001b[94m= \u001b[0m\u001b[1mhelp\u001b[0m: the following other types implement trait `TryFromVal<E, V>`:\n              `soroban_sdk::Val` implements `TryFromVal<E, &[u8]>`\n              `soroban_sdk::Val` implements `TryFromVal<E, &str>`\n              `soroban_sdk::Val` implements `TryFromVal<E, ()>`\n              `soroban_sdk::Val` implements `TryFromVal<E, (T0, T1)>`\n              `soroban_sdk::Val` implements `TryFromVal<E, (T0, T1, T2)>`\n              `soroban_sdk::Val` implements `TryFromVal<E, (T0, T1, T2, T3)>`\n              `soroban_sdk::Val` implements `TryFromVal<E, (T0, T1, T2, T3, T4)>`\n              `soroban_sdk::Val` implements `TryFromVal<E, (T0, T1, T2, T3, T4, T5)>`\n            and 111 others\n    \u001b[1m\u001b[94m= \u001b[0m\u001b[1mnote\u001b[0m: required for `soroban_sdk::Val` to implement `FromVal<Env, PaymentRecord>`\n    \u001b[1m\u001b[94m= \u001b[0m\u001b[1mnote\u001b[0m: required for `PaymentRecord` to implement `IntoVal<Env, soroban_sdk::Val>`\n\u001b[1m\u001b[92mnote\u001b[0m: required by a bound in `soroban_sdk::Vec::<T>::new`\n   \u001b[1m\u001b[94m--> \u001b[0m/Users/romeoscript/.cargo/registry/src/index.crates.io-1949cf8c6b5b557f/soroban-sdk-21.7.7/src/vec.rs:349:8\n    \u001b[1m\u001b[94m|\u001b[0m\n\u001b[1m\u001b[94m349\u001b[0m \u001b[1m\u001b[94m|\u001b[0m     T: IntoVal<Env, Val> + TryFromVal<Env, Val>,\n    \u001b[1m\u001b[94m|\u001b[0m        \u001b[1m\u001b[92m^^^^^^^^^^^^^^^^^\u001b[0m \u001b[1m\u001b[92mrequired by this bound in `Vec::<T>::new`\u001b[0m\n\u001b[1m\u001b[94m...\u001b[0m\n\u001b[1m\u001b[94m353\u001b[0m \u001b[1m\u001b[94m|\u001b[0m     pub fn new(env: &Env) -> Vec<T> {\n    \u001b[1m\u001b[94m|\u001b[0m            \u001b[1m\u001b[94m---\u001b[0m \u001b[1m\u001b[94mrequired by a bound in this associated function\u001b[0m\n    \u001b[1m\u001b[94m= \u001b[0m\u001b[1mnote\u001b[0m: the full name for the type has been written to '/Users/romeoscript/Downloads/zk-payroll/zk-payroll-contracts/target/debug/deps/payment_executor-6fb4023676d29e45.long-type-18449146755809301.txt'\n    \u001b[1m\u001b[94m= \u001b[0m\u001b[1mnote\u001b[0m: consider using `--verbose` to print the full type name to the console\n\n"}
{"$message_type":"diagnostic","message":"the trait bound `PaymentRecord: TryFromVal<Env, soroban_sdk::Val>` is not satisfied","code":{"code":"E0277","explanation":"You tried to use a type which doesn't implement some trait in a place which\nexpected that trait.\n\nErroneous code example:\n\n```compile_fail,E0277\n// here we declare the Foo trait with a bar method\ntrait Foo {\n    fn bar(&self);\n}\n\n// we now declare a function which takes an object implementing the Foo trait\nfn some_func<T: Foo>(foo: T) {\n    foo.bar();\n}\n\nfn main() {\n    // we now call the method with the i32 type, which doesn't implement\n    // the Foo trait\n    some_func(5i32); // error: the trait bound `i32 : Foo` is not satisfied\n}\n```\n\nIn order to fix this error, verify that the type you're using does implement\nthe trait. Example:\n\n```\ntrait Foo {\n    fn bar(&self);\n}\n\n// we implement the trait on the i32 type\nimpl Foo for i32 {\n    fn bar(&self) {}\n}\n\nfn some_func<T: Foo>(foo: T) {\n    foo.bar(); // we can now use this method since i32 implements the\n               // Foo trait\n}\n\nfn main() {\n    some_func(5i32); // ok!\n}\n```\n\nOr in a generic context, an erroneous code example would look like:\n\n```compile_fail,E0277\nfn some_func<T>(foo: T) {\n    println!(\"{:?}\", foo); // error: the trait `core::fmt::Debug` is not\n                           //        implemented for the type `T`\n}\n\nfn main() {\n    // We now call the method with the i32 type,\n    // which *does* implement the Debug trait.\n    some_func(5i32);\n}\n```\n\nNote that the error here is in the definition of the generic function. Although\nwe only call it with a parameter that does implement `Debug`, the compiler\nstill rejects the function. It must work with all possible input types. In\norder to make this example compile, we need to restrict the generic type we're\naccepting:\n\n```\nuse std::fmt;\n\n// Restrict the input type to types that implement Debug.\nfn some_func<T: fmt::Debug>(foo: T) {\n    println!(\"{:?}\", foo);\n}\n\nfn main() {\n    // Calling the method is still fine, as i32 implements Debug.\n    some_func(5i32);\n\n    // This would fail to compile now:\n    // struct WithoutDebug;\n    // some_func(WithoutDebug);\n}\n```\n\nRust only looks at the signature of the called function, as such it must\nalready specify all requirements that will be used for every type parameter.\n"},"level":"error","spans":[{"file_name":"contracts/payment_executor/src/lib.rs","byte_start":5761,"byte_end":5764,"line_start":182,"line_end":182,"column_start":14,"column_end":17,"is_primary":true,"text":[{"text":"            .get(&key)","highlight_start":14,"highlight_end":17}],"label":"unsatisfied trait bound","suggested_replacement":null,"suggestion_applicability":null,"expansion":null}],"children":[{"message":"the trait `TryFromVal<Env, soroban_sdk::Val>` is not implemented for `PaymentRecord`","code":null,"level":"help","spans":[{"file_name":"contracts/payment_executor/src/lib.rs","byte_start":158,"byte_end":182,"line_start":8,"line_end":8,"column_start":1,"column_end":25,"is_primary":true,"text":[{"text":"pub struct PaymentRecord {","highlight_start":1,"highlight_end":25}],"label":null,"suggested_replacement":null,"suggestion_applicability":null,"expansion":null}],"children":[],"rendered":null},{"message":"the following other types implement trait `TryFromVal<E, V>`:\n  `()` implements `TryFromVal<E, [soroban_sdk::Val; 0]>`\n  `()` implements `TryFromVal<E, soroban_sdk::Val>`\n  `()` implements `TryFromVal<Env, ()>`\n  `(T0, T1)` implements `TryFromVal<E, [soroban_sdk::Val; N]>`\n  `(T0, T1)` implements `TryFromVal<E, soroban_sdk::Val>`\n  `(T0, T1, T2)` implements `TryFromVal<E, [soroban_sdk::Val; N]>`\n  `(T0, T1, T2)` implements `TryFromVal<E, soroban_sdk::Val>`\n  `(T0, T1, T2, T3)` implements `TryFromVal<E, [soroban_sdk::Val; N]>`\nand 367 others","code":null,"level":"help","spans":[],"children":[],"rendered":null},{"message":"required by a bound in `soroban_sdk::storage::Persistent::get`","code":null,"level":"note","spans":[{"file_name":"/Users/romeoscript/.cargo/registry/src/index.crates.io-1949cf8c6b5b557f/soroban-sdk-21.7.7/src/storage.rs","byte_start":10752,"byte_end":10755,"line_start":313,"line_end":313,"column_start":12,"column_end":15,"is_primary":false,"text":[{"text":"    pub fn get<K, V>(&self, key: &K) -> Option<V>","highlight_start":12,"highlight_end":15}],"label":"required by a bound in this associated function","suggested_replacement":null,"suggestion_applicability":null,"expansion":null},{"file_name":"/Users/romeoscript/.cargo/registry/src/index.crates.io-1949cf8c6b5b557f/soroban-sdk-21.7.7/src/storage.rs","byte_start":10867,"byte_end":10887,"line_start":317,"line_end":317,"column_start":12,"column_end":32,"is_primary":true,"text":[{"text":"        V: TryFromVal<Env, Val>,","highlight_start":12,"highlight_end":32}],"label":"required by this bound in `Persistent::get`","suggested_replacement":null,"suggestion_applicability":null,"expansion":null}],"children":[],"rendered":null},{"message":"the full name for the type has been written to '/Users/romeoscript/Downloads/zk-payroll/zk-payroll-contracts/target/debug/deps/payment_executor-6fb4023676d29e45.long-type-15881765493002734709.txt'","code":null,"level":"note","spans":[],"children":[],"rendered":null},{"message":"consider using `--verbose` to print the full type name to the console","code":null,"level":"note","spans":[],"children":[],"rendered":null}],"rendered":"\u001b[1m\u001b[91merror[E0277]\u001b[0m\u001b[1m: the trait bound `PaymentRecord: TryFromVal<Env, soroban_sdk::Val>` is not satisfied\u001b[0m\n   \u001b[1m\u001b[94m--> \u001b[0mcontracts/payment_executor/src/lib.rs:182:14\n    \u001b[1m\u001b[94m|\u001b[0m\n\u001b[1m\u001b[94m182\u001b[0m \u001b[1m\u001b[94m|\u001b[0m             .get(&key)\n    \u001b[1m\u001b[94m|\u001b[0m              \u001b[1m\u001b[91m^^^\u001b[0m \u001b[1m\u001b[91munsatisfied trait bound\u001b[0m\n    \u001b[1m\u001b[94m|\u001b[0m\n\u001b[1m\u001b[96mhelp\u001b[0m: the trait `TryFromVal<Env, soroban_sdk::Val>` is not implemented for `PaymentRecord`\n   \u001b[1m\u001b[94m--> \u001b[0mcontracts/payment_executor/src/lib.rs:8:1\n    \u001b[1m\u001b[94m|\u001b[0m\n  \u001b[1m\u001b[94m8\u001b[0m \u001b[1m\u001b[94m|\u001b[0m pub struct PaymentRecord {\n    \u001b[1m\u001b[94m|\u001b[0m \u001b[1m\u001b[96m^^^^^^^^^^^^^^^^^^^^^^^^\u001b[0m\n    \u001b[1m\u001b[94m= \u001b[0m\u001b[1mhelp\u001b[0m: the following other types implement trait `TryFromVal<E, V>`:\n              `()` implements `TryFromVal<E, [soroban_sdk::Val; 0]>`\n              `()` implements `TryFromVal<E, soroban_sdk::Val>`\n              `()` implements `TryFromVal<Env, ()>`\n              `(T0, T1)` implements `TryFromVal<E, [soroban_sdk::Val; N]>`\n              `(T0, T1)` implements `TryFromVal<E, soroban_sdk::Val>`\n              `(T0, T1, T2)` implements `TryFromVal<E, [soroban_sdk::Val; N]>`\n              `(T0, T1, T2)` implements `TryFromVal<E, soroban_sdk::Val>`\n              `(T0, T1, T2, T3)` implements `TryFromVal<E, [soroban_sdk::Val; N]>`\n            and 367 others\n\u001b[1m\u001b[92mnote\u001b[0m: required by a bound in `soroban_sdk::storage::Persistent::get`\n   \u001b[1m\u001b[94m--> \u001b[0m/Users/romeoscript/.cargo/registry/src/index.crates.io-1949cf8c6b5b557f/soroban-sdk-21.7.7/src/storage.rs:317:12\n    \u001b[1m\u001b[94m|\u001b[0m\n\u001b[1m\u001b[94m313\u001b[0m \u001b[1m\u001b[94m|\u001b[0m     pub fn get<K, V>(&self, key: &K) -> Option<V>\n    \u001b[1m\u001b[94m|\u001b[0m            \u001b[1m\u001b[94m---\u001b[0m \u001b[1m\u001b[94mrequired by a bound in this associated function\u001b[0m\n\u001b[1m\u001b[94m...\u001b[0m\n\u001b[1m\u001b[94m317\u001b[0m \u001b[1m\u001b[94m|\u001b[0m         V: TryFromVal<Env, Val>,\n    \u001b[1m\u001b[94m|\u001b[0m            \u001b[1m\u001b[92m^^^^^^^^^^^^^^^^^^^^\u001b[0m \u001b[1m\u001b[92mrequired by this bound in `Persistent::get`\u001b[0m\n    \u001b[1m\u001b[94m= \u001b[0m\u001b[1mnote\u001b[0m: the full name for the type has been written to '/Users/romeoscript/Downloads/zk-payroll/zk-payroll-contracts/target/debug/deps/payment_executor-6fb4023676d29e45.long-type-15881765493002734709.txt'\n    \u001b[1m\u001b[94m= \u001b[0m\u001b[1mnote\u001b[0m: consider using `--verbose` to print the full type name to the console\n\n"}
{"$message_type":"diagnostic","message":"aborting due to 11 previous errors","code":null,"level":"error","spans":[],"children":[],"rendered":"\u001b[1m\u001b[91merror\u001b[0m\u001b[1m: aborting due to 11 previous errors\u001b[0m\n\n"}
{"$message_type":"diagnostic","message":"For more information about this error, try `rustc --explain E0277`.","code":null,"level":"failure-note","spans":[],"children":[],"rendered":"\u001b[1mFor more information about this error, try `rustc --explain E0277`.\u001b[0m\n"}
